-- The C compiler identification is GNU 11.4.0
-- The CXX compiler identification is GNU 11.4.0
-- Detecting C compiler ABI info
-- Detecting C compiler ABI info - done
-- Check for working C compiler: /usr/bin/cc - skipped
-- Detecting C compile features
-- Detecting C compile features - done
-- Detecting CXX compiler ABI info
-- Detecting CXX compiler ABI info - done
-- Check for working CXX compiler: /usr/bin/c++ - skipped
-- Detecting CXX compile features
-- Detecting CXX compile features - done
-- Found ament_cmake: 1.3.8 (/home/johannes/ros2_humble/install/ament_cmake/share/ament_cmake/cmake)
-- Found Python3: /usr/bin/python3 (found version "3.10.12") found components: Interpreter 
-- Found std_msgs: 4.2.3 (/home/johannes/ros2_humble/install/std_msgs/share/std_msgs/cmake)
-- Found rosidl_generator_c: 3.1.5 (/home/johannes/ros2_humble/install/rosidl_generator_c/share/rosidl_generator_c/cmake)
-- Found rosidl_adapter: 3.1.5 (/home/johannes/ros2_humble/install/rosidl_adapter/share/rosidl_adapter/cmake)
-- Found rosidl_generator_cpp: 3.1.5 (/home/johannes/ros2_humble/install/rosidl_generator_cpp/share/rosidl_generator_cpp/cmake)
-- Using all available rosidl_typesupport_c: rosidl_typesupport_introspection_c;rosidl_typesupport_fastrtps_c
-- Using all available rosidl_typesupport_cpp: rosidl_typesupport_introspection_cpp;rosidl_typesupport_fastrtps_cpp
-- Found rosidl_default_generators: 1.2.0 (/home/johannes/ros2_humble/install/rosidl_default_generators/share/rosidl_default_generators/cmake)
-- Found ament_cmake_ros: 0.10.0 (/home/johannes/ros2_humble/install/ament_cmake_ros/share/ament_cmake_ros/cmake)
-- Using all available rosidl_typesupport_c: rosidl_typesupport_introspection_c;rosidl_typesupport_fastrtps_c
-- Using all available rosidl_typesupport_cpp: rosidl_typesupport_introspection_cpp;rosidl_typesupport_fastrtps_cpp
-- Found PythonInterp: /usr/bin/python3 (found suitable version "3.10.12", minimum required is "3.6") 
-- Found python_cmake_module: 0.10.0 (/home/johannes/ros2_humble/install/python_cmake_module/share/python_cmake_module/cmake)
-- Found PythonLibs: /usr/lib/x86_64-linux-gnu/libpython3.10.so (found suitable version "3.10.12", minimum required is "3.5") 
-- Using PYTHON_EXECUTABLE: /usr/bin/python3
-- Using PYTHON_INCLUDE_DIRS: /usr/include/python3.10
-- Using PYTHON_LIBRARIES: /usr/lib/x86_64-linux-gnu/libpython3.10.so
-- Found PythonExtra: .so  
-- Found ament_lint_auto: 0.12.10 (/home/johannes/ros2_humble/install/ament_lint_auto/share/ament_lint_auto/cmake)
-- Added test 'lint_cmake' to check CMake code style
-- Added test 'xmllint' to check XML markup files
-- Configuring done
-- Generating done
-- Build files have been written to: /home/johannes/PUM-04/build/lidar_data
[  3%] [34m[1mGenerating C code for ROS interfaces[0m
[  6%] [34m[1mGenerating C++ code for ROS interfaces[0m
[  6%] Built target lidar_data__cpp
[  9%] [32mBuilding C object CMakeFiles/lidar_data__rosidl_generator_c.dir/rosidl_generator_c/lidar_data/msg/detail/lidar_data__functions.c.o[0m
[  9%] Built target ament_cmake_python_copy_lidar_data
[ 12%] [32m[1mLinking C shared library liblidar_data__rosidl_generator_c.so[0m
[ 16%] [34m[1mGenerating C++ introspection for ROS interfaces[0m
[ 16%] Built target lidar_data__rosidl_generator_c
[ 19%] [34m[1mGenerating C++ type support dispatch for ROS interfaces[0m
[ 22%] [32mBuilding CXX object CMakeFiles/lidar_data__rosidl_typesupport_introspection_cpp.dir/rosidl_typesupport_introspection_cpp/lidar_data/msg/detail/lidar_data__type_support.cpp.o[0m
[ 25%] [32mBuilding CXX object CMakeFiles/lidar_data__rosidl_typesupport_cpp.dir/rosidl_typesupport_cpp/lidar_data/msg/lidar_data__type_support.cpp.o[0m
[ 29%] [32m[1mLinking CXX shared library liblidar_data__rosidl_typesupport_cpp.so[0m
[ 29%] Built target lidar_data__rosidl_typesupport_cpp
[ 35%] [34m[1mGenerating C++ type support for eProsima Fast-RTPS[0m
[ 35%] [32m[1mLinking CXX shared library liblidar_data__rosidl_typesupport_introspection_cpp.so[0m
[ 35%] Built target lidar_data__rosidl_typesupport_introspection_cpp
[ 38%] [32mBuilding CXX object CMakeFiles/lidar_data__rosidl_typesupport_fastrtps_cpp.dir/rosidl_typesupport_fastrtps_cpp/lidar_data/msg/detail/dds_fastrtps/lidar_data__type_support.cpp.o[0m
running egg_info
creating lidar_data.egg-info
writing lidar_data.egg-info/PKG-INFO
writing dependency_links to lidar_data.egg-info/dependency_links.txt
writing top-level names to lidar_data.egg-info/top_level.txt
writing manifest file 'lidar_data.egg-info/SOURCES.txt'
reading manifest file 'lidar_data.egg-info/SOURCES.txt'
writing manifest file 'lidar_data.egg-info/SOURCES.txt'
[ 38%] Built target ament_cmake_python_build_lidar_data_egg
[ 41%] [32m[1mLinking CXX shared library liblidar_data__rosidl_typesupport_fastrtps_cpp.so[0m
[ 45%] [34m[1mGenerating C introspection for ROS interfaces[0m
[ 45%] Built target lidar_data__rosidl_typesupport_fastrtps_cpp
[ 48%] [34m[1mGenerating C type support for eProsima Fast-RTPS[0m
[ 51%] [32mBuilding C object CMakeFiles/lidar_data__rosidl_typesupport_introspection_c.dir/rosidl_typesupport_introspection_c/lidar_data/msg/detail/lidar_data__type_support.c.o[0m
[ 54%] [32m[1mLinking C shared library liblidar_data__rosidl_typesupport_introspection_c.so[0m
[ 58%] [32mBuilding CXX object CMakeFiles/lidar_data__rosidl_typesupport_fastrtps_c.dir/rosidl_typesupport_fastrtps_c/lidar_data/msg/detail/lidar_data__type_support_c.cpp.o[0m
[ 58%] Built target lidar_data__rosidl_typesupport_introspection_c
[ 61%] [34m[1mGenerating C type support dispatch for ROS interfaces[0m
[ 64%] [32m[1mLinking CXX shared library liblidar_data__rosidl_typesupport_fastrtps_c.so[0m
[ 64%] Built target lidar_data__rosidl_typesupport_fastrtps_c
[ 67%] [32mBuilding CXX object CMakeFiles/lidar_data__rosidl_typesupport_c.dir/rosidl_typesupport_c/lidar_data/msg/lidar_data__type_support.cpp.o[0m
[ 70%] [32m[1mLinking CXX shared library liblidar_data__rosidl_typesupport_c.so[0m
[ 70%] Built target lidar_data__rosidl_typesupport_c
[ 70%] Built target lidar_data
[ 74%] [34m[1mGenerating Python code for ROS interfaces[0m
[ 74%] Built target lidar_data__py
[ 77%] [32mBuilding C object CMakeFiles/lidar_data__rosidl_generator_py.dir/rosidl_generator_py/lidar_data/msg/_lidar_data_s.c.o[0m
[ 80%] [32m[1mLinking C shared library rosidl_generator_py/lidar_data/liblidar_data__rosidl_generator_py.so[0m
[ 80%] Built target lidar_data__rosidl_generator_py
[ 83%] [32mBuilding C object CMakeFiles/lidar_data__rosidl_typesupport_introspection_c__pyext.dir/rosidl_generator_py/lidar_data/_lidar_data_s.ep.rosidl_typesupport_introspection_c.c.o[0m
[ 87%] [32mBuilding C object CMakeFiles/lidar_data__rosidl_typesupport_fastrtps_c__pyext.dir/rosidl_generator_py/lidar_data/_lidar_data_s.ep.rosidl_typesupport_fastrtps_c.c.o[0m
[ 90%] [32m[1mLinking C shared library rosidl_generator_py/lidar_data/lidar_data_s__rosidl_typesupport_introspection_c.cpython-310-x86_64-linux-gnu.so[0m
[ 93%] [32m[1mLinking C shared library rosidl_generator_py/lidar_data/lidar_data_s__rosidl_typesupport_fastrtps_c.cpython-310-x86_64-linux-gnu.so[0m
[ 93%] Built target lidar_data__rosidl_typesupport_introspection_c__pyext
[ 93%] Built target lidar_data__rosidl_typesupport_fastrtps_c__pyext
[ 96%] [32mBuilding C object CMakeFiles/lidar_data__rosidl_typesupport_c__pyext.dir/rosidl_generator_py/lidar_data/_lidar_data_s.ep.rosidl_typesupport_c.c.o[0m
[100%] [32m[1mLinking C shared library rosidl_generator_py/lidar_data/lidar_data_s__rosidl_typesupport_c.cpython-310-x86_64-linux-gnu.so[0m
[100%] Built target lidar_data__rosidl_typesupport_c__pyext
-- Install configuration: ""
-- Installing: /home/johannes/PUM-04/install/lidar_data/share/ament_index/resource_index/rosidl_interfaces/lidar_data
-- Installing: /home/johannes/PUM-04/install/lidar_data/include/lidar_data/lidar_data
-- Installing: /home/johannes/PUM-04/install/lidar_data/include/lidar_data/lidar_data/msg
-- Installing: /home/johannes/PUM-04/install/lidar_data/include/lidar_data/lidar_data/msg/rosidl_generator_c__visibility_control.h
-- Installing: /home/johannes/PUM-04/install/lidar_data/include/lidar_data/lidar_data/msg/detail
-- Installing: /home/johannes/PUM-04/install/lidar_data/include/lidar_data/lidar_data/msg/detail/lidar_data__type_support.h
-- Installing: /home/johannes/PUM-04/install/lidar_data/include/lidar_data/lidar_data/msg/detail/lidar_data__functions.h
-- Installing: /home/johannes/PUM-04/install/lidar_data/include/lidar_data/lidar_data/msg/detail/lidar_data__functions.c
-- Installing: /home/johannes/PUM-04/install/lidar_data/include/lidar_data/lidar_data/msg/detail/lidar_data__struct.h
-- Installing: /home/johannes/PUM-04/install/lidar_data/include/lidar_data/lidar_data/msg/lidar_data.h
-- Installing: /home/johannes/PUM-04/install/lidar_data/share/lidar_data/environment/library_path.sh
-- Installing: /home/johannes/PUM-04/install/lidar_data/share/lidar_data/environment/library_path.dsv
-- Installing: /home/johannes/PUM-04/install/lidar_data/lib/liblidar_data__rosidl_generator_c.so
-- Set runtime path of "/home/johannes/PUM-04/install/lidar_data/lib/liblidar_data__rosidl_generator_c.so" to ""
-- Up-to-date: /home/johannes/PUM-04/install/lidar_data/include/lidar_data/lidar_data
-- Up-to-date: /home/johannes/PUM-04/install/lidar_data/include/lidar_data/lidar_data/msg
-- Up-to-date: /home/johannes/PUM-04/install/lidar_data/include/lidar_data/lidar_data/msg/detail
-- Installing: /home/johannes/PUM-04/install/lidar_data/include/lidar_data/lidar_data/msg/detail/lidar_data__rosidl_typesupport_fastrtps_c.h
-- Installing: /home/johannes/PUM-04/install/lidar_data/include/lidar_data/lidar_data/msg/rosidl_typesupport_fastrtps_c__visibility_control.h
-- Installing: /home/johannes/PUM-04/install/lidar_data/lib/liblidar_data__rosidl_typesupport_fastrtps_c.so
-- Set runtime path of "/home/johannes/PUM-04/install/lidar_data/lib/liblidar_data__rosidl_typesupport_fastrtps_c.so" to ""
-- Up-to-date: /home/johannes/PUM-04/install/lidar_data/include/lidar_data/lidar_data
-- Up-to-date: /home/johannes/PUM-04/install/lidar_data/include/lidar_data/lidar_data/msg
-- Installing: /home/johannes/PUM-04/install/lidar_data/include/lidar_data/lidar_data/msg/lidar_data.hpp
-- Up-to-date: /home/johannes/PUM-04/install/lidar_data/include/lidar_data/lidar_data/msg/detail
-- Installing: /home/johannes/PUM-04/install/lidar_data/include/lidar_data/lidar_data/msg/detail/lidar_data__traits.hpp
-- Installing: /home/johannes/PUM-04/install/lidar_data/include/lidar_data/lidar_data/msg/detail/lidar_data__struct.hpp
-- Installing: /home/johannes/PUM-04/install/lidar_data/include/lidar_data/lidar_data/msg/detail/lidar_data__builder.hpp
-- Up-to-date: /home/johannes/PUM-04/install/lidar_data/include/lidar_data/lidar_data
-- Up-to-date: /home/johannes/PUM-04/install/lidar_data/include/lidar_data/lidar_data/msg
-- Installing: /home/johannes/PUM-04/install/lidar_data/include/lidar_data/lidar_data/msg/rosidl_typesupport_fastrtps_cpp__visibility_control.h
-- Up-to-date: /home/johannes/PUM-04/install/lidar_data/include/lidar_data/lidar_data/msg/detail
-- Installing: /home/johannes/PUM-04/install/lidar_data/include/lidar_data/lidar_data/msg/detail/lidar_data__rosidl_typesupport_fastrtps_cpp.hpp
-- Installing: /home/johannes/PUM-04/install/lidar_data/include/lidar_data/lidar_data/msg/detail/dds_fastrtps
-- Installing: /home/johannes/PUM-04/install/lidar_data/lib/liblidar_data__rosidl_typesupport_fastrtps_cpp.so
-- Set runtime path of "/home/johannes/PUM-04/install/lidar_data/lib/liblidar_data__rosidl_typesupport_fastrtps_cpp.so" to ""
-- Up-to-date: /home/johannes/PUM-04/install/lidar_data/include/lidar_data/lidar_data
-- Up-to-date: /home/johannes/PUM-04/install/lidar_data/include/lidar_data/lidar_data/msg
-- Up-to-date: /home/johannes/PUM-04/install/lidar_data/include/lidar_data/lidar_data/msg/detail
-- Installing: /home/johannes/PUM-04/install/lidar_data/include/lidar_data/lidar_data/msg/detail/lidar_data__type_support.c
-- Installing: /home/johannes/PUM-04/install/lidar_data/include/lidar_data/lidar_data/msg/detail/lidar_data__rosidl_typesupport_introspection_c.h
-- Installing: /home/johannes/PUM-04/install/lidar_data/include/lidar_data/lidar_data/msg/rosidl_typesupport_introspection_c__visibility_control.h
-- Installing: /home/johannes/PUM-04/install/lidar_data/lib/liblidar_data__rosidl_typesupport_introspection_c.so
-- Set runtime path of "/home/johannes/PUM-04/install/lidar_data/lib/liblidar_data__rosidl_typesupport_introspection_c.so" to ""
-- Installing: /home/johannes/PUM-04/install/lidar_data/lib/liblidar_data__rosidl_typesupport_c.so
-- Set runtime path of "/home/johannes/PUM-04/install/lidar_data/lib/liblidar_data__rosidl_typesupport_c.so" to ""
-- Up-to-date: /home/johannes/PUM-04/install/lidar_data/include/lidar_data/lidar_data
-- Up-to-date: /home/johannes/PUM-04/install/lidar_data/include/lidar_data/lidar_data/msg
-- Up-to-date: /home/johannes/PUM-04/install/lidar_data/include/lidar_data/lidar_data/msg/detail
-- Installing: /home/johannes/PUM-04/install/lidar_data/include/lidar_data/lidar_data/msg/detail/lidar_data__rosidl_typesupport_introspection_cpp.hpp
-- Installing: /home/johannes/PUM-04/install/lidar_data/include/lidar_data/lidar_data/msg/detail/lidar_data__type_support.cpp
-- Installing: /home/johannes/PUM-04/install/lidar_data/lib/liblidar_data__rosidl_typesupport_introspection_cpp.so
-- Set runtime path of "/home/johannes/PUM-04/install/lidar_data/lib/liblidar_data__rosidl_typesupport_introspection_cpp.so" to ""
-- Installing: /home/johannes/PUM-04/install/lidar_data/lib/liblidar_data__rosidl_typesupport_cpp.so
-- Set runtime path of "/home/johannes/PUM-04/install/lidar_data/lib/liblidar_data__rosidl_typesupport_cpp.so" to ""
-- Installing: /home/johannes/PUM-04/install/lidar_data/share/lidar_data/environment/pythonpath.sh
-- Installing: /home/johannes/PUM-04/install/lidar_data/share/lidar_data/environment/pythonpath.dsv
-- Installing: /home/johannes/PUM-04/install/lidar_data/local/lib/python3.10/dist-packages/lidar_data-0.0.0-py3.10.egg-info
-- Installing: /home/johannes/PUM-04/install/lidar_data/local/lib/python3.10/dist-packages/lidar_data-0.0.0-py3.10.egg-info/SOURCES.txt
-- Installing: /home/johannes/PUM-04/install/lidar_data/local/lib/python3.10/dist-packages/lidar_data-0.0.0-py3.10.egg-info/PKG-INFO
-- Installing: /home/johannes/PUM-04/install/lidar_data/local/lib/python3.10/dist-packages/lidar_data-0.0.0-py3.10.egg-info/top_level.txt
-- Installing: /home/johannes/PUM-04/install/lidar_data/local/lib/python3.10/dist-packages/lidar_data-0.0.0-py3.10.egg-info/dependency_links.txt
-- Installing: /home/johannes/PUM-04/install/lidar_data/local/lib/python3.10/dist-packages/lidar_data
-- Installing: /home/johannes/PUM-04/install/lidar_data/local/lib/python3.10/dist-packages/lidar_data/_lidar_data_s.ep.rosidl_typesupport_fastrtps_c.c
-- Installing: /home/johannes/PUM-04/install/lidar_data/local/lib/python3.10/dist-packages/lidar_data/msg
-- Installing: /home/johannes/PUM-04/install/lidar_data/local/lib/python3.10/dist-packages/lidar_data/msg/_lidar_data_s.c
-- Installing: /home/johannes/PUM-04/install/lidar_data/local/lib/python3.10/dist-packages/lidar_data/msg/_lidar_data.py
-- Installing: /home/johannes/PUM-04/install/lidar_data/local/lib/python3.10/dist-packages/lidar_data/msg/__init__.py
-- Installing: /home/johannes/PUM-04/install/lidar_data/local/lib/python3.10/dist-packages/lidar_data/_lidar_data_s.ep.rosidl_typesupport_introspection_c.c
-- Installing: /home/johannes/PUM-04/install/lidar_data/local/lib/python3.10/dist-packages/lidar_data/lidar_data_s__rosidl_typesupport_c.cpython-310-x86_64-linux-gnu.so
-- Installing: /home/johannes/PUM-04/install/lidar_data/local/lib/python3.10/dist-packages/lidar_data/liblidar_data__rosidl_generator_py.so
-- Installing: /home/johannes/PUM-04/install/lidar_data/local/lib/python3.10/dist-packages/lidar_data/lidar_data_s__rosidl_typesupport_introspection_c.cpython-310-x86_64-linux-gnu.so
-- Installing: /home/johannes/PUM-04/install/lidar_data/local/lib/python3.10/dist-packages/lidar_data/__init__.py
-- Installing: /home/johannes/PUM-04/install/lidar_data/local/lib/python3.10/dist-packages/lidar_data/_lidar_data_s.ep.rosidl_typesupport_c.c
-- Installing: /home/johannes/PUM-04/install/lidar_data/local/lib/python3.10/dist-packages/lidar_data/lidar_data_s__rosidl_typesupport_fastrtps_c.cpython-310-x86_64-linux-gnu.so
Listing '/home/johannes/PUM-04/install/lidar_data/local/lib/python3.10/dist-packages/lidar_data'...
Compiling '/home/johannes/PUM-04/install/lidar_data/local/lib/python3.10/dist-packages/lidar_data/__init__.py'...
Listing '/home/johannes/PUM-04/install/lidar_data/local/lib/python3.10/dist-packages/lidar_data/msg'...
Compiling '/home/johannes/PUM-04/install/lidar_data/local/lib/python3.10/dist-packages/lidar_data/msg/__init__.py'...
Compiling '/home/johannes/PUM-04/install/lidar_data/local/lib/python3.10/dist-packages/lidar_data/msg/_lidar_data.py'...
-- Installing: /home/johannes/PUM-04/install/lidar_data/local/lib/python3.10/dist-packages/lidar_data/lidar_data_s__rosidl_typesupport_introspection_c.cpython-310-x86_64-linux-gnu.so
-- Set runtime path of "/home/johannes/PUM-04/install/lidar_data/local/lib/python3.10/dist-packages/lidar_data/lidar_data_s__rosidl_typesupport_introspection_c.cpython-310-x86_64-linux-gnu.so" to ""
-- Installing: /home/johannes/PUM-04/install/lidar_data/local/lib/python3.10/dist-packages/lidar_data/lidar_data_s__rosidl_typesupport_fastrtps_c.cpython-310-x86_64-linux-gnu.so
-- Set runtime path of "/home/johannes/PUM-04/install/lidar_data/local/lib/python3.10/dist-packages/lidar_data/lidar_data_s__rosidl_typesupport_fastrtps_c.cpython-310-x86_64-linux-gnu.so" to ""
-- Installing: /home/johannes/PUM-04/install/lidar_data/local/lib/python3.10/dist-packages/lidar_data/lidar_data_s__rosidl_typesupport_c.cpython-310-x86_64-linux-gnu.so
-- Set runtime path of "/home/johannes/PUM-04/install/lidar_data/local/lib/python3.10/dist-packages/lidar_data/lidar_data_s__rosidl_typesupport_c.cpython-310-x86_64-linux-gnu.so" to ""
-- Installing: /home/johannes/PUM-04/install/lidar_data/lib/liblidar_data__rosidl_generator_py.so
-- Set runtime path of "/home/johannes/PUM-04/install/lidar_data/lib/liblidar_data__rosidl_generator_py.so" to ""
-- Installing: /home/johannes/PUM-04/install/lidar_data/share/lidar_data/msg/LidarData.idl
-- Installing: /home/johannes/PUM-04/install/lidar_data/share/lidar_data/msg/LidarData.msg
-- Installing: /home/johannes/PUM-04/install/lidar_data/share/ament_index/resource_index/package_run_dependencies/lidar_data
-- Installing: /home/johannes/PUM-04/install/lidar_data/share/ament_index/resource_index/parent_prefix_path/lidar_data
-- Installing: /home/johannes/PUM-04/install/lidar_data/share/lidar_data/environment/ament_prefix_path.sh
-- Installing: /home/johannes/PUM-04/install/lidar_data/share/lidar_data/environment/ament_prefix_path.dsv
-- Installing: /home/johannes/PUM-04/install/lidar_data/share/lidar_data/environment/path.sh
-- Installing: /home/johannes/PUM-04/install/lidar_data/share/lidar_data/environment/path.dsv
-- Installing: /home/johannes/PUM-04/install/lidar_data/share/lidar_data/local_setup.bash
-- Installing: /home/johannes/PUM-04/install/lidar_data/share/lidar_data/local_setup.sh
-- Installing: /home/johannes/PUM-04/install/lidar_data/share/lidar_data/local_setup.zsh
-- Installing: /home/johannes/PUM-04/install/lidar_data/share/lidar_data/local_setup.dsv
-- Installing: /home/johannes/PUM-04/install/lidar_data/share/lidar_data/package.dsv
-- Installing: /home/johannes/PUM-04/install/lidar_data/share/ament_index/resource_index/packages/lidar_data
-- Installing: /home/johannes/PUM-04/install/lidar_data/share/lidar_data/cmake/export_lidar_data__rosidl_generator_cExport.cmake
-- Installing: /home/johannes/PUM-04/install/lidar_data/share/lidar_data/cmake/export_lidar_data__rosidl_generator_cExport-noconfig.cmake
-- Installing: /home/johannes/PUM-04/install/lidar_data/share/lidar_data/cmake/export_lidar_data__rosidl_typesupport_fastrtps_cExport.cmake
-- Installing: /home/johannes/PUM-04/install/lidar_data/share/lidar_data/cmake/export_lidar_data__rosidl_typesupport_fastrtps_cExport-noconfig.cmake
-- Installing: /home/johannes/PUM-04/install/lidar_data/share/lidar_data/cmake/export_lidar_data__rosidl_generator_cppExport.cmake
-- Installing: /home/johannes/PUM-04/install/lidar_data/share/lidar_data/cmake/export_lidar_data__rosidl_typesupport_fastrtps_cppExport.cmake
-- Installing: /home/johannes/PUM-04/install/lidar_data/share/lidar_data/cmake/export_lidar_data__rosidl_typesupport_fastrtps_cppExport-noconfig.cmake
-- Installing: /home/johannes/PUM-04/install/lidar_data/share/lidar_data/cmake/lidar_data__rosidl_typesupport_introspection_cExport.cmake
-- Installing: /home/johannes/PUM-04/install/lidar_data/share/lidar_data/cmake/lidar_data__rosidl_typesupport_introspection_cExport-noconfig.cmake
-- Installing: /home/johannes/PUM-04/install/lidar_data/share/lidar_data/cmake/lidar_data__rosidl_typesupport_cExport.cmake
-- Installing: /home/johannes/PUM-04/install/lidar_data/share/lidar_data/cmake/lidar_data__rosidl_typesupport_cExport-noconfig.cmake
-- Installing: /home/johannes/PUM-04/install/lidar_data/share/lidar_data/cmake/lidar_data__rosidl_typesupport_introspection_cppExport.cmake
-- Installing: /home/johannes/PUM-04/install/lidar_data/share/lidar_data/cmake/lidar_data__rosidl_typesupport_introspection_cppExport-noconfig.cmake
-- Installing: /home/johannes/PUM-04/install/lidar_data/share/lidar_data/cmake/lidar_data__rosidl_typesupport_cppExport.cmake
-- Installing: /home/johannes/PUM-04/install/lidar_data/share/lidar_data/cmake/lidar_data__rosidl_typesupport_cppExport-noconfig.cmake
-- Installing: /home/johannes/PUM-04/install/lidar_data/share/lidar_data/cmake/export_lidar_data__rosidl_generator_pyExport.cmake
-- Installing: /home/johannes/PUM-04/install/lidar_data/share/lidar_data/cmake/export_lidar_data__rosidl_generator_pyExport-noconfig.cmake
-- Installing: /home/johannes/PUM-04/install/lidar_data/share/lidar_data/cmake/rosidl_cmake-extras.cmake
-- Installing: /home/johannes/PUM-04/install/lidar_data/share/lidar_data/cmake/ament_cmake_export_dependencies-extras.cmake
-- Installing: /home/johannes/PUM-04/install/lidar_data/share/lidar_data/cmake/ament_cmake_export_include_directories-extras.cmake
-- Installing: /home/johannes/PUM-04/install/lidar_data/share/lidar_data/cmake/ament_cmake_export_libraries-extras.cmake
-- Installing: /home/johannes/PUM-04/install/lidar_data/share/lidar_data/cmake/ament_cmake_export_targets-extras.cmake
-- Installing: /home/johannes/PUM-04/install/lidar_data/share/lidar_data/cmake/rosidl_cmake_export_typesupport_targets-extras.cmake
-- Installing: /home/johannes/PUM-04/install/lidar_data/share/lidar_data/cmake/rosidl_cmake_export_typesupport_libraries-extras.cmake
-- Installing: /home/johannes/PUM-04/install/lidar_data/share/lidar_data/cmake/lidar_dataConfig.cmake
-- Installing: /home/johannes/PUM-04/install/lidar_data/share/lidar_data/cmake/lidar_dataConfig-version.cmake
-- Installing: /home/johannes/PUM-04/install/lidar_data/share/lidar_data/package.xml
