[0.049s] Invoking command in '/home/johannes/PUM-04/build/lidar_data': CMAKE_PREFIX_PATH=${CMAKE_PREFIX_PATH}:/home/johannes/ros2_humble/install/rqt_bag_plugins:/home/johannes/ros2_humble/install/rqt_bag:/home/johannes/ros2_humble/install/ros2bag:/home/johannes/ros2_humble/install/tracetools_test:/home/johannes/ros2_humble/install/tracetools_launch:/home/johannes/ros2_humble/install/topic_monitor:/home/johannes/ros2_humble/install/tf2_tools:/home/johannes/ros2_humble/install/examples_tf2_py:/home/johannes/ros2_humble/install/tf2_ros_py:/home/johannes/ros2_humble/install/sros2:/home/johannes/ros2_humble/install/rqt_topic:/home/johannes/ros2_humble/install/rqt_srv:/home/johannes/ros2_humble/install/rqt_shell:/home/johannes/ros2_humble/install/rqt_service_caller:/home/johannes/ros2_humble/install/rqt_reconfigure:/home/johannes/ros2_humble/install/rqt_py_console:/home/johannes/ros2_humble/install/rqt_publisher:/home/johannes/ros2_humble/install/rqt_plot:/home/johannes/ros2_humble/install/rqt_action:/home/johannes/ros2_humble/install/rqt_msg:/home/johannes/ros2_humble/install/rqt_console:/home/johannes/ros2_humble/install/rqt:/home/johannes/ros2_humble/install/rqt_graph:/home/johannes/ros2_humble/install/rqt_gui_py:/home/johannes/ros2_humble/install/rqt_gui:/home/johannes/ros2_humble/install/ros2trace:/home/johannes/ros2_humble/install/ros2topic:/home/johannes/ros2_humble/install/ros2test:/home/johannes/ros2_humble/install/ros2component:/home/johannes/ros2_humble/install/ros2param:/home/johannes/ros2_humble/install/ros2lifecycle:/home/johannes/ros2_humble/install/ros2service:/home/johannes/ros2_humble/install/ros2run:/home/johannes/ros2_humble/install/ros2launch:/home/johannes/ros2_humble/install/ros2pkg:/home/johannes/ros2_humble/install/ros2node:/home/johannes/ros2_humble/install/ros2multicast:/home/johannes/ros2_humble/install/ros2interface:/home/johannes/ros2_humble/install/ros2doctor:/home/johannes/ros2_humble/install/ros2action:/home/johannes/ros2_humble/install/ros2cli:/home/johannes/ros2_humble/install/quality_of_service_demo_py:/home/johannes/ros2_humble/install/lifecycle_py:/home/johannes/ros2_humble/install/launch_testing_ros:/home/johannes/ros2_humble/install/launch_ros:/home/johannes/ros2_humble/install/examples_rclpy_pointcloud_publisher:/home/johannes/ros2_humble/install/examples_rclpy_minimal_subscriber:/home/johannes/ros2_humble/install/examples_rclpy_minimal_service:/home/johannes/ros2_humble/install/examples_rclpy_minimal_publisher:/home/johannes/ros2_humble/install/examples_rclpy_minimal_client:/home/johannes/ros2_humble/install/examples_rclpy_minimal_action_server:/home/johannes/ros2_humble/install/examples_rclpy_minimal_action_client:/home/johannes/ros2_humble/install/examples_rclpy_guard_conditions:/home/johannes/ros2_humble/install/examples_rclpy_executors:/home/johannes/ros2_humble/install/demo_nodes_py:/home/johannes/ros2_humble/install/action_tutorials_py:/home/johannes/ros2_humble/install/ament_uncrustify:/home/johannes/ros2_humble/install/tracetools_trace:/home/johannes/ros2_humble/install/tracetools_read:/home/johannes/ros2_humble/install/test_tracetools_launch:/home/johannes/ros2_humble/install/test_launch_ros:/home/johannes/ros2_humble/install/sensor_msgs_py:/home/johannes/ros2_humble/install/rpyutils:/home/johannes/ros2_humble/install/rosidl_runtime_py:/home/johannes/ros2_humble/install/rosidl_cli:/home/johannes/ros2_humble/install/launch_pytest:/home/johannes/ros2_humble/install/launch_testing:/home/johannes/ros2_humble/install/launch_yaml:/home/johannes/ros2_humble/install/launch_xml:/home/johannes/ros2_humble/install/launch:/home/johannes/ros2_humble/install/osrf_pycommon:/home/johannes/ros2_humble/install/launch_testing_examples:/home/johannes/ros2_humble/install/domain_coordinator:/home/johannes/ros2_humble/install/ament_xmllint:/home/johannes/ros2_humble/install/ament_pyflakes:/home/johannes/ros2_humble/install/ament_pycodestyle:/home/johannes/ros2_humble/install/ament_pep257:/home/johannes/ros2_humble/install/ament_pclint:/home/johannes/ros2_humble/install/ament_package:/home/johannes/ros2_humble/install/ament_mypy:/home/johannes/ros2_humble/install/ament_lint_cmake:/home/johannes/ros2_humble/install/ament_flake8:/home/johannes/ros2_humble/install/ament_copyright:/home/johannes/ros2_humble/install/ament_lint:/home/johannes/ros2_humble/install/ament_index_python:/home/johannes/ros2_humble/install/ament_cpplint:/home/johannes/ros2_humble/install/ament_cppcheck:/home/johannes/ros2_humble/install/ament_clang_tidy:/home/johannes/ros2_humble/install/ament_clang_format:/home/johannes/PUM-04/AIDA/ros2_humble_ws/install/lidar:/home/johannes/PUM-04/AIDA/ros2_humble_ws/install/audio:/home/johannes/PUM-04/AIDA/ros2_humble_ws/install/aida_api:/opt/ros/humble /usr/bin/cmake /home/johannes/PUM-04/AIDA/ros2_humble_ws/src/lidar_data -DCMAKE_INSTALL_PREFIX=/home/johannes/PUM-04/install/lidar_data
[0.236s] -- The C compiler identification is GNU 11.4.0
[0.302s] -- The CXX compiler identification is GNU 11.4.0
[0.312s] -- Detecting C compiler ABI info
[0.445s] -- Detecting C compiler ABI info - done
[0.456s] -- Check for working C compiler: /usr/bin/cc - skipped
[0.458s] -- Detecting C compile features
[0.459s] -- Detecting C compile features - done
[0.462s] -- Detecting CXX compiler ABI info
[0.611s] -- Detecting CXX compiler ABI info - done
[0.618s] -- Check for working CXX compiler: /usr/bin/c++ - skipped
[0.619s] -- Detecting CXX compile features
[0.619s] -- Detecting CXX compile features - done
[0.642s] -- Found ament_cmake: 1.3.8 (/home/johannes/ros2_humble/install/ament_cmake/share/ament_cmake/cmake)
[1.932s] -- Found Python3: /usr/bin/python3 (found version "3.10.12") found components: Interpreter 
[2.507s] -- Found std_msgs: 4.2.3 (/home/johannes/ros2_humble/install/std_msgs/share/std_msgs/cmake)
[2.714s] -- Found rosidl_generator_c: 3.1.5 (/home/johannes/ros2_humble/install/rosidl_generator_c/share/rosidl_generator_c/cmake)
[2.752s] -- Found rosidl_adapter: 3.1.5 (/home/johannes/ros2_humble/install/rosidl_adapter/share/rosidl_adapter/cmake)
[2.784s] -- Found rosidl_generator_cpp: 3.1.5 (/home/johannes/ros2_humble/install/rosidl_generator_cpp/share/rosidl_generator_cpp/cmake)
[2.854s] -- Using all available rosidl_typesupport_c: rosidl_typesupport_introspection_c;rosidl_typesupport_fastrtps_c
[2.939s] -- Using all available rosidl_typesupport_cpp: rosidl_typesupport_introspection_cpp;rosidl_typesupport_fastrtps_cpp
[3.105s] -- Found rosidl_default_generators: 1.2.0 (/home/johannes/ros2_humble/install/rosidl_default_generators/share/rosidl_default_generators/cmake)
[4.482s] -- Found ament_cmake_ros: 0.10.0 (/home/johannes/ros2_humble/install/ament_cmake_ros/share/ament_cmake_ros/cmake)
[5.751s] -- Using all available rosidl_typesupport_c: rosidl_typesupport_introspection_c;rosidl_typesupport_fastrtps_c
[6.276s] -- Using all available rosidl_typesupport_cpp: rosidl_typesupport_introspection_cpp;rosidl_typesupport_fastrtps_cpp
[6.398s] -- Found PythonInterp: /usr/bin/python3 (found suitable version "3.10.12", minimum required is "3.6") 
[6.415s] -- Found python_cmake_module: 0.10.0 (/home/johannes/ros2_humble/install/python_cmake_module/share/python_cmake_module/cmake)
[6.535s] -- Found PythonLibs: /usr/lib/x86_64-linux-gnu/libpython3.10.so (found suitable version "3.10.12", minimum required is "3.5") 
[6.535s] -- Using PYTHON_EXECUTABLE: /usr/bin/python3
[6.535s] -- Using PYTHON_INCLUDE_DIRS: /usr/include/python3.10
[6.535s] -- Using PYTHON_LIBRARIES: /usr/lib/x86_64-linux-gnu/libpython3.10.so
[6.625s] -- Found PythonExtra: .so  
[7.199s] -- Found ament_lint_auto: 0.12.10 (/home/johannes/ros2_humble/install/ament_lint_auto/share/ament_lint_auto/cmake)
[7.312s] -- Added test 'lint_cmake' to check CMake code style
[7.317s] -- Added test 'xmllint' to check XML markup files
[7.328s] -- Configuring done
[7.357s] -- Generating done
[7.359s] -- Build files have been written to: /home/johannes/PUM-04/build/lidar_data
[7.368s] Invoked command in '/home/johannes/PUM-04/build/lidar_data' returned '0': CMAKE_PREFIX_PATH=${CMAKE_PREFIX_PATH}:/home/johannes/ros2_humble/install/rqt_bag_plugins:/home/johannes/ros2_humble/install/rqt_bag:/home/johannes/ros2_humble/install/ros2bag:/home/johannes/ros2_humble/install/tracetools_test:/home/johannes/ros2_humble/install/tracetools_launch:/home/johannes/ros2_humble/install/topic_monitor:/home/johannes/ros2_humble/install/tf2_tools:/home/johannes/ros2_humble/install/examples_tf2_py:/home/johannes/ros2_humble/install/tf2_ros_py:/home/johannes/ros2_humble/install/sros2:/home/johannes/ros2_humble/install/rqt_topic:/home/johannes/ros2_humble/install/rqt_srv:/home/johannes/ros2_humble/install/rqt_shell:/home/johannes/ros2_humble/install/rqt_service_caller:/home/johannes/ros2_humble/install/rqt_reconfigure:/home/johannes/ros2_humble/install/rqt_py_console:/home/johannes/ros2_humble/install/rqt_publisher:/home/johannes/ros2_humble/install/rqt_plot:/home/johannes/ros2_humble/install/rqt_action:/home/johannes/ros2_humble/install/rqt_msg:/home/johannes/ros2_humble/install/rqt_console:/home/johannes/ros2_humble/install/rqt:/home/johannes/ros2_humble/install/rqt_graph:/home/johannes/ros2_humble/install/rqt_gui_py:/home/johannes/ros2_humble/install/rqt_gui:/home/johannes/ros2_humble/install/ros2trace:/home/johannes/ros2_humble/install/ros2topic:/home/johannes/ros2_humble/install/ros2test:/home/johannes/ros2_humble/install/ros2component:/home/johannes/ros2_humble/install/ros2param:/home/johannes/ros2_humble/install/ros2lifecycle:/home/johannes/ros2_humble/install/ros2service:/home/johannes/ros2_humble/install/ros2run:/home/johannes/ros2_humble/install/ros2launch:/home/johannes/ros2_humble/install/ros2pkg:/home/johannes/ros2_humble/install/ros2node:/home/johannes/ros2_humble/install/ros2multicast:/home/johannes/ros2_humble/install/ros2interface:/home/johannes/ros2_humble/install/ros2doctor:/home/johannes/ros2_humble/install/ros2action:/home/johannes/ros2_humble/install/ros2cli:/home/johannes/ros2_humble/install/quality_of_service_demo_py:/home/johannes/ros2_humble/install/lifecycle_py:/home/johannes/ros2_humble/install/launch_testing_ros:/home/johannes/ros2_humble/install/launch_ros:/home/johannes/ros2_humble/install/examples_rclpy_pointcloud_publisher:/home/johannes/ros2_humble/install/examples_rclpy_minimal_subscriber:/home/johannes/ros2_humble/install/examples_rclpy_minimal_service:/home/johannes/ros2_humble/install/examples_rclpy_minimal_publisher:/home/johannes/ros2_humble/install/examples_rclpy_minimal_client:/home/johannes/ros2_humble/install/examples_rclpy_minimal_action_server:/home/johannes/ros2_humble/install/examples_rclpy_minimal_action_client:/home/johannes/ros2_humble/install/examples_rclpy_guard_conditions:/home/johannes/ros2_humble/install/examples_rclpy_executors:/home/johannes/ros2_humble/install/demo_nodes_py:/home/johannes/ros2_humble/install/action_tutorials_py:/home/johannes/ros2_humble/install/ament_uncrustify:/home/johannes/ros2_humble/install/tracetools_trace:/home/johannes/ros2_humble/install/tracetools_read:/home/johannes/ros2_humble/install/test_tracetools_launch:/home/johannes/ros2_humble/install/test_launch_ros:/home/johannes/ros2_humble/install/sensor_msgs_py:/home/johannes/ros2_humble/install/rpyutils:/home/johannes/ros2_humble/install/rosidl_runtime_py:/home/johannes/ros2_humble/install/rosidl_cli:/home/johannes/ros2_humble/install/launch_pytest:/home/johannes/ros2_humble/install/launch_testing:/home/johannes/ros2_humble/install/launch_yaml:/home/johannes/ros2_humble/install/launch_xml:/home/johannes/ros2_humble/install/launch:/home/johannes/ros2_humble/install/osrf_pycommon:/home/johannes/ros2_humble/install/launch_testing_examples:/home/johannes/ros2_humble/install/domain_coordinator:/home/johannes/ros2_humble/install/ament_xmllint:/home/johannes/ros2_humble/install/ament_pyflakes:/home/johannes/ros2_humble/install/ament_pycodestyle:/home/johannes/ros2_humble/install/ament_pep257:/home/johannes/ros2_humble/install/ament_pclint:/home/johannes/ros2_humble/install/ament_package:/home/johannes/ros2_humble/install/ament_mypy:/home/johannes/ros2_humble/install/ament_lint_cmake:/home/johannes/ros2_humble/install/ament_flake8:/home/johannes/ros2_humble/install/ament_copyright:/home/johannes/ros2_humble/install/ament_lint:/home/johannes/ros2_humble/install/ament_index_python:/home/johannes/ros2_humble/install/ament_cpplint:/home/johannes/ros2_humble/install/ament_cppcheck:/home/johannes/ros2_humble/install/ament_clang_tidy:/home/johannes/ros2_humble/install/ament_clang_format:/home/johannes/PUM-04/AIDA/ros2_humble_ws/install/lidar:/home/johannes/PUM-04/AIDA/ros2_humble_ws/install/audio:/home/johannes/PUM-04/AIDA/ros2_humble_ws/install/aida_api:/opt/ros/humble /usr/bin/cmake /home/johannes/PUM-04/AIDA/ros2_humble_ws/src/lidar_data -DCMAKE_INSTALL_PREFIX=/home/johannes/PUM-04/install/lidar_data
[7.373s] Invoking command in '/home/johannes/PUM-04/build/lidar_data': CMAKE_PREFIX_PATH=${CMAKE_PREFIX_PATH}:/home/johannes/ros2_humble/install/rqt_bag_plugins:/home/johannes/ros2_humble/install/rqt_bag:/home/johannes/ros2_humble/install/ros2bag:/home/johannes/ros2_humble/install/tracetools_test:/home/johannes/ros2_humble/install/tracetools_launch:/home/johannes/ros2_humble/install/topic_monitor:/home/johannes/ros2_humble/install/tf2_tools:/home/johannes/ros2_humble/install/examples_tf2_py:/home/johannes/ros2_humble/install/tf2_ros_py:/home/johannes/ros2_humble/install/sros2:/home/johannes/ros2_humble/install/rqt_topic:/home/johannes/ros2_humble/install/rqt_srv:/home/johannes/ros2_humble/install/rqt_shell:/home/johannes/ros2_humble/install/rqt_service_caller:/home/johannes/ros2_humble/install/rqt_reconfigure:/home/johannes/ros2_humble/install/rqt_py_console:/home/johannes/ros2_humble/install/rqt_publisher:/home/johannes/ros2_humble/install/rqt_plot:/home/johannes/ros2_humble/install/rqt_action:/home/johannes/ros2_humble/install/rqt_msg:/home/johannes/ros2_humble/install/rqt_console:/home/johannes/ros2_humble/install/rqt:/home/johannes/ros2_humble/install/rqt_graph:/home/johannes/ros2_humble/install/rqt_gui_py:/home/johannes/ros2_humble/install/rqt_gui:/home/johannes/ros2_humble/install/ros2trace:/home/johannes/ros2_humble/install/ros2topic:/home/johannes/ros2_humble/install/ros2test:/home/johannes/ros2_humble/install/ros2component:/home/johannes/ros2_humble/install/ros2param:/home/johannes/ros2_humble/install/ros2lifecycle:/home/johannes/ros2_humble/install/ros2service:/home/johannes/ros2_humble/install/ros2run:/home/johannes/ros2_humble/install/ros2launch:/home/johannes/ros2_humble/install/ros2pkg:/home/johannes/ros2_humble/install/ros2node:/home/johannes/ros2_humble/install/ros2multicast:/home/johannes/ros2_humble/install/ros2interface:/home/johannes/ros2_humble/install/ros2doctor:/home/johannes/ros2_humble/install/ros2action:/home/johannes/ros2_humble/install/ros2cli:/home/johannes/ros2_humble/install/quality_of_service_demo_py:/home/johannes/ros2_humble/install/lifecycle_py:/home/johannes/ros2_humble/install/launch_testing_ros:/home/johannes/ros2_humble/install/launch_ros:/home/johannes/ros2_humble/install/examples_rclpy_pointcloud_publisher:/home/johannes/ros2_humble/install/examples_rclpy_minimal_subscriber:/home/johannes/ros2_humble/install/examples_rclpy_minimal_service:/home/johannes/ros2_humble/install/examples_rclpy_minimal_publisher:/home/johannes/ros2_humble/install/examples_rclpy_minimal_client:/home/johannes/ros2_humble/install/examples_rclpy_minimal_action_server:/home/johannes/ros2_humble/install/examples_rclpy_minimal_action_client:/home/johannes/ros2_humble/install/examples_rclpy_guard_conditions:/home/johannes/ros2_humble/install/examples_rclpy_executors:/home/johannes/ros2_humble/install/demo_nodes_py:/home/johannes/ros2_humble/install/action_tutorials_py:/home/johannes/ros2_humble/install/ament_uncrustify:/home/johannes/ros2_humble/install/tracetools_trace:/home/johannes/ros2_humble/install/tracetools_read:/home/johannes/ros2_humble/install/test_tracetools_launch:/home/johannes/ros2_humble/install/test_launch_ros:/home/johannes/ros2_humble/install/sensor_msgs_py:/home/johannes/ros2_humble/install/rpyutils:/home/johannes/ros2_humble/install/rosidl_runtime_py:/home/johannes/ros2_humble/install/rosidl_cli:/home/johannes/ros2_humble/install/launch_pytest:/home/johannes/ros2_humble/install/launch_testing:/home/johannes/ros2_humble/install/launch_yaml:/home/johannes/ros2_humble/install/launch_xml:/home/johannes/ros2_humble/install/launch:/home/johannes/ros2_humble/install/osrf_pycommon:/home/johannes/ros2_humble/install/launch_testing_examples:/home/johannes/ros2_humble/install/domain_coordinator:/home/johannes/ros2_humble/install/ament_xmllint:/home/johannes/ros2_humble/install/ament_pyflakes:/home/johannes/ros2_humble/install/ament_pycodestyle:/home/johannes/ros2_humble/install/ament_pep257:/home/johannes/ros2_humble/install/ament_pclint:/home/johannes/ros2_humble/install/ament_package:/home/johannes/ros2_humble/install/ament_mypy:/home/johannes/ros2_humble/install/ament_lint_cmake:/home/johannes/ros2_humble/install/ament_flake8:/home/johannes/ros2_humble/install/ament_copyright:/home/johannes/ros2_humble/install/ament_lint:/home/johannes/ros2_humble/install/ament_index_python:/home/johannes/ros2_humble/install/ament_cpplint:/home/johannes/ros2_humble/install/ament_cppcheck:/home/johannes/ros2_humble/install/ament_clang_tidy:/home/johannes/ros2_humble/install/ament_clang_format:/home/johannes/PUM-04/AIDA/ros2_humble_ws/install/lidar:/home/johannes/PUM-04/AIDA/ros2_humble_ws/install/audio:/home/johannes/PUM-04/AIDA/ros2_humble_ws/install/aida_api:/opt/ros/humble /usr/bin/cmake --build /home/johannes/PUM-04/build/lidar_data -- -j2 -l2
[7.465s] [  3%] [34m[1mGenerating C code for ROS interfaces[0m
[7.498s] [  6%] [34m[1mGenerating C++ code for ROS interfaces[0m
[8.082s] [  6%] Built target lidar_data__cpp
[8.093s] [  9%] [32mBuilding C object CMakeFiles/lidar_data__rosidl_generator_c.dir/rosidl_generator_c/lidar_data/msg/detail/lidar_data__functions.c.o[0m
[8.161s] [  9%] Built target ament_cmake_python_copy_lidar_data
[8.186s] [ 12%] [32m[1mLinking C shared library liblidar_data__rosidl_generator_c.so[0m
[8.193s] [ 16%] [34m[1mGenerating C++ introspection for ROS interfaces[0m
[8.304s] [ 16%] Built target lidar_data__rosidl_generator_c
[8.333s] [ 19%] [34m[1mGenerating C++ type support dispatch for ROS interfaces[0m
[8.794s] [ 22%] [32mBuilding CXX object CMakeFiles/lidar_data__rosidl_typesupport_introspection_cpp.dir/rosidl_typesupport_introspection_cpp/lidar_data/msg/detail/lidar_data__type_support.cpp.o[0m
[8.863s] [ 25%] [32mBuilding CXX object CMakeFiles/lidar_data__rosidl_typesupport_cpp.dir/rosidl_typesupport_cpp/lidar_data/msg/lidar_data__type_support.cpp.o[0m
[9.162s] [ 29%] [32m[1mLinking CXX shared library liblidar_data__rosidl_typesupport_cpp.so[0m
[9.260s] [ 29%] Built target lidar_data__rosidl_typesupport_cpp
[9.289s] [ 35%] [34m[1mGenerating C++ type support for eProsima Fast-RTPS[0m
[9.290s] [ 35%] [32m[1mLinking CXX shared library liblidar_data__rosidl_typesupport_introspection_cpp.so[0m
[9.439s] [ 35%] Built target lidar_data__rosidl_typesupport_introspection_cpp
[9.845s] [ 38%] [32mBuilding CXX object CMakeFiles/lidar_data__rosidl_typesupport_fastrtps_cpp.dir/rosidl_typesupport_fastrtps_cpp/lidar_data/msg/detail/dds_fastrtps/lidar_data__type_support.cpp.o[0m
[10.110s] running egg_info
[10.111s] creating lidar_data.egg-info
[10.149s] writing lidar_data.egg-info/PKG-INFO
[10.149s] writing dependency_links to lidar_data.egg-info/dependency_links.txt
[10.150s] writing top-level names to lidar_data.egg-info/top_level.txt
[10.150s] writing manifest file 'lidar_data.egg-info/SOURCES.txt'
[10.338s] reading manifest file 'lidar_data.egg-info/SOURCES.txt'
[10.340s] writing manifest file 'lidar_data.egg-info/SOURCES.txt'
[10.413s] [ 38%] Built target ament_cmake_python_build_lidar_data_egg
[10.421s] [ 41%] [32m[1mLinking CXX shared library liblidar_data__rosidl_typesupport_fastrtps_cpp.so[0m
[10.438s] [ 45%] [34m[1mGenerating C introspection for ROS interfaces[0m
[10.566s] [ 45%] Built target lidar_data__rosidl_typesupport_fastrtps_cpp
[10.597s] [ 48%] [34m[1mGenerating C type support for eProsima Fast-RTPS[0m
[11.005s] [ 51%] [32mBuilding C object CMakeFiles/lidar_data__rosidl_typesupport_introspection_c.dir/rosidl_typesupport_introspection_c/lidar_data/msg/detail/lidar_data__type_support.c.o[0m
[11.066s] [ 54%] [32m[1mLinking C shared library liblidar_data__rosidl_typesupport_introspection_c.so[0m
[11.127s] [ 58%] [32mBuilding CXX object CMakeFiles/lidar_data__rosidl_typesupport_fastrtps_c.dir/rosidl_typesupport_fastrtps_c/lidar_data/msg/detail/lidar_data__type_support_c.cpp.o[0m
[11.137s] [ 58%] Built target lidar_data__rosidl_typesupport_introspection_c
[11.171s] [ 61%] [34m[1mGenerating C type support dispatch for ROS interfaces[0m
[11.573s] [ 64%] [32m[1mLinking CXX shared library liblidar_data__rosidl_typesupport_fastrtps_c.so[0m
[11.716s] [ 64%] Built target lidar_data__rosidl_typesupport_fastrtps_c
[11.742s] [ 67%] [32mBuilding CXX object CMakeFiles/lidar_data__rosidl_typesupport_c.dir/rosidl_typesupport_c/lidar_data/msg/lidar_data__type_support.cpp.o[0m
[11.805s] [ 70%] [32m[1mLinking CXX shared library liblidar_data__rosidl_typesupport_c.so[0m
[11.894s] [ 70%] Built target lidar_data__rosidl_typesupport_c
[11.949s] [ 70%] Built target lidar_data
[12.010s] [ 74%] [34m[1mGenerating Python code for ROS interfaces[0m
[12.675s] [ 74%] Built target lidar_data__py
[12.730s] [ 77%] [32mBuilding C object CMakeFiles/lidar_data__rosidl_generator_py.dir/rosidl_generator_py/lidar_data/msg/_lidar_data_s.c.o[0m
[12.868s] [ 80%] [32m[1mLinking C shared library rosidl_generator_py/lidar_data/liblidar_data__rosidl_generator_py.so[0m
[12.948s] [ 80%] Built target lidar_data__rosidl_generator_py
[13.004s] [ 83%] [32mBuilding C object CMakeFiles/lidar_data__rosidl_typesupport_introspection_c__pyext.dir/rosidl_generator_py/lidar_data/_lidar_data_s.ep.rosidl_typesupport_introspection_c.c.o[0m
[13.013s] [ 87%] [32mBuilding C object CMakeFiles/lidar_data__rosidl_typesupport_fastrtps_c__pyext.dir/rosidl_generator_py/lidar_data/_lidar_data_s.ep.rosidl_typesupport_fastrtps_c.c.o[0m
[13.129s] [ 90%] [32m[1mLinking C shared library rosidl_generator_py/lidar_data/lidar_data_s__rosidl_typesupport_introspection_c.cpython-310-x86_64-linux-gnu.so[0m
[13.142s] [ 93%] [32m[1mLinking C shared library rosidl_generator_py/lidar_data/lidar_data_s__rosidl_typesupport_fastrtps_c.cpython-310-x86_64-linux-gnu.so[0m
[13.216s] [ 93%] Built target lidar_data__rosidl_typesupport_introspection_c__pyext
[13.233s] [ 93%] Built target lidar_data__rosidl_typesupport_fastrtps_c__pyext
[13.269s] [ 96%] [32mBuilding C object CMakeFiles/lidar_data__rosidl_typesupport_c__pyext.dir/rosidl_generator_py/lidar_data/_lidar_data_s.ep.rosidl_typesupport_c.c.o[0m
[13.402s] [100%] [32m[1mLinking C shared library rosidl_generator_py/lidar_data/lidar_data_s__rosidl_typesupport_c.cpython-310-x86_64-linux-gnu.so[0m
[13.474s] [100%] Built target lidar_data__rosidl_typesupport_c__pyext
[13.500s] Invoked command in '/home/johannes/PUM-04/build/lidar_data' returned '0': CMAKE_PREFIX_PATH=${CMAKE_PREFIX_PATH}:/home/johannes/ros2_humble/install/rqt_bag_plugins:/home/johannes/ros2_humble/install/rqt_bag:/home/johannes/ros2_humble/install/ros2bag:/home/johannes/ros2_humble/install/tracetools_test:/home/johannes/ros2_humble/install/tracetools_launch:/home/johannes/ros2_humble/install/topic_monitor:/home/johannes/ros2_humble/install/tf2_tools:/home/johannes/ros2_humble/install/examples_tf2_py:/home/johannes/ros2_humble/install/tf2_ros_py:/home/johannes/ros2_humble/install/sros2:/home/johannes/ros2_humble/install/rqt_topic:/home/johannes/ros2_humble/install/rqt_srv:/home/johannes/ros2_humble/install/rqt_shell:/home/johannes/ros2_humble/install/rqt_service_caller:/home/johannes/ros2_humble/install/rqt_reconfigure:/home/johannes/ros2_humble/install/rqt_py_console:/home/johannes/ros2_humble/install/rqt_publisher:/home/johannes/ros2_humble/install/rqt_plot:/home/johannes/ros2_humble/install/rqt_action:/home/johannes/ros2_humble/install/rqt_msg:/home/johannes/ros2_humble/install/rqt_console:/home/johannes/ros2_humble/install/rqt:/home/johannes/ros2_humble/install/rqt_graph:/home/johannes/ros2_humble/install/rqt_gui_py:/home/johannes/ros2_humble/install/rqt_gui:/home/johannes/ros2_humble/install/ros2trace:/home/johannes/ros2_humble/install/ros2topic:/home/johannes/ros2_humble/install/ros2test:/home/johannes/ros2_humble/install/ros2component:/home/johannes/ros2_humble/install/ros2param:/home/johannes/ros2_humble/install/ros2lifecycle:/home/johannes/ros2_humble/install/ros2service:/home/johannes/ros2_humble/install/ros2run:/home/johannes/ros2_humble/install/ros2launch:/home/johannes/ros2_humble/install/ros2pkg:/home/johannes/ros2_humble/install/ros2node:/home/johannes/ros2_humble/install/ros2multicast:/home/johannes/ros2_humble/install/ros2interface:/home/johannes/ros2_humble/install/ros2doctor:/home/johannes/ros2_humble/install/ros2action:/home/johannes/ros2_humble/install/ros2cli:/home/johannes/ros2_humble/install/quality_of_service_demo_py:/home/johannes/ros2_humble/install/lifecycle_py:/home/johannes/ros2_humble/install/launch_testing_ros:/home/johannes/ros2_humble/install/launch_ros:/home/johannes/ros2_humble/install/examples_rclpy_pointcloud_publisher:/home/johannes/ros2_humble/install/examples_rclpy_minimal_subscriber:/home/johannes/ros2_humble/install/examples_rclpy_minimal_service:/home/johannes/ros2_humble/install/examples_rclpy_minimal_publisher:/home/johannes/ros2_humble/install/examples_rclpy_minimal_client:/home/johannes/ros2_humble/install/examples_rclpy_minimal_action_server:/home/johannes/ros2_humble/install/examples_rclpy_minimal_action_client:/home/johannes/ros2_humble/install/examples_rclpy_guard_conditions:/home/johannes/ros2_humble/install/examples_rclpy_executors:/home/johannes/ros2_humble/install/demo_nodes_py:/home/johannes/ros2_humble/install/action_tutorials_py:/home/johannes/ros2_humble/install/ament_uncrustify:/home/johannes/ros2_humble/install/tracetools_trace:/home/johannes/ros2_humble/install/tracetools_read:/home/johannes/ros2_humble/install/test_tracetools_launch:/home/johannes/ros2_humble/install/test_launch_ros:/home/johannes/ros2_humble/install/sensor_msgs_py:/home/johannes/ros2_humble/install/rpyutils:/home/johannes/ros2_humble/install/rosidl_runtime_py:/home/johannes/ros2_humble/install/rosidl_cli:/home/johannes/ros2_humble/install/launch_pytest:/home/johannes/ros2_humble/install/launch_testing:/home/johannes/ros2_humble/install/launch_yaml:/home/johannes/ros2_humble/install/launch_xml:/home/johannes/ros2_humble/install/launch:/home/johannes/ros2_humble/install/osrf_pycommon:/home/johannes/ros2_humble/install/launch_testing_examples:/home/johannes/ros2_humble/install/domain_coordinator:/home/johannes/ros2_humble/install/ament_xmllint:/home/johannes/ros2_humble/install/ament_pyflakes:/home/johannes/ros2_humble/install/ament_pycodestyle:/home/johannes/ros2_humble/install/ament_pep257:/home/johannes/ros2_humble/install/ament_pclint:/home/johannes/ros2_humble/install/ament_package:/home/johannes/ros2_humble/install/ament_mypy:/home/johannes/ros2_humble/install/ament_lint_cmake:/home/johannes/ros2_humble/install/ament_flake8:/home/johannes/ros2_humble/install/ament_copyright:/home/johannes/ros2_humble/install/ament_lint:/home/johannes/ros2_humble/install/ament_index_python:/home/johannes/ros2_humble/install/ament_cpplint:/home/johannes/ros2_humble/install/ament_cppcheck:/home/johannes/ros2_humble/install/ament_clang_tidy:/home/johannes/ros2_humble/install/ament_clang_format:/home/johannes/PUM-04/AIDA/ros2_humble_ws/install/lidar:/home/johannes/PUM-04/AIDA/ros2_humble_ws/install/audio:/home/johannes/PUM-04/AIDA/ros2_humble_ws/install/aida_api:/opt/ros/humble /usr/bin/cmake --build /home/johannes/PUM-04/build/lidar_data -- -j2 -l2
[13.746s] Invoking command in '/home/johannes/PUM-04/build/lidar_data': CMAKE_PREFIX_PATH=${CMAKE_PREFIX_PATH}:/home/johannes/ros2_humble/install/rqt_bag_plugins:/home/johannes/ros2_humble/install/rqt_bag:/home/johannes/ros2_humble/install/ros2bag:/home/johannes/ros2_humble/install/tracetools_test:/home/johannes/ros2_humble/install/tracetools_launch:/home/johannes/ros2_humble/install/topic_monitor:/home/johannes/ros2_humble/install/tf2_tools:/home/johannes/ros2_humble/install/examples_tf2_py:/home/johannes/ros2_humble/install/tf2_ros_py:/home/johannes/ros2_humble/install/sros2:/home/johannes/ros2_humble/install/rqt_topic:/home/johannes/ros2_humble/install/rqt_srv:/home/johannes/ros2_humble/install/rqt_shell:/home/johannes/ros2_humble/install/rqt_service_caller:/home/johannes/ros2_humble/install/rqt_reconfigure:/home/johannes/ros2_humble/install/rqt_py_console:/home/johannes/ros2_humble/install/rqt_publisher:/home/johannes/ros2_humble/install/rqt_plot:/home/johannes/ros2_humble/install/rqt_action:/home/johannes/ros2_humble/install/rqt_msg:/home/johannes/ros2_humble/install/rqt_console:/home/johannes/ros2_humble/install/rqt:/home/johannes/ros2_humble/install/rqt_graph:/home/johannes/ros2_humble/install/rqt_gui_py:/home/johannes/ros2_humble/install/rqt_gui:/home/johannes/ros2_humble/install/ros2trace:/home/johannes/ros2_humble/install/ros2topic:/home/johannes/ros2_humble/install/ros2test:/home/johannes/ros2_humble/install/ros2component:/home/johannes/ros2_humble/install/ros2param:/home/johannes/ros2_humble/install/ros2lifecycle:/home/johannes/ros2_humble/install/ros2service:/home/johannes/ros2_humble/install/ros2run:/home/johannes/ros2_humble/install/ros2launch:/home/johannes/ros2_humble/install/ros2pkg:/home/johannes/ros2_humble/install/ros2node:/home/johannes/ros2_humble/install/ros2multicast:/home/johannes/ros2_humble/install/ros2interface:/home/johannes/ros2_humble/install/ros2doctor:/home/johannes/ros2_humble/install/ros2action:/home/johannes/ros2_humble/install/ros2cli:/home/johannes/ros2_humble/install/quality_of_service_demo_py:/home/johannes/ros2_humble/install/lifecycle_py:/home/johannes/ros2_humble/install/launch_testing_ros:/home/johannes/ros2_humble/install/launch_ros:/home/johannes/ros2_humble/install/examples_rclpy_pointcloud_publisher:/home/johannes/ros2_humble/install/examples_rclpy_minimal_subscriber:/home/johannes/ros2_humble/install/examples_rclpy_minimal_service:/home/johannes/ros2_humble/install/examples_rclpy_minimal_publisher:/home/johannes/ros2_humble/install/examples_rclpy_minimal_client:/home/johannes/ros2_humble/install/examples_rclpy_minimal_action_server:/home/johannes/ros2_humble/install/examples_rclpy_minimal_action_client:/home/johannes/ros2_humble/install/examples_rclpy_guard_conditions:/home/johannes/ros2_humble/install/examples_rclpy_executors:/home/johannes/ros2_humble/install/demo_nodes_py:/home/johannes/ros2_humble/install/action_tutorials_py:/home/johannes/ros2_humble/install/ament_uncrustify:/home/johannes/ros2_humble/install/tracetools_trace:/home/johannes/ros2_humble/install/tracetools_read:/home/johannes/ros2_humble/install/test_tracetools_launch:/home/johannes/ros2_humble/install/test_launch_ros:/home/johannes/ros2_humble/install/sensor_msgs_py:/home/johannes/ros2_humble/install/rpyutils:/home/johannes/ros2_humble/install/rosidl_runtime_py:/home/johannes/ros2_humble/install/rosidl_cli:/home/johannes/ros2_humble/install/launch_pytest:/home/johannes/ros2_humble/install/launch_testing:/home/johannes/ros2_humble/install/launch_yaml:/home/johannes/ros2_humble/install/launch_xml:/home/johannes/ros2_humble/install/launch:/home/johannes/ros2_humble/install/osrf_pycommon:/home/johannes/ros2_humble/install/launch_testing_examples:/home/johannes/ros2_humble/install/domain_coordinator:/home/johannes/ros2_humble/install/ament_xmllint:/home/johannes/ros2_humble/install/ament_pyflakes:/home/johannes/ros2_humble/install/ament_pycodestyle:/home/johannes/ros2_humble/install/ament_pep257:/home/johannes/ros2_humble/install/ament_pclint:/home/johannes/ros2_humble/install/ament_package:/home/johannes/ros2_humble/install/ament_mypy:/home/johannes/ros2_humble/install/ament_lint_cmake:/home/johannes/ros2_humble/install/ament_flake8:/home/johannes/ros2_humble/install/ament_copyright:/home/johannes/ros2_humble/install/ament_lint:/home/johannes/ros2_humble/install/ament_index_python:/home/johannes/ros2_humble/install/ament_cpplint:/home/johannes/ros2_humble/install/ament_cppcheck:/home/johannes/ros2_humble/install/ament_clang_tidy:/home/johannes/ros2_humble/install/ament_clang_format:/home/johannes/PUM-04/AIDA/ros2_humble_ws/install/lidar:/home/johannes/PUM-04/AIDA/ros2_humble_ws/install/audio:/home/johannes/PUM-04/AIDA/ros2_humble_ws/install/aida_api:/opt/ros/humble /usr/bin/cmake --install /home/johannes/PUM-04/build/lidar_data
[13.761s] -- Install configuration: ""
[13.762s] -- Installing: /home/johannes/PUM-04/install/lidar_data/share/ament_index/resource_index/rosidl_interfaces/lidar_data
[13.762s] -- Installing: /home/johannes/PUM-04/install/lidar_data/include/lidar_data/lidar_data
[13.762s] -- Installing: /home/johannes/PUM-04/install/lidar_data/include/lidar_data/lidar_data/msg
[13.762s] -- Installing: /home/johannes/PUM-04/install/lidar_data/include/lidar_data/lidar_data/msg/rosidl_generator_c__visibility_control.h
[13.762s] -- Installing: /home/johannes/PUM-04/install/lidar_data/include/lidar_data/lidar_data/msg/detail
[13.763s] -- Installing: /home/johannes/PUM-04/install/lidar_data/include/lidar_data/lidar_data/msg/detail/lidar_data__type_support.h
[13.763s] -- Installing: /home/johannes/PUM-04/install/lidar_data/include/lidar_data/lidar_data/msg/detail/lidar_data__functions.h
[13.763s] -- Installing: /home/johannes/PUM-04/install/lidar_data/include/lidar_data/lidar_data/msg/detail/lidar_data__functions.c
[13.763s] -- Installing: /home/johannes/PUM-04/install/lidar_data/include/lidar_data/lidar_data/msg/detail/lidar_data__struct.h
[13.763s] -- Installing: /home/johannes/PUM-04/install/lidar_data/include/lidar_data/lidar_data/msg/lidar_data.h
[13.764s] -- Installing: /home/johannes/PUM-04/install/lidar_data/share/lidar_data/environment/library_path.sh
[13.764s] -- Installing: /home/johannes/PUM-04/install/lidar_data/share/lidar_data/environment/library_path.dsv
[13.764s] -- Installing: /home/johannes/PUM-04/install/lidar_data/lib/liblidar_data__rosidl_generator_c.so
[13.764s] -- Set runtime path of "/home/johannes/PUM-04/install/lidar_data/lib/liblidar_data__rosidl_generator_c.so" to ""
[13.764s] -- Up-to-date: /home/johannes/PUM-04/install/lidar_data/include/lidar_data/lidar_data
[13.764s] -- Up-to-date: /home/johannes/PUM-04/install/lidar_data/include/lidar_data/lidar_data/msg
[13.764s] -- Up-to-date: /home/johannes/PUM-04/install/lidar_data/include/lidar_data/lidar_data/msg/detail
[13.765s] -- Installing: /home/johannes/PUM-04/install/lidar_data/include/lidar_data/lidar_data/msg/detail/lidar_data__rosidl_typesupport_fastrtps_c.h
[13.765s] -- Installing: /home/johannes/PUM-04/install/lidar_data/include/lidar_data/lidar_data/msg/rosidl_typesupport_fastrtps_c__visibility_control.h
[13.765s] -- Installing: /home/johannes/PUM-04/install/lidar_data/lib/liblidar_data__rosidl_typesupport_fastrtps_c.so
[13.765s] -- Set runtime path of "/home/johannes/PUM-04/install/lidar_data/lib/liblidar_data__rosidl_typesupport_fastrtps_c.so" to ""
[13.766s] -- Up-to-date: /home/johannes/PUM-04/install/lidar_data/include/lidar_data/lidar_data
[13.766s] -- Up-to-date: /home/johannes/PUM-04/install/lidar_data/include/lidar_data/lidar_data/msg
[13.766s] -- Installing: /home/johannes/PUM-04/install/lidar_data/include/lidar_data/lidar_data/msg/lidar_data.hpp
[13.766s] -- Up-to-date: /home/johannes/PUM-04/install/lidar_data/include/lidar_data/lidar_data/msg/detail
[13.766s] -- Installing: /home/johannes/PUM-04/install/lidar_data/include/lidar_data/lidar_data/msg/detail/lidar_data__traits.hpp
[13.766s] -- Installing: /home/johannes/PUM-04/install/lidar_data/include/lidar_data/lidar_data/msg/detail/lidar_data__struct.hpp
[13.766s] -- Installing: /home/johannes/PUM-04/install/lidar_data/include/lidar_data/lidar_data/msg/detail/lidar_data__builder.hpp
[13.767s] -- Up-to-date: /home/johannes/PUM-04/install/lidar_data/include/lidar_data/lidar_data
[13.767s] -- Up-to-date: /home/johannes/PUM-04/install/lidar_data/include/lidar_data/lidar_data/msg
[13.767s] -- Installing: /home/johannes/PUM-04/install/lidar_data/include/lidar_data/lidar_data/msg/rosidl_typesupport_fastrtps_cpp__visibility_control.h
[13.767s] -- Up-to-date: /home/johannes/PUM-04/install/lidar_data/include/lidar_data/lidar_data/msg/detail
[13.767s] -- Installing: /home/johannes/PUM-04/install/lidar_data/include/lidar_data/lidar_data/msg/detail/lidar_data__rosidl_typesupport_fastrtps_cpp.hpp
[13.767s] -- Installing: /home/johannes/PUM-04/install/lidar_data/include/lidar_data/lidar_data/msg/detail/dds_fastrtps
[13.767s] -- Installing: /home/johannes/PUM-04/install/lidar_data/lib/liblidar_data__rosidl_typesupport_fastrtps_cpp.so
[13.768s] -- Set runtime path of "/home/johannes/PUM-04/install/lidar_data/lib/liblidar_data__rosidl_typesupport_fastrtps_cpp.so" to ""
[13.768s] -- Up-to-date: /home/johannes/PUM-04/install/lidar_data/include/lidar_data/lidar_data
[13.768s] -- Up-to-date: /home/johannes/PUM-04/install/lidar_data/include/lidar_data/lidar_data/msg
[13.768s] -- Up-to-date: /home/johannes/PUM-04/install/lidar_data/include/lidar_data/lidar_data/msg/detail
[13.768s] -- Installing: /home/johannes/PUM-04/install/lidar_data/include/lidar_data/lidar_data/msg/detail/lidar_data__type_support.c
[13.768s] -- Installing: /home/johannes/PUM-04/install/lidar_data/include/lidar_data/lidar_data/msg/detail/lidar_data__rosidl_typesupport_introspection_c.h
[13.768s] -- Installing: /home/johannes/PUM-04/install/lidar_data/include/lidar_data/lidar_data/msg/rosidl_typesupport_introspection_c__visibility_control.h
[13.769s] -- Installing: /home/johannes/PUM-04/install/lidar_data/lib/liblidar_data__rosidl_typesupport_introspection_c.so
[13.769s] -- Set runtime path of "/home/johannes/PUM-04/install/lidar_data/lib/liblidar_data__rosidl_typesupport_introspection_c.so" to ""
[13.769s] -- Installing: /home/johannes/PUM-04/install/lidar_data/lib/liblidar_data__rosidl_typesupport_c.so
[13.769s] -- Set runtime path of "/home/johannes/PUM-04/install/lidar_data/lib/liblidar_data__rosidl_typesupport_c.so" to ""
[13.769s] -- Up-to-date: /home/johannes/PUM-04/install/lidar_data/include/lidar_data/lidar_data
[13.770s] -- Up-to-date: /home/johannes/PUM-04/install/lidar_data/include/lidar_data/lidar_data/msg
[13.770s] -- Up-to-date: /home/johannes/PUM-04/install/lidar_data/include/lidar_data/lidar_data/msg/detail
[13.770s] -- Installing: /home/johannes/PUM-04/install/lidar_data/include/lidar_data/lidar_data/msg/detail/lidar_data__rosidl_typesupport_introspection_cpp.hpp
[13.770s] -- Installing: /home/johannes/PUM-04/install/lidar_data/include/lidar_data/lidar_data/msg/detail/lidar_data__type_support.cpp
[13.770s] -- Installing: /home/johannes/PUM-04/install/lidar_data/lib/liblidar_data__rosidl_typesupport_introspection_cpp.so
[13.770s] -- Set runtime path of "/home/johannes/PUM-04/install/lidar_data/lib/liblidar_data__rosidl_typesupport_introspection_cpp.so" to ""
[13.770s] -- Installing: /home/johannes/PUM-04/install/lidar_data/lib/liblidar_data__rosidl_typesupport_cpp.so
[13.771s] -- Set runtime path of "/home/johannes/PUM-04/install/lidar_data/lib/liblidar_data__rosidl_typesupport_cpp.so" to ""
[13.771s] -- Installing: /home/johannes/PUM-04/install/lidar_data/share/lidar_data/environment/pythonpath.sh
[13.771s] -- Installing: /home/johannes/PUM-04/install/lidar_data/share/lidar_data/environment/pythonpath.dsv
[13.771s] -- Installing: /home/johannes/PUM-04/install/lidar_data/local/lib/python3.10/dist-packages/lidar_data-0.0.0-py3.10.egg-info
[13.772s] -- Installing: /home/johannes/PUM-04/install/lidar_data/local/lib/python3.10/dist-packages/lidar_data-0.0.0-py3.10.egg-info/SOURCES.txt
[13.772s] -- Installing: /home/johannes/PUM-04/install/lidar_data/local/lib/python3.10/dist-packages/lidar_data-0.0.0-py3.10.egg-info/PKG-INFO
[13.772s] -- Installing: /home/johannes/PUM-04/install/lidar_data/local/lib/python3.10/dist-packages/lidar_data-0.0.0-py3.10.egg-info/top_level.txt
[13.772s] -- Installing: /home/johannes/PUM-04/install/lidar_data/local/lib/python3.10/dist-packages/lidar_data-0.0.0-py3.10.egg-info/dependency_links.txt
[13.772s] -- Installing: /home/johannes/PUM-04/install/lidar_data/local/lib/python3.10/dist-packages/lidar_data
[13.773s] -- Installing: /home/johannes/PUM-04/install/lidar_data/local/lib/python3.10/dist-packages/lidar_data/_lidar_data_s.ep.rosidl_typesupport_fastrtps_c.c
[13.773s] -- Installing: /home/johannes/PUM-04/install/lidar_data/local/lib/python3.10/dist-packages/lidar_data/msg
[13.773s] -- Installing: /home/johannes/PUM-04/install/lidar_data/local/lib/python3.10/dist-packages/lidar_data/msg/_lidar_data_s.c
[13.773s] -- Installing: /home/johannes/PUM-04/install/lidar_data/local/lib/python3.10/dist-packages/lidar_data/msg/_lidar_data.py
[13.774s] -- Installing: /home/johannes/PUM-04/install/lidar_data/local/lib/python3.10/dist-packages/lidar_data/msg/__init__.py
[13.775s] -- Installing: /home/johannes/PUM-04/install/lidar_data/local/lib/python3.10/dist-packages/lidar_data/_lidar_data_s.ep.rosidl_typesupport_introspection_c.c
[13.775s] -- Installing: /home/johannes/PUM-04/install/lidar_data/local/lib/python3.10/dist-packages/lidar_data/lidar_data_s__rosidl_typesupport_c.cpython-310-x86_64-linux-gnu.so
[13.776s] -- Installing: /home/johannes/PUM-04/install/lidar_data/local/lib/python3.10/dist-packages/lidar_data/liblidar_data__rosidl_generator_py.so
[13.776s] -- Installing: /home/johannes/PUM-04/install/lidar_data/local/lib/python3.10/dist-packages/lidar_data/lidar_data_s__rosidl_typesupport_introspection_c.cpython-310-x86_64-linux-gnu.so
[13.776s] -- Installing: /home/johannes/PUM-04/install/lidar_data/local/lib/python3.10/dist-packages/lidar_data/__init__.py
[13.776s] -- Installing: /home/johannes/PUM-04/install/lidar_data/local/lib/python3.10/dist-packages/lidar_data/_lidar_data_s.ep.rosidl_typesupport_c.c
[13.776s] -- Installing: /home/johannes/PUM-04/install/lidar_data/local/lib/python3.10/dist-packages/lidar_data/lidar_data_s__rosidl_typesupport_fastrtps_c.cpython-310-x86_64-linux-gnu.so
[13.953s] Listing '/home/johannes/PUM-04/install/lidar_data/local/lib/python3.10/dist-packages/lidar_data'...
[13.953s] Compiling '/home/johannes/PUM-04/install/lidar_data/local/lib/python3.10/dist-packages/lidar_data/__init__.py'...
[13.953s] Listing '/home/johannes/PUM-04/install/lidar_data/local/lib/python3.10/dist-packages/lidar_data/msg'...
[13.953s] Compiling '/home/johannes/PUM-04/install/lidar_data/local/lib/python3.10/dist-packages/lidar_data/msg/__init__.py'...
[13.953s] Compiling '/home/johannes/PUM-04/install/lidar_data/local/lib/python3.10/dist-packages/lidar_data/msg/_lidar_data.py'...
[13.959s] -- Installing: /home/johannes/PUM-04/install/lidar_data/local/lib/python3.10/dist-packages/lidar_data/lidar_data_s__rosidl_typesupport_introspection_c.cpython-310-x86_64-linux-gnu.so
[13.959s] -- Set runtime path of "/home/johannes/PUM-04/install/lidar_data/local/lib/python3.10/dist-packages/lidar_data/lidar_data_s__rosidl_typesupport_introspection_c.cpython-310-x86_64-linux-gnu.so" to ""
[13.959s] -- Installing: /home/johannes/PUM-04/install/lidar_data/local/lib/python3.10/dist-packages/lidar_data/lidar_data_s__rosidl_typesupport_fastrtps_c.cpython-310-x86_64-linux-gnu.so
[13.959s] -- Set runtime path of "/home/johannes/PUM-04/install/lidar_data/local/lib/python3.10/dist-packages/lidar_data/lidar_data_s__rosidl_typesupport_fastrtps_c.cpython-310-x86_64-linux-gnu.so" to ""
[13.960s] -- Installing: /home/johannes/PUM-04/install/lidar_data/local/lib/python3.10/dist-packages/lidar_data/lidar_data_s__rosidl_typesupport_c.cpython-310-x86_64-linux-gnu.so
[13.960s] -- Set runtime path of "/home/johannes/PUM-04/install/lidar_data/local/lib/python3.10/dist-packages/lidar_data/lidar_data_s__rosidl_typesupport_c.cpython-310-x86_64-linux-gnu.so" to ""
[13.960s] -- Installing: /home/johannes/PUM-04/install/lidar_data/lib/liblidar_data__rosidl_generator_py.so
[13.960s] -- Set runtime path of "/home/johannes/PUM-04/install/lidar_data/lib/liblidar_data__rosidl_generator_py.so" to ""
[13.960s] -- Installing: /home/johannes/PUM-04/install/lidar_data/share/lidar_data/msg/LidarData.idl
[13.960s] -- Installing: /home/johannes/PUM-04/install/lidar_data/share/lidar_data/msg/LidarData.msg
[13.960s] -- Installing: /home/johannes/PUM-04/install/lidar_data/share/ament_index/resource_index/package_run_dependencies/lidar_data
[13.960s] -- Installing: /home/johannes/PUM-04/install/lidar_data/share/ament_index/resource_index/parent_prefix_path/lidar_data
[13.960s] -- Installing: /home/johannes/PUM-04/install/lidar_data/share/lidar_data/environment/ament_prefix_path.sh
[13.960s] -- Installing: /home/johannes/PUM-04/install/lidar_data/share/lidar_data/environment/ament_prefix_path.dsv
[13.961s] -- Installing: /home/johannes/PUM-04/install/lidar_data/share/lidar_data/environment/path.sh
[13.961s] -- Installing: /home/johannes/PUM-04/install/lidar_data/share/lidar_data/environment/path.dsv
[13.961s] -- Installing: /home/johannes/PUM-04/install/lidar_data/share/lidar_data/local_setup.bash
[13.961s] -- Installing: /home/johannes/PUM-04/install/lidar_data/share/lidar_data/local_setup.sh
[13.961s] -- Installing: /home/johannes/PUM-04/install/lidar_data/share/lidar_data/local_setup.zsh
[13.961s] -- Installing: /home/johannes/PUM-04/install/lidar_data/share/lidar_data/local_setup.dsv
[13.961s] -- Installing: /home/johannes/PUM-04/install/lidar_data/share/lidar_data/package.dsv
[13.961s] -- Installing: /home/johannes/PUM-04/install/lidar_data/share/ament_index/resource_index/packages/lidar_data
[13.961s] -- Installing: /home/johannes/PUM-04/install/lidar_data/share/lidar_data/cmake/export_lidar_data__rosidl_generator_cExport.cmake
[13.961s] -- Installing: /home/johannes/PUM-04/install/lidar_data/share/lidar_data/cmake/export_lidar_data__rosidl_generator_cExport-noconfig.cmake
[13.962s] -- Installing: /home/johannes/PUM-04/install/lidar_data/share/lidar_data/cmake/export_lidar_data__rosidl_typesupport_fastrtps_cExport.cmake
[13.962s] -- Installing: /home/johannes/PUM-04/install/lidar_data/share/lidar_data/cmake/export_lidar_data__rosidl_typesupport_fastrtps_cExport-noconfig.cmake
[13.962s] -- Installing: /home/johannes/PUM-04/install/lidar_data/share/lidar_data/cmake/export_lidar_data__rosidl_generator_cppExport.cmake
[13.962s] -- Installing: /home/johannes/PUM-04/install/lidar_data/share/lidar_data/cmake/export_lidar_data__rosidl_typesupport_fastrtps_cppExport.cmake
[13.962s] -- Installing: /home/johannes/PUM-04/install/lidar_data/share/lidar_data/cmake/export_lidar_data__rosidl_typesupport_fastrtps_cppExport-noconfig.cmake
[13.962s] -- Installing: /home/johannes/PUM-04/install/lidar_data/share/lidar_data/cmake/lidar_data__rosidl_typesupport_introspection_cExport.cmake
[13.962s] -- Installing: /home/johannes/PUM-04/install/lidar_data/share/lidar_data/cmake/lidar_data__rosidl_typesupport_introspection_cExport-noconfig.cmake
[13.962s] -- Installing: /home/johannes/PUM-04/install/lidar_data/share/lidar_data/cmake/lidar_data__rosidl_typesupport_cExport.cmake
[13.962s] -- Installing: /home/johannes/PUM-04/install/lidar_data/share/lidar_data/cmake/lidar_data__rosidl_typesupport_cExport-noconfig.cmake
[13.962s] -- Installing: /home/johannes/PUM-04/install/lidar_data/share/lidar_data/cmake/lidar_data__rosidl_typesupport_introspection_cppExport.cmake
[13.962s] -- Installing: /home/johannes/PUM-04/install/lidar_data/share/lidar_data/cmake/lidar_data__rosidl_typesupport_introspection_cppExport-noconfig.cmake
[13.963s] -- Installing: /home/johannes/PUM-04/install/lidar_data/share/lidar_data/cmake/lidar_data__rosidl_typesupport_cppExport.cmake
[13.963s] -- Installing: /home/johannes/PUM-04/install/lidar_data/share/lidar_data/cmake/lidar_data__rosidl_typesupport_cppExport-noconfig.cmake
[13.963s] -- Installing: /home/johannes/PUM-04/install/lidar_data/share/lidar_data/cmake/export_lidar_data__rosidl_generator_pyExport.cmake
[13.963s] -- Installing: /home/johannes/PUM-04/install/lidar_data/share/lidar_data/cmake/export_lidar_data__rosidl_generator_pyExport-noconfig.cmake
[13.963s] -- Installing: /home/johannes/PUM-04/install/lidar_data/share/lidar_data/cmake/rosidl_cmake-extras.cmake
[13.963s] -- Installing: /home/johannes/PUM-04/install/lidar_data/share/lidar_data/cmake/ament_cmake_export_dependencies-extras.cmake
[13.963s] -- Installing: /home/johannes/PUM-04/install/lidar_data/share/lidar_data/cmake/ament_cmake_export_include_directories-extras.cmake
[13.963s] -- Installing: /home/johannes/PUM-04/install/lidar_data/share/lidar_data/cmake/ament_cmake_export_libraries-extras.cmake
[13.963s] -- Installing: /home/johannes/PUM-04/install/lidar_data/share/lidar_data/cmake/ament_cmake_export_targets-extras.cmake
[13.963s] -- Installing: /home/johannes/PUM-04/install/lidar_data/share/lidar_data/cmake/rosidl_cmake_export_typesupport_targets-extras.cmake
[13.964s] -- Installing: /home/johannes/PUM-04/install/lidar_data/share/lidar_data/cmake/rosidl_cmake_export_typesupport_libraries-extras.cmake
[13.964s] -- Installing: /home/johannes/PUM-04/install/lidar_data/share/lidar_data/cmake/lidar_dataConfig.cmake
[13.964s] -- Installing: /home/johannes/PUM-04/install/lidar_data/share/lidar_data/cmake/lidar_dataConfig-version.cmake
[13.964s] -- Installing: /home/johannes/PUM-04/install/lidar_data/share/lidar_data/package.xml
[13.967s] Invoked command in '/home/johannes/PUM-04/build/lidar_data' returned '0': CMAKE_PREFIX_PATH=${CMAKE_PREFIX_PATH}:/home/johannes/ros2_humble/install/rqt_bag_plugins:/home/johannes/ros2_humble/install/rqt_bag:/home/johannes/ros2_humble/install/ros2bag:/home/johannes/ros2_humble/install/tracetools_test:/home/johannes/ros2_humble/install/tracetools_launch:/home/johannes/ros2_humble/install/topic_monitor:/home/johannes/ros2_humble/install/tf2_tools:/home/johannes/ros2_humble/install/examples_tf2_py:/home/johannes/ros2_humble/install/tf2_ros_py:/home/johannes/ros2_humble/install/sros2:/home/johannes/ros2_humble/install/rqt_topic:/home/johannes/ros2_humble/install/rqt_srv:/home/johannes/ros2_humble/install/rqt_shell:/home/johannes/ros2_humble/install/rqt_service_caller:/home/johannes/ros2_humble/install/rqt_reconfigure:/home/johannes/ros2_humble/install/rqt_py_console:/home/johannes/ros2_humble/install/rqt_publisher:/home/johannes/ros2_humble/install/rqt_plot:/home/johannes/ros2_humble/install/rqt_action:/home/johannes/ros2_humble/install/rqt_msg:/home/johannes/ros2_humble/install/rqt_console:/home/johannes/ros2_humble/install/rqt:/home/johannes/ros2_humble/install/rqt_graph:/home/johannes/ros2_humble/install/rqt_gui_py:/home/johannes/ros2_humble/install/rqt_gui:/home/johannes/ros2_humble/install/ros2trace:/home/johannes/ros2_humble/install/ros2topic:/home/johannes/ros2_humble/install/ros2test:/home/johannes/ros2_humble/install/ros2component:/home/johannes/ros2_humble/install/ros2param:/home/johannes/ros2_humble/install/ros2lifecycle:/home/johannes/ros2_humble/install/ros2service:/home/johannes/ros2_humble/install/ros2run:/home/johannes/ros2_humble/install/ros2launch:/home/johannes/ros2_humble/install/ros2pkg:/home/johannes/ros2_humble/install/ros2node:/home/johannes/ros2_humble/install/ros2multicast:/home/johannes/ros2_humble/install/ros2interface:/home/johannes/ros2_humble/install/ros2doctor:/home/johannes/ros2_humble/install/ros2action:/home/johannes/ros2_humble/install/ros2cli:/home/johannes/ros2_humble/install/quality_of_service_demo_py:/home/johannes/ros2_humble/install/lifecycle_py:/home/johannes/ros2_humble/install/launch_testing_ros:/home/johannes/ros2_humble/install/launch_ros:/home/johannes/ros2_humble/install/examples_rclpy_pointcloud_publisher:/home/johannes/ros2_humble/install/examples_rclpy_minimal_subscriber:/home/johannes/ros2_humble/install/examples_rclpy_minimal_service:/home/johannes/ros2_humble/install/examples_rclpy_minimal_publisher:/home/johannes/ros2_humble/install/examples_rclpy_minimal_client:/home/johannes/ros2_humble/install/examples_rclpy_minimal_action_server:/home/johannes/ros2_humble/install/examples_rclpy_minimal_action_client:/home/johannes/ros2_humble/install/examples_rclpy_guard_conditions:/home/johannes/ros2_humble/install/examples_rclpy_executors:/home/johannes/ros2_humble/install/demo_nodes_py:/home/johannes/ros2_humble/install/action_tutorials_py:/home/johannes/ros2_humble/install/ament_uncrustify:/home/johannes/ros2_humble/install/tracetools_trace:/home/johannes/ros2_humble/install/tracetools_read:/home/johannes/ros2_humble/install/test_tracetools_launch:/home/johannes/ros2_humble/install/test_launch_ros:/home/johannes/ros2_humble/install/sensor_msgs_py:/home/johannes/ros2_humble/install/rpyutils:/home/johannes/ros2_humble/install/rosidl_runtime_py:/home/johannes/ros2_humble/install/rosidl_cli:/home/johannes/ros2_humble/install/launch_pytest:/home/johannes/ros2_humble/install/launch_testing:/home/johannes/ros2_humble/install/launch_yaml:/home/johannes/ros2_humble/install/launch_xml:/home/johannes/ros2_humble/install/launch:/home/johannes/ros2_humble/install/osrf_pycommon:/home/johannes/ros2_humble/install/launch_testing_examples:/home/johannes/ros2_humble/install/domain_coordinator:/home/johannes/ros2_humble/install/ament_xmllint:/home/johannes/ros2_humble/install/ament_pyflakes:/home/johannes/ros2_humble/install/ament_pycodestyle:/home/johannes/ros2_humble/install/ament_pep257:/home/johannes/ros2_humble/install/ament_pclint:/home/johannes/ros2_humble/install/ament_package:/home/johannes/ros2_humble/install/ament_mypy:/home/johannes/ros2_humble/install/ament_lint_cmake:/home/johannes/ros2_humble/install/ament_flake8:/home/johannes/ros2_humble/install/ament_copyright:/home/johannes/ros2_humble/install/ament_lint:/home/johannes/ros2_humble/install/ament_index_python:/home/johannes/ros2_humble/install/ament_cpplint:/home/johannes/ros2_humble/install/ament_cppcheck:/home/johannes/ros2_humble/install/ament_clang_tidy:/home/johannes/ros2_humble/install/ament_clang_format:/home/johannes/PUM-04/AIDA/ros2_humble_ws/install/lidar:/home/johannes/PUM-04/AIDA/ros2_humble_ws/install/audio:/home/johannes/PUM-04/AIDA/ros2_humble_ws/install/aida_api:/opt/ros/humble /usr/bin/cmake --install /home/johannes/PUM-04/build/lidar_data
