[2.752s] Invoking command in '/home/johannes/PUM-04/AIDA/ros2_humble_ws/src/audio': PYTHONPATH=/home/johannes/PUM-04/build/audio/prefix_override:/home/johannes/PUM-04/install/audio/lib/python3.10/site-packages:${PYTHONPATH} /usr/bin/python3 -W ignore:setup.py install is deprecated setup.py egg_info --egg-base ../../../../build/audio build --build-base /home/johannes/PUM-04/build/audio/build install --record /home/johannes/PUM-04/build/audio/install.log --single-version-externally-managed install_data
[3.565s] running egg_info
[3.565s] creating ../../../../build/audio/audio.egg-info
[3.608s] writing ../../../../build/audio/audio.egg-info/PKG-INFO
[3.609s] writing dependency_links to ../../../../build/audio/audio.egg-info/dependency_links.txt
[3.609s] writing entry points to ../../../../build/audio/audio.egg-info/entry_points.txt
[3.609s] writing requirements to ../../../../build/audio/audio.egg-info/requires.txt
[3.609s] writing top-level names to ../../../../build/audio/audio.egg-info/top_level.txt
[3.609s] writing manifest file '../../../../build/audio/audio.egg-info/SOURCES.txt'
[3.697s] reading manifest file '../../../../build/audio/audio.egg-info/SOURCES.txt'
[3.698s] writing manifest file '../../../../build/audio/audio.egg-info/SOURCES.txt'
[3.698s] running build
[3.698s] running build_py
[3.698s] creating /home/johannes/PUM-04/build/audio/build
[3.699s] creating /home/johannes/PUM-04/build/audio/build/lib
[3.699s] creating /home/johannes/PUM-04/build/audio/build/lib/audio
[3.699s] copying audio/__init__.py -> /home/johannes/PUM-04/build/audio/build/lib/audio
[3.699s] copying audio/audio_transmit_mic.py -> /home/johannes/PUM-04/build/audio/build/lib/audio
[3.699s] running install
[3.708s] running install_lib
[3.757s] creating /home/johannes/PUM-04/install/audio/lib/python3.10/site-packages/audio
[3.757s] copying /home/johannes/PUM-04/build/audio/build/lib/audio/__init__.py -> /home/johannes/PUM-04/install/audio/lib/python3.10/site-packages/audio
[3.757s] copying /home/johannes/PUM-04/build/audio/build/lib/audio/audio_transmit_mic.py -> /home/johannes/PUM-04/install/audio/lib/python3.10/site-packages/audio
[3.759s] byte-compiling /home/johannes/PUM-04/install/audio/lib/python3.10/site-packages/audio/__init__.py to __init__.cpython-310.pyc
[3.760s] byte-compiling /home/johannes/PUM-04/install/audio/lib/python3.10/site-packages/audio/audio_transmit_mic.py to audio_transmit_mic.cpython-310.pyc
[3.762s] running install_data
[3.762s] creating /home/johannes/PUM-04/install/audio/share/ament_index
[3.762s] creating /home/johannes/PUM-04/install/audio/share/ament_index/resource_index
[3.762s] creating /home/johannes/PUM-04/install/audio/share/ament_index/resource_index/packages
[3.763s] copying resource/audio -> /home/johannes/PUM-04/install/audio/share/ament_index/resource_index/packages
[3.763s] copying package.xml -> /home/johannes/PUM-04/install/audio/share/audio
[3.763s] running install_egg_info
[3.802s] Copying ../../../../build/audio/audio.egg-info to /home/johannes/PUM-04/install/audio/lib/python3.10/site-packages/audio-0.0.0-py3.10.egg-info
[3.803s] running install_scripts
[4.105s] Installing audio_transmit_mic script to /home/johannes/PUM-04/install/audio/lib/audio
[4.107s] writing list of installed files to '/home/johannes/PUM-04/build/audio/install.log'
[4.179s] Invoked command in '/home/johannes/PUM-04/AIDA/ros2_humble_ws/src/audio' returned '0': PYTHONPATH=/home/johannes/PUM-04/build/audio/prefix_override:/home/johannes/PUM-04/install/audio/lib/python3.10/site-packages:${PYTHONPATH} /usr/bin/python3 -W ignore:setup.py install is deprecated setup.py egg_info --egg-base ../../../../build/audio build --build-base /home/johannes/PUM-04/build/audio/build install --record /home/johannes/PUM-04/build/audio/install.log --single-version-externally-managed install_data
