[0.753s] Invoking command in '/home/johannes/PUM-04/build/aida_interfaces': CMAKE_PREFIX_PATH=${CMAKE_PREFIX_PATH}:/home/johannes/ros2_humble/install/rqt_bag_plugins:/home/johannes/ros2_humble/install/rqt_bag:/home/johannes/ros2_humble/install/ros2bag:/home/johannes/ros2_humble/install/tracetools_test:/home/johannes/ros2_humble/install/tracetools_launch:/home/johannes/ros2_humble/install/topic_monitor:/home/johannes/ros2_humble/install/tf2_tools:/home/johannes/ros2_humble/install/examples_tf2_py:/home/johannes/ros2_humble/install/tf2_ros_py:/home/johannes/ros2_humble/install/sros2:/home/johannes/ros2_humble/install/rqt_topic:/home/johannes/ros2_humble/install/rqt_srv:/home/johannes/ros2_humble/install/rqt_shell:/home/johannes/ros2_humble/install/rqt_service_caller:/home/johannes/ros2_humble/install/rqt_reconfigure:/home/johannes/ros2_humble/install/rqt_py_console:/home/johannes/ros2_humble/install/rqt_publisher:/home/johannes/ros2_humble/install/rqt_plot:/home/johannes/ros2_humble/install/rqt_action:/home/johannes/ros2_humble/install/rqt_msg:/home/johannes/ros2_humble/install/rqt_console:/home/johannes/ros2_humble/install/rqt:/home/johannes/ros2_humble/install/rqt_graph:/home/johannes/ros2_humble/install/rqt_gui_py:/home/johannes/ros2_humble/install/rqt_gui:/home/johannes/ros2_humble/install/ros2trace:/home/johannes/ros2_humble/install/ros2topic:/home/johannes/ros2_humble/install/ros2test:/home/johannes/ros2_humble/install/ros2component:/home/johannes/ros2_humble/install/ros2param:/home/johannes/ros2_humble/install/ros2lifecycle:/home/johannes/ros2_humble/install/ros2service:/home/johannes/ros2_humble/install/ros2run:/home/johannes/ros2_humble/install/ros2launch:/home/johannes/ros2_humble/install/ros2pkg:/home/johannes/ros2_humble/install/ros2node:/home/johannes/ros2_humble/install/ros2multicast:/home/johannes/ros2_humble/install/ros2interface:/home/johannes/ros2_humble/install/ros2doctor:/home/johannes/ros2_humble/install/ros2action:/home/johannes/ros2_humble/install/ros2cli:/home/johannes/ros2_humble/install/quality_of_service_demo_py:/home/johannes/ros2_humble/install/lifecycle_py:/home/johannes/ros2_humble/install/launch_testing_ros:/home/johannes/ros2_humble/install/launch_ros:/home/johannes/ros2_humble/install/examples_rclpy_pointcloud_publisher:/home/johannes/ros2_humble/install/examples_rclpy_minimal_subscriber:/home/johannes/ros2_humble/install/examples_rclpy_minimal_service:/home/johannes/ros2_humble/install/examples_rclpy_minimal_publisher:/home/johannes/ros2_humble/install/examples_rclpy_minimal_client:/home/johannes/ros2_humble/install/examples_rclpy_minimal_action_server:/home/johannes/ros2_humble/install/examples_rclpy_minimal_action_client:/home/johannes/ros2_humble/install/examples_rclpy_guard_conditions:/home/johannes/ros2_humble/install/examples_rclpy_executors:/home/johannes/ros2_humble/install/demo_nodes_py:/home/johannes/ros2_humble/install/action_tutorials_py:/home/johannes/ros2_humble/install/ament_uncrustify:/home/johannes/ros2_humble/install/tracetools_trace:/home/johannes/ros2_humble/install/tracetools_read:/home/johannes/ros2_humble/install/test_tracetools_launch:/home/johannes/ros2_humble/install/test_launch_ros:/home/johannes/ros2_humble/install/sensor_msgs_py:/home/johannes/ros2_humble/install/rpyutils:/home/johannes/ros2_humble/install/rosidl_runtime_py:/home/johannes/ros2_humble/install/rosidl_cli:/home/johannes/ros2_humble/install/launch_pytest:/home/johannes/ros2_humble/install/launch_testing:/home/johannes/ros2_humble/install/launch_yaml:/home/johannes/ros2_humble/install/launch_xml:/home/johannes/ros2_humble/install/launch:/home/johannes/ros2_humble/install/osrf_pycommon:/home/johannes/ros2_humble/install/launch_testing_examples:/home/johannes/ros2_humble/install/domain_coordinator:/home/johannes/ros2_humble/install/ament_xmllint:/home/johannes/ros2_humble/install/ament_pyflakes:/home/johannes/ros2_humble/install/ament_pycodestyle:/home/johannes/ros2_humble/install/ament_pep257:/home/johannes/ros2_humble/install/ament_pclint:/home/johannes/ros2_humble/install/ament_package:/home/johannes/ros2_humble/install/ament_mypy:/home/johannes/ros2_humble/install/ament_lint_cmake:/home/johannes/ros2_humble/install/ament_flake8:/home/johannes/ros2_humble/install/ament_copyright:/home/johannes/ros2_humble/install/ament_lint:/home/johannes/ros2_humble/install/ament_index_python:/home/johannes/ros2_humble/install/ament_cpplint:/home/johannes/ros2_humble/install/ament_cppcheck:/home/johannes/ros2_humble/install/ament_clang_tidy:/home/johannes/ros2_humble/install/ament_clang_format:/home/johannes/PUM-04/AIDA/ros2_humble_ws/install/lidar:/home/johannes/PUM-04/AIDA/ros2_humble_ws/install/audio:/home/johannes/PUM-04/AIDA/ros2_humble_ws/install/aida_api:/opt/ros/humble /usr/bin/cmake /home/johannes/PUM-04/AIDA/ros2_humble_ws/src/aida_interfaces -DCMAKE_INSTALL_PREFIX=/home/johannes/PUM-04/install/aida_interfaces
[0.902s] -- The C compiler identification is GNU 11.4.0
[0.979s] -- The CXX compiler identification is GNU 11.4.0
[0.990s] -- Detecting C compiler ABI info
[1.126s] -- Detecting C compiler ABI info - done
[1.138s] -- Check for working C compiler: /usr/bin/cc - skipped
[1.138s] -- Detecting C compile features
[1.139s] -- Detecting C compile features - done
[1.142s] -- Detecting CXX compiler ABI info
[1.305s] -- Detecting CXX compiler ABI info - done
[1.312s] -- Check for working CXX compiler: /usr/bin/c++ - skipped
[1.312s] -- Detecting CXX compile features
[1.312s] -- Detecting CXX compile features - done
[1.348s] -- Found ament_cmake: 1.3.8 (/home/johannes/ros2_humble/install/ament_cmake/share/ament_cmake/cmake)
[2.716s] -- Found Python3: /usr/bin/python3 (found version "3.10.12") found components: Interpreter 
[3.531s] -- Found std_msgs: 4.2.3 (/home/johannes/ros2_humble/install/std_msgs/share/std_msgs/cmake)
[3.742s] -- Found rosidl_generator_c: 3.1.5 (/home/johannes/ros2_humble/install/rosidl_generator_c/share/rosidl_generator_c/cmake)
[3.774s] -- Found rosidl_adapter: 3.1.5 (/home/johannes/ros2_humble/install/rosidl_adapter/share/rosidl_adapter/cmake)
[3.810s] -- Found rosidl_generator_cpp: 3.1.5 (/home/johannes/ros2_humble/install/rosidl_generator_cpp/share/rosidl_generator_cpp/cmake)
[3.900s] -- Using all available rosidl_typesupport_c: rosidl_typesupport_introspection_c;rosidl_typesupport_fastrtps_c
[4.004s] -- Using all available rosidl_typesupport_cpp: rosidl_typesupport_introspection_cpp;rosidl_typesupport_fastrtps_cpp
[4.172s] -- Found rosidl_default_generators: 1.2.0 (/home/johannes/ros2_humble/install/rosidl_default_generators/share/rosidl_default_generators/cmake)
[5.364s] -- Found ament_cmake_ros: 0.10.0 (/home/johannes/ros2_humble/install/ament_cmake_ros/share/ament_cmake_ros/cmake)
[7.015s] -- Using all available rosidl_typesupport_c: rosidl_typesupport_introspection_c;rosidl_typesupport_fastrtps_c
[7.541s] -- Using all available rosidl_typesupport_cpp: rosidl_typesupport_introspection_cpp;rosidl_typesupport_fastrtps_cpp
[7.641s] -- Found PythonInterp: /usr/bin/python3 (found suitable version "3.10.12", minimum required is "3.6") 
[7.664s] -- Found python_cmake_module: 0.10.0 (/home/johannes/ros2_humble/install/python_cmake_module/share/python_cmake_module/cmake)
[7.844s] -- Found PythonLibs: /usr/lib/x86_64-linux-gnu/libpython3.10.so (found suitable version "3.10.12", minimum required is "3.5") 
[7.845s] -- Using PYTHON_EXECUTABLE: /usr/bin/python3
[7.845s] -- Using PYTHON_INCLUDE_DIRS: /usr/include/python3.10
[7.845s] -- Using PYTHON_LIBRARIES: /usr/lib/x86_64-linux-gnu/libpython3.10.so
[7.947s] -- Found PythonExtra: .so  
[8.590s] -- Found ament_lint_auto: 0.12.10 (/home/johannes/ros2_humble/install/ament_lint_auto/share/ament_lint_auto/cmake)
[8.747s] -- Added test 'lint_cmake' to check CMake code style
[8.755s] -- Added test 'xmllint' to check XML markup files
[8.774s] -- Configuring done
[8.812s] -- Generating done
[8.815s] -- Build files have been written to: /home/johannes/PUM-04/build/aida_interfaces
[8.829s] Invoked command in '/home/johannes/PUM-04/build/aida_interfaces' returned '0': CMAKE_PREFIX_PATH=${CMAKE_PREFIX_PATH}:/home/johannes/ros2_humble/install/rqt_bag_plugins:/home/johannes/ros2_humble/install/rqt_bag:/home/johannes/ros2_humble/install/ros2bag:/home/johannes/ros2_humble/install/tracetools_test:/home/johannes/ros2_humble/install/tracetools_launch:/home/johannes/ros2_humble/install/topic_monitor:/home/johannes/ros2_humble/install/tf2_tools:/home/johannes/ros2_humble/install/examples_tf2_py:/home/johannes/ros2_humble/install/tf2_ros_py:/home/johannes/ros2_humble/install/sros2:/home/johannes/ros2_humble/install/rqt_topic:/home/johannes/ros2_humble/install/rqt_srv:/home/johannes/ros2_humble/install/rqt_shell:/home/johannes/ros2_humble/install/rqt_service_caller:/home/johannes/ros2_humble/install/rqt_reconfigure:/home/johannes/ros2_humble/install/rqt_py_console:/home/johannes/ros2_humble/install/rqt_publisher:/home/johannes/ros2_humble/install/rqt_plot:/home/johannes/ros2_humble/install/rqt_action:/home/johannes/ros2_humble/install/rqt_msg:/home/johannes/ros2_humble/install/rqt_console:/home/johannes/ros2_humble/install/rqt:/home/johannes/ros2_humble/install/rqt_graph:/home/johannes/ros2_humble/install/rqt_gui_py:/home/johannes/ros2_humble/install/rqt_gui:/home/johannes/ros2_humble/install/ros2trace:/home/johannes/ros2_humble/install/ros2topic:/home/johannes/ros2_humble/install/ros2test:/home/johannes/ros2_humble/install/ros2component:/home/johannes/ros2_humble/install/ros2param:/home/johannes/ros2_humble/install/ros2lifecycle:/home/johannes/ros2_humble/install/ros2service:/home/johannes/ros2_humble/install/ros2run:/home/johannes/ros2_humble/install/ros2launch:/home/johannes/ros2_humble/install/ros2pkg:/home/johannes/ros2_humble/install/ros2node:/home/johannes/ros2_humble/install/ros2multicast:/home/johannes/ros2_humble/install/ros2interface:/home/johannes/ros2_humble/install/ros2doctor:/home/johannes/ros2_humble/install/ros2action:/home/johannes/ros2_humble/install/ros2cli:/home/johannes/ros2_humble/install/quality_of_service_demo_py:/home/johannes/ros2_humble/install/lifecycle_py:/home/johannes/ros2_humble/install/launch_testing_ros:/home/johannes/ros2_humble/install/launch_ros:/home/johannes/ros2_humble/install/examples_rclpy_pointcloud_publisher:/home/johannes/ros2_humble/install/examples_rclpy_minimal_subscriber:/home/johannes/ros2_humble/install/examples_rclpy_minimal_service:/home/johannes/ros2_humble/install/examples_rclpy_minimal_publisher:/home/johannes/ros2_humble/install/examples_rclpy_minimal_client:/home/johannes/ros2_humble/install/examples_rclpy_minimal_action_server:/home/johannes/ros2_humble/install/examples_rclpy_minimal_action_client:/home/johannes/ros2_humble/install/examples_rclpy_guard_conditions:/home/johannes/ros2_humble/install/examples_rclpy_executors:/home/johannes/ros2_humble/install/demo_nodes_py:/home/johannes/ros2_humble/install/action_tutorials_py:/home/johannes/ros2_humble/install/ament_uncrustify:/home/johannes/ros2_humble/install/tracetools_trace:/home/johannes/ros2_humble/install/tracetools_read:/home/johannes/ros2_humble/install/test_tracetools_launch:/home/johannes/ros2_humble/install/test_launch_ros:/home/johannes/ros2_humble/install/sensor_msgs_py:/home/johannes/ros2_humble/install/rpyutils:/home/johannes/ros2_humble/install/rosidl_runtime_py:/home/johannes/ros2_humble/install/rosidl_cli:/home/johannes/ros2_humble/install/launch_pytest:/home/johannes/ros2_humble/install/launch_testing:/home/johannes/ros2_humble/install/launch_yaml:/home/johannes/ros2_humble/install/launch_xml:/home/johannes/ros2_humble/install/launch:/home/johannes/ros2_humble/install/osrf_pycommon:/home/johannes/ros2_humble/install/launch_testing_examples:/home/johannes/ros2_humble/install/domain_coordinator:/home/johannes/ros2_humble/install/ament_xmllint:/home/johannes/ros2_humble/install/ament_pyflakes:/home/johannes/ros2_humble/install/ament_pycodestyle:/home/johannes/ros2_humble/install/ament_pep257:/home/johannes/ros2_humble/install/ament_pclint:/home/johannes/ros2_humble/install/ament_package:/home/johannes/ros2_humble/install/ament_mypy:/home/johannes/ros2_humble/install/ament_lint_cmake:/home/johannes/ros2_humble/install/ament_flake8:/home/johannes/ros2_humble/install/ament_copyright:/home/johannes/ros2_humble/install/ament_lint:/home/johannes/ros2_humble/install/ament_index_python:/home/johannes/ros2_humble/install/ament_cpplint:/home/johannes/ros2_humble/install/ament_cppcheck:/home/johannes/ros2_humble/install/ament_clang_tidy:/home/johannes/ros2_humble/install/ament_clang_format:/home/johannes/PUM-04/AIDA/ros2_humble_ws/install/lidar:/home/johannes/PUM-04/AIDA/ros2_humble_ws/install/audio:/home/johannes/PUM-04/AIDA/ros2_humble_ws/install/aida_api:/opt/ros/humble /usr/bin/cmake /home/johannes/PUM-04/AIDA/ros2_humble_ws/src/aida_interfaces -DCMAKE_INSTALL_PREFIX=/home/johannes/PUM-04/install/aida_interfaces
[8.830s] Invoking command in '/home/johannes/PUM-04/build/aida_interfaces': CMAKE_PREFIX_PATH=${CMAKE_PREFIX_PATH}:/home/johannes/ros2_humble/install/rqt_bag_plugins:/home/johannes/ros2_humble/install/rqt_bag:/home/johannes/ros2_humble/install/ros2bag:/home/johannes/ros2_humble/install/tracetools_test:/home/johannes/ros2_humble/install/tracetools_launch:/home/johannes/ros2_humble/install/topic_monitor:/home/johannes/ros2_humble/install/tf2_tools:/home/johannes/ros2_humble/install/examples_tf2_py:/home/johannes/ros2_humble/install/tf2_ros_py:/home/johannes/ros2_humble/install/sros2:/home/johannes/ros2_humble/install/rqt_topic:/home/johannes/ros2_humble/install/rqt_srv:/home/johannes/ros2_humble/install/rqt_shell:/home/johannes/ros2_humble/install/rqt_service_caller:/home/johannes/ros2_humble/install/rqt_reconfigure:/home/johannes/ros2_humble/install/rqt_py_console:/home/johannes/ros2_humble/install/rqt_publisher:/home/johannes/ros2_humble/install/rqt_plot:/home/johannes/ros2_humble/install/rqt_action:/home/johannes/ros2_humble/install/rqt_msg:/home/johannes/ros2_humble/install/rqt_console:/home/johannes/ros2_humble/install/rqt:/home/johannes/ros2_humble/install/rqt_graph:/home/johannes/ros2_humble/install/rqt_gui_py:/home/johannes/ros2_humble/install/rqt_gui:/home/johannes/ros2_humble/install/ros2trace:/home/johannes/ros2_humble/install/ros2topic:/home/johannes/ros2_humble/install/ros2test:/home/johannes/ros2_humble/install/ros2component:/home/johannes/ros2_humble/install/ros2param:/home/johannes/ros2_humble/install/ros2lifecycle:/home/johannes/ros2_humble/install/ros2service:/home/johannes/ros2_humble/install/ros2run:/home/johannes/ros2_humble/install/ros2launch:/home/johannes/ros2_humble/install/ros2pkg:/home/johannes/ros2_humble/install/ros2node:/home/johannes/ros2_humble/install/ros2multicast:/home/johannes/ros2_humble/install/ros2interface:/home/johannes/ros2_humble/install/ros2doctor:/home/johannes/ros2_humble/install/ros2action:/home/johannes/ros2_humble/install/ros2cli:/home/johannes/ros2_humble/install/quality_of_service_demo_py:/home/johannes/ros2_humble/install/lifecycle_py:/home/johannes/ros2_humble/install/launch_testing_ros:/home/johannes/ros2_humble/install/launch_ros:/home/johannes/ros2_humble/install/examples_rclpy_pointcloud_publisher:/home/johannes/ros2_humble/install/examples_rclpy_minimal_subscriber:/home/johannes/ros2_humble/install/examples_rclpy_minimal_service:/home/johannes/ros2_humble/install/examples_rclpy_minimal_publisher:/home/johannes/ros2_humble/install/examples_rclpy_minimal_client:/home/johannes/ros2_humble/install/examples_rclpy_minimal_action_server:/home/johannes/ros2_humble/install/examples_rclpy_minimal_action_client:/home/johannes/ros2_humble/install/examples_rclpy_guard_conditions:/home/johannes/ros2_humble/install/examples_rclpy_executors:/home/johannes/ros2_humble/install/demo_nodes_py:/home/johannes/ros2_humble/install/action_tutorials_py:/home/johannes/ros2_humble/install/ament_uncrustify:/home/johannes/ros2_humble/install/tracetools_trace:/home/johannes/ros2_humble/install/tracetools_read:/home/johannes/ros2_humble/install/test_tracetools_launch:/home/johannes/ros2_humble/install/test_launch_ros:/home/johannes/ros2_humble/install/sensor_msgs_py:/home/johannes/ros2_humble/install/rpyutils:/home/johannes/ros2_humble/install/rosidl_runtime_py:/home/johannes/ros2_humble/install/rosidl_cli:/home/johannes/ros2_humble/install/launch_pytest:/home/johannes/ros2_humble/install/launch_testing:/home/johannes/ros2_humble/install/launch_yaml:/home/johannes/ros2_humble/install/launch_xml:/home/johannes/ros2_humble/install/launch:/home/johannes/ros2_humble/install/osrf_pycommon:/home/johannes/ros2_humble/install/launch_testing_examples:/home/johannes/ros2_humble/install/domain_coordinator:/home/johannes/ros2_humble/install/ament_xmllint:/home/johannes/ros2_humble/install/ament_pyflakes:/home/johannes/ros2_humble/install/ament_pycodestyle:/home/johannes/ros2_humble/install/ament_pep257:/home/johannes/ros2_humble/install/ament_pclint:/home/johannes/ros2_humble/install/ament_package:/home/johannes/ros2_humble/install/ament_mypy:/home/johannes/ros2_humble/install/ament_lint_cmake:/home/johannes/ros2_humble/install/ament_flake8:/home/johannes/ros2_humble/install/ament_copyright:/home/johannes/ros2_humble/install/ament_lint:/home/johannes/ros2_humble/install/ament_index_python:/home/johannes/ros2_humble/install/ament_cpplint:/home/johannes/ros2_humble/install/ament_cppcheck:/home/johannes/ros2_humble/install/ament_clang_tidy:/home/johannes/ros2_humble/install/ament_clang_format:/home/johannes/PUM-04/AIDA/ros2_humble_ws/install/lidar:/home/johannes/PUM-04/AIDA/ros2_humble_ws/install/audio:/home/johannes/PUM-04/AIDA/ros2_humble_ws/install/aida_api:/opt/ros/humble /usr/bin/cmake --build /home/johannes/PUM-04/build/aida_interfaces -- -j2 -l2
[8.933s] [  2%] [34m[1mGenerating C code for ROS interfaces[0m
[8.982s] [  5%] [34m[1mGenerating C++ code for ROS interfaces[0m
[10.063s] [  7%] [32mBuilding C object CMakeFiles/aida_interfaces__rosidl_generator_c.dir/rosidl_generator_c/aida_interfaces/srv/detail/set_state__functions.c.o[0m
[10.167s] [ 10%] [32mBuilding C object CMakeFiles/aida_interfaces__rosidl_generator_c.dir/rosidl_generator_c/aida_interfaces/msg/detail/joystick__functions.c.o[0m
[10.298s] [ 12%] [32m[1mLinking C shared library libaida_interfaces__rosidl_generator_c.so[0m
[10.352s] [ 12%] Built target aida_interfaces__cpp
[10.418s] [ 12%] Built target aida_interfaces__rosidl_generator_c
[10.443s] [ 15%] [34m[1mGenerating C++ type support dispatch for ROS interfaces[0m
[10.497s] [ 15%] Built target ament_cmake_python_copy_aida_interfaces
[10.558s] [ 17%] [34m[1mGenerating C type support for eProsima Fast-RTPS[0m
[11.409s] [ 20%] [32mBuilding CXX object CMakeFiles/aida_interfaces__rosidl_typesupport_cpp.dir/rosidl_typesupport_cpp/aida_interfaces/srv/set_state__type_support.cpp.o[0m
[11.585s] [ 23%] [32mBuilding CXX object CMakeFiles/aida_interfaces__rosidl_typesupport_fastrtps_c.dir/rosidl_typesupport_fastrtps_c/aida_interfaces/srv/detail/set_state__type_support_c.cpp.o[0m
[12.081s] [ 25%] [32mBuilding CXX object CMakeFiles/aida_interfaces__rosidl_typesupport_cpp.dir/rosidl_typesupport_cpp/aida_interfaces/msg/joystick__type_support.cpp.o[0m
[12.399s] [ 28%] [32mBuilding CXX object CMakeFiles/aida_interfaces__rosidl_typesupport_fastrtps_c.dir/rosidl_typesupport_fastrtps_c/aida_interfaces/msg/detail/joystick__type_support_c.cpp.o[0m
[12.650s] [ 30%] [32m[1mLinking CXX shared library libaida_interfaces__rosidl_typesupport_cpp.so[0m
[12.846s] [ 30%] Built target aida_interfaces__rosidl_typesupport_cpp
[12.914s] [ 33%] [34m[1mGenerating C++ type support for eProsima Fast-RTPS[0m
[12.968s] [ 35%] [32m[1mLinking CXX shared library libaida_interfaces__rosidl_typesupport_fastrtps_c.so[0m
[13.162s] [ 35%] Built target aida_interfaces__rosidl_typesupport_fastrtps_c
[13.237s] [ 38%] [34m[1mGenerating C introspection for ROS interfaces[0m
[14.118s] [ 41%] [32mBuilding CXX object CMakeFiles/aida_interfaces__rosidl_typesupport_fastrtps_cpp.dir/rosidl_typesupport_fastrtps_cpp/aida_interfaces/srv/detail/dds_fastrtps/set_state__type_support.cpp.o[0m
[14.356s] [ 43%] [32mBuilding C object CMakeFiles/aida_interfaces__rosidl_typesupport_introspection_c.dir/rosidl_typesupport_introspection_c/aida_interfaces/srv/detail/set_state__type_support.c.o[0m
[14.426s] [ 46%] [32mBuilding C object CMakeFiles/aida_interfaces__rosidl_typesupport_introspection_c.dir/rosidl_typesupport_introspection_c/aida_interfaces/msg/detail/joystick__type_support.c.o[0m
[14.493s] [ 48%] [32m[1mLinking C shared library libaida_interfaces__rosidl_typesupport_introspection_c.so[0m
[14.556s] [ 48%] Built target aida_interfaces__rosidl_typesupport_introspection_c
[14.581s] [ 51%] [34m[1mGenerating C type support dispatch for ROS interfaces[0m
[14.955s] [ 53%] [32mBuilding CXX object CMakeFiles/aida_interfaces__rosidl_typesupport_fastrtps_cpp.dir/rosidl_typesupport_fastrtps_cpp/aida_interfaces/msg/detail/dds_fastrtps/joystick__type_support.cpp.o[0m
[15.676s] [ 56%] [32mBuilding CXX object CMakeFiles/aida_interfaces__rosidl_typesupport_c.dir/rosidl_typesupport_c/aida_interfaces/srv/set_state__type_support.cpp.o[0m
[15.764s] [ 58%] [32m[1mLinking CXX shared library libaida_interfaces__rosidl_typesupport_fastrtps_cpp.so[0m
[15.836s] [ 61%] [32mBuilding CXX object CMakeFiles/aida_interfaces__rosidl_typesupport_c.dir/rosidl_typesupport_c/aida_interfaces/msg/joystick__type_support.cpp.o[0m
[15.956s] [ 61%] Built target aida_interfaces__rosidl_typesupport_fastrtps_cpp
[15.972s] [ 64%] [32m[1mLinking CXX shared library libaida_interfaces__rosidl_typesupport_c.so[0m
[16.036s] [ 66%] [34m[1mGenerating C++ introspection for ROS interfaces[0m
[16.093s] [ 66%] Built target aida_interfaces__rosidl_typesupport_c
[17.026s] [ 69%] [32mBuilding CXX object CMakeFiles/aida_interfaces__rosidl_typesupport_introspection_cpp.dir/rosidl_typesupport_introspection_cpp/aida_interfaces/srv/detail/set_state__type_support.cpp.o[0m
[17.054s] running egg_info
[17.055s] creating aida_interfaces.egg-info
[17.090s] writing aida_interfaces.egg-info/PKG-INFO
[17.094s] writing dependency_links to aida_interfaces.egg-info/dependency_links.txt
[17.100s] writing top-level names to aida_interfaces.egg-info/top_level.txt
[17.101s] writing manifest file 'aida_interfaces.egg-info/SOURCES.txt'
[17.245s] reading manifest file 'aida_interfaces.egg-info/SOURCES.txt'
[17.246s] writing manifest file 'aida_interfaces.egg-info/SOURCES.txt'
[17.387s] [ 69%] Built target ament_cmake_python_build_aida_interfaces_egg
[17.461s] [ 71%] [32mBuilding CXX object CMakeFiles/aida_interfaces__rosidl_typesupport_introspection_cpp.dir/rosidl_typesupport_introspection_cpp/aida_interfaces/msg/detail/joystick__type_support.cpp.o[0m
[18.011s] [ 74%] [32m[1mLinking CXX shared library libaida_interfaces__rosidl_typesupport_introspection_cpp.so[0m
[18.141s] [ 74%] Built target aida_interfaces__rosidl_typesupport_introspection_cpp
[18.196s] [ 74%] Built target aida_interfaces
[18.251s] [ 76%] [34m[1mGenerating Python code for ROS interfaces[0m
[19.510s] [ 76%] Built target aida_interfaces__py
[19.652s] [ 79%] [32mBuilding C object CMakeFiles/aida_interfaces__rosidl_generator_py.dir/rosidl_generator_py/aida_interfaces/srv/_set_state_s.c.o[0m
[19.652s] [ 82%] [32mBuilding C object CMakeFiles/aida_interfaces__rosidl_generator_py.dir/rosidl_generator_py/aida_interfaces/msg/_joystick_s.c.o[0m
[19.987s] [ 84%] [32m[1mLinking C shared library rosidl_generator_py/aida_interfaces/libaida_interfaces__rosidl_generator_py.so[0m
[20.101s] [ 84%] Built target aida_interfaces__rosidl_generator_py
[20.226s] [ 87%] [32mBuilding C object CMakeFiles/aida_interfaces__rosidl_typesupport_introspection_c__pyext.dir/rosidl_generator_py/aida_interfaces/_aida_interfaces_s.ep.rosidl_typesupport_introspection_c.c.o[0m
[20.226s] [ 89%] [32mBuilding C object CMakeFiles/aida_interfaces__rosidl_typesupport_fastrtps_c__pyext.dir/rosidl_generator_py/aida_interfaces/_aida_interfaces_s.ep.rosidl_typesupport_fastrtps_c.c.o[0m
[20.509s] [ 92%] [32m[1mLinking C shared library rosidl_generator_py/aida_interfaces/aida_interfaces_s__rosidl_typesupport_introspection_c.cpython-310-x86_64-linux-gnu.so[0m
[20.518s] [ 94%] [32m[1mLinking C shared library rosidl_generator_py/aida_interfaces/aida_interfaces_s__rosidl_typesupport_fastrtps_c.cpython-310-x86_64-linux-gnu.so[0m
[20.681s] [ 94%] Built target aida_interfaces__rosidl_typesupport_fastrtps_c__pyext
[20.681s] [ 94%] Built target aida_interfaces__rosidl_typesupport_introspection_c__pyext
[20.836s] [ 97%] [32mBuilding C object CMakeFiles/aida_interfaces__rosidl_typesupport_c__pyext.dir/rosidl_generator_py/aida_interfaces/_aida_interfaces_s.ep.rosidl_typesupport_c.c.o[0m
[21.153s] [100%] [32m[1mLinking C shared library rosidl_generator_py/aida_interfaces/aida_interfaces_s__rosidl_typesupport_c.cpython-310-x86_64-linux-gnu.so[0m
[21.267s] [100%] Built target aida_interfaces__rosidl_typesupport_c__pyext
[21.330s] Invoked command in '/home/johannes/PUM-04/build/aida_interfaces' returned '0': CMAKE_PREFIX_PATH=${CMAKE_PREFIX_PATH}:/home/johannes/ros2_humble/install/rqt_bag_plugins:/home/johannes/ros2_humble/install/rqt_bag:/home/johannes/ros2_humble/install/ros2bag:/home/johannes/ros2_humble/install/tracetools_test:/home/johannes/ros2_humble/install/tracetools_launch:/home/johannes/ros2_humble/install/topic_monitor:/home/johannes/ros2_humble/install/tf2_tools:/home/johannes/ros2_humble/install/examples_tf2_py:/home/johannes/ros2_humble/install/tf2_ros_py:/home/johannes/ros2_humble/install/sros2:/home/johannes/ros2_humble/install/rqt_topic:/home/johannes/ros2_humble/install/rqt_srv:/home/johannes/ros2_humble/install/rqt_shell:/home/johannes/ros2_humble/install/rqt_service_caller:/home/johannes/ros2_humble/install/rqt_reconfigure:/home/johannes/ros2_humble/install/rqt_py_console:/home/johannes/ros2_humble/install/rqt_publisher:/home/johannes/ros2_humble/install/rqt_plot:/home/johannes/ros2_humble/install/rqt_action:/home/johannes/ros2_humble/install/rqt_msg:/home/johannes/ros2_humble/install/rqt_console:/home/johannes/ros2_humble/install/rqt:/home/johannes/ros2_humble/install/rqt_graph:/home/johannes/ros2_humble/install/rqt_gui_py:/home/johannes/ros2_humble/install/rqt_gui:/home/johannes/ros2_humble/install/ros2trace:/home/johannes/ros2_humble/install/ros2topic:/home/johannes/ros2_humble/install/ros2test:/home/johannes/ros2_humble/install/ros2component:/home/johannes/ros2_humble/install/ros2param:/home/johannes/ros2_humble/install/ros2lifecycle:/home/johannes/ros2_humble/install/ros2service:/home/johannes/ros2_humble/install/ros2run:/home/johannes/ros2_humble/install/ros2launch:/home/johannes/ros2_humble/install/ros2pkg:/home/johannes/ros2_humble/install/ros2node:/home/johannes/ros2_humble/install/ros2multicast:/home/johannes/ros2_humble/install/ros2interface:/home/johannes/ros2_humble/install/ros2doctor:/home/johannes/ros2_humble/install/ros2action:/home/johannes/ros2_humble/install/ros2cli:/home/johannes/ros2_humble/install/quality_of_service_demo_py:/home/johannes/ros2_humble/install/lifecycle_py:/home/johannes/ros2_humble/install/launch_testing_ros:/home/johannes/ros2_humble/install/launch_ros:/home/johannes/ros2_humble/install/examples_rclpy_pointcloud_publisher:/home/johannes/ros2_humble/install/examples_rclpy_minimal_subscriber:/home/johannes/ros2_humble/install/examples_rclpy_minimal_service:/home/johannes/ros2_humble/install/examples_rclpy_minimal_publisher:/home/johannes/ros2_humble/install/examples_rclpy_minimal_client:/home/johannes/ros2_humble/install/examples_rclpy_minimal_action_server:/home/johannes/ros2_humble/install/examples_rclpy_minimal_action_client:/home/johannes/ros2_humble/install/examples_rclpy_guard_conditions:/home/johannes/ros2_humble/install/examples_rclpy_executors:/home/johannes/ros2_humble/install/demo_nodes_py:/home/johannes/ros2_humble/install/action_tutorials_py:/home/johannes/ros2_humble/install/ament_uncrustify:/home/johannes/ros2_humble/install/tracetools_trace:/home/johannes/ros2_humble/install/tracetools_read:/home/johannes/ros2_humble/install/test_tracetools_launch:/home/johannes/ros2_humble/install/test_launch_ros:/home/johannes/ros2_humble/install/sensor_msgs_py:/home/johannes/ros2_humble/install/rpyutils:/home/johannes/ros2_humble/install/rosidl_runtime_py:/home/johannes/ros2_humble/install/rosidl_cli:/home/johannes/ros2_humble/install/launch_pytest:/home/johannes/ros2_humble/install/launch_testing:/home/johannes/ros2_humble/install/launch_yaml:/home/johannes/ros2_humble/install/launch_xml:/home/johannes/ros2_humble/install/launch:/home/johannes/ros2_humble/install/osrf_pycommon:/home/johannes/ros2_humble/install/launch_testing_examples:/home/johannes/ros2_humble/install/domain_coordinator:/home/johannes/ros2_humble/install/ament_xmllint:/home/johannes/ros2_humble/install/ament_pyflakes:/home/johannes/ros2_humble/install/ament_pycodestyle:/home/johannes/ros2_humble/install/ament_pep257:/home/johannes/ros2_humble/install/ament_pclint:/home/johannes/ros2_humble/install/ament_package:/home/johannes/ros2_humble/install/ament_mypy:/home/johannes/ros2_humble/install/ament_lint_cmake:/home/johannes/ros2_humble/install/ament_flake8:/home/johannes/ros2_humble/install/ament_copyright:/home/johannes/ros2_humble/install/ament_lint:/home/johannes/ros2_humble/install/ament_index_python:/home/johannes/ros2_humble/install/ament_cpplint:/home/johannes/ros2_humble/install/ament_cppcheck:/home/johannes/ros2_humble/install/ament_clang_tidy:/home/johannes/ros2_humble/install/ament_clang_format:/home/johannes/PUM-04/AIDA/ros2_humble_ws/install/lidar:/home/johannes/PUM-04/AIDA/ros2_humble_ws/install/audio:/home/johannes/PUM-04/AIDA/ros2_humble_ws/install/aida_api:/opt/ros/humble /usr/bin/cmake --build /home/johannes/PUM-04/build/aida_interfaces -- -j2 -l2
[22.473s] Invoking command in '/home/johannes/PUM-04/build/aida_interfaces': CMAKE_PREFIX_PATH=${CMAKE_PREFIX_PATH}:/home/johannes/ros2_humble/install/rqt_bag_plugins:/home/johannes/ros2_humble/install/rqt_bag:/home/johannes/ros2_humble/install/ros2bag:/home/johannes/ros2_humble/install/tracetools_test:/home/johannes/ros2_humble/install/tracetools_launch:/home/johannes/ros2_humble/install/topic_monitor:/home/johannes/ros2_humble/install/tf2_tools:/home/johannes/ros2_humble/install/examples_tf2_py:/home/johannes/ros2_humble/install/tf2_ros_py:/home/johannes/ros2_humble/install/sros2:/home/johannes/ros2_humble/install/rqt_topic:/home/johannes/ros2_humble/install/rqt_srv:/home/johannes/ros2_humble/install/rqt_shell:/home/johannes/ros2_humble/install/rqt_service_caller:/home/johannes/ros2_humble/install/rqt_reconfigure:/home/johannes/ros2_humble/install/rqt_py_console:/home/johannes/ros2_humble/install/rqt_publisher:/home/johannes/ros2_humble/install/rqt_plot:/home/johannes/ros2_humble/install/rqt_action:/home/johannes/ros2_humble/install/rqt_msg:/home/johannes/ros2_humble/install/rqt_console:/home/johannes/ros2_humble/install/rqt:/home/johannes/ros2_humble/install/rqt_graph:/home/johannes/ros2_humble/install/rqt_gui_py:/home/johannes/ros2_humble/install/rqt_gui:/home/johannes/ros2_humble/install/ros2trace:/home/johannes/ros2_humble/install/ros2topic:/home/johannes/ros2_humble/install/ros2test:/home/johannes/ros2_humble/install/ros2component:/home/johannes/ros2_humble/install/ros2param:/home/johannes/ros2_humble/install/ros2lifecycle:/home/johannes/ros2_humble/install/ros2service:/home/johannes/ros2_humble/install/ros2run:/home/johannes/ros2_humble/install/ros2launch:/home/johannes/ros2_humble/install/ros2pkg:/home/johannes/ros2_humble/install/ros2node:/home/johannes/ros2_humble/install/ros2multicast:/home/johannes/ros2_humble/install/ros2interface:/home/johannes/ros2_humble/install/ros2doctor:/home/johannes/ros2_humble/install/ros2action:/home/johannes/ros2_humble/install/ros2cli:/home/johannes/ros2_humble/install/quality_of_service_demo_py:/home/johannes/ros2_humble/install/lifecycle_py:/home/johannes/ros2_humble/install/launch_testing_ros:/home/johannes/ros2_humble/install/launch_ros:/home/johannes/ros2_humble/install/examples_rclpy_pointcloud_publisher:/home/johannes/ros2_humble/install/examples_rclpy_minimal_subscriber:/home/johannes/ros2_humble/install/examples_rclpy_minimal_service:/home/johannes/ros2_humble/install/examples_rclpy_minimal_publisher:/home/johannes/ros2_humble/install/examples_rclpy_minimal_client:/home/johannes/ros2_humble/install/examples_rclpy_minimal_action_server:/home/johannes/ros2_humble/install/examples_rclpy_minimal_action_client:/home/johannes/ros2_humble/install/examples_rclpy_guard_conditions:/home/johannes/ros2_humble/install/examples_rclpy_executors:/home/johannes/ros2_humble/install/demo_nodes_py:/home/johannes/ros2_humble/install/action_tutorials_py:/home/johannes/ros2_humble/install/ament_uncrustify:/home/johannes/ros2_humble/install/tracetools_trace:/home/johannes/ros2_humble/install/tracetools_read:/home/johannes/ros2_humble/install/test_tracetools_launch:/home/johannes/ros2_humble/install/test_launch_ros:/home/johannes/ros2_humble/install/sensor_msgs_py:/home/johannes/ros2_humble/install/rpyutils:/home/johannes/ros2_humble/install/rosidl_runtime_py:/home/johannes/ros2_humble/install/rosidl_cli:/home/johannes/ros2_humble/install/launch_pytest:/home/johannes/ros2_humble/install/launch_testing:/home/johannes/ros2_humble/install/launch_yaml:/home/johannes/ros2_humble/install/launch_xml:/home/johannes/ros2_humble/install/launch:/home/johannes/ros2_humble/install/osrf_pycommon:/home/johannes/ros2_humble/install/launch_testing_examples:/home/johannes/ros2_humble/install/domain_coordinator:/home/johannes/ros2_humble/install/ament_xmllint:/home/johannes/ros2_humble/install/ament_pyflakes:/home/johannes/ros2_humble/install/ament_pycodestyle:/home/johannes/ros2_humble/install/ament_pep257:/home/johannes/ros2_humble/install/ament_pclint:/home/johannes/ros2_humble/install/ament_package:/home/johannes/ros2_humble/install/ament_mypy:/home/johannes/ros2_humble/install/ament_lint_cmake:/home/johannes/ros2_humble/install/ament_flake8:/home/johannes/ros2_humble/install/ament_copyright:/home/johannes/ros2_humble/install/ament_lint:/home/johannes/ros2_humble/install/ament_index_python:/home/johannes/ros2_humble/install/ament_cpplint:/home/johannes/ros2_humble/install/ament_cppcheck:/home/johannes/ros2_humble/install/ament_clang_tidy:/home/johannes/ros2_humble/install/ament_clang_format:/home/johannes/PUM-04/AIDA/ros2_humble_ws/install/lidar:/home/johannes/PUM-04/AIDA/ros2_humble_ws/install/audio:/home/johannes/PUM-04/AIDA/ros2_humble_ws/install/aida_api:/opt/ros/humble /usr/bin/cmake --install /home/johannes/PUM-04/build/aida_interfaces
[22.511s] -- Install configuration: ""
[22.511s] -- Installing: /home/johannes/PUM-04/install/aida_interfaces/share/ament_index/resource_index/rosidl_interfaces/aida_interfaces
[22.511s] -- Installing: /home/johannes/PUM-04/install/aida_interfaces/include/aida_interfaces/aida_interfaces
[22.512s] -- Installing: /home/johannes/PUM-04/install/aida_interfaces/include/aida_interfaces/aida_interfaces/msg
[22.512s] -- Installing: /home/johannes/PUM-04/install/aida_interfaces/include/aida_interfaces/aida_interfaces/msg/rosidl_generator_c__visibility_control.h
[22.512s] -- Installing: /home/johannes/PUM-04/install/aida_interfaces/include/aida_interfaces/aida_interfaces/msg/joystick.h
[22.513s] -- Installing: /home/johannes/PUM-04/install/aida_interfaces/include/aida_interfaces/aida_interfaces/msg/detail
[22.513s] -- Installing: /home/johannes/PUM-04/install/aida_interfaces/include/aida_interfaces/aida_interfaces/msg/detail/joystick__struct.h
[22.513s] -- Installing: /home/johannes/PUM-04/install/aida_interfaces/include/aida_interfaces/aida_interfaces/msg/detail/joystick__functions.h
[22.514s] -- Installing: /home/johannes/PUM-04/install/aida_interfaces/include/aida_interfaces/aida_interfaces/msg/detail/joystick__type_support.h
[22.514s] -- Installing: /home/johannes/PUM-04/install/aida_interfaces/include/aida_interfaces/aida_interfaces/msg/detail/joystick__functions.c
[22.514s] -- Installing: /home/johannes/PUM-04/install/aida_interfaces/include/aida_interfaces/aida_interfaces/srv
[22.515s] -- Installing: /home/johannes/PUM-04/install/aida_interfaces/include/aida_interfaces/aida_interfaces/srv/detail
[22.515s] -- Installing: /home/johannes/PUM-04/install/aida_interfaces/include/aida_interfaces/aida_interfaces/srv/detail/set_state__type_support.h
[22.515s] -- Installing: /home/johannes/PUM-04/install/aida_interfaces/include/aida_interfaces/aida_interfaces/srv/detail/set_state__struct.h
[22.515s] -- Installing: /home/johannes/PUM-04/install/aida_interfaces/include/aida_interfaces/aida_interfaces/srv/detail/set_state__functions.c
[22.516s] -- Installing: /home/johannes/PUM-04/install/aida_interfaces/include/aida_interfaces/aida_interfaces/srv/detail/set_state__functions.h
[22.516s] -- Installing: /home/johannes/PUM-04/install/aida_interfaces/include/aida_interfaces/aida_interfaces/srv/set_state.h
[22.517s] -- Installing: /home/johannes/PUM-04/install/aida_interfaces/share/aida_interfaces/environment/library_path.sh
[22.517s] -- Installing: /home/johannes/PUM-04/install/aida_interfaces/share/aida_interfaces/environment/library_path.dsv
[22.518s] -- Installing: /home/johannes/PUM-04/install/aida_interfaces/lib/libaida_interfaces__rosidl_generator_c.so
[22.518s] -- Set runtime path of "/home/johannes/PUM-04/install/aida_interfaces/lib/libaida_interfaces__rosidl_generator_c.so" to ""
[22.519s] -- Up-to-date: /home/johannes/PUM-04/install/aida_interfaces/include/aida_interfaces/aida_interfaces
[22.519s] -- Up-to-date: /home/johannes/PUM-04/install/aida_interfaces/include/aida_interfaces/aida_interfaces/msg
[22.519s] -- Up-to-date: /home/johannes/PUM-04/install/aida_interfaces/include/aida_interfaces/aida_interfaces/msg/detail
[22.520s] -- Installing: /home/johannes/PUM-04/install/aida_interfaces/include/aida_interfaces/aida_interfaces/msg/detail/joystick__rosidl_typesupport_fastrtps_c.h
[22.520s] -- Installing: /home/johannes/PUM-04/install/aida_interfaces/include/aida_interfaces/aida_interfaces/msg/rosidl_typesupport_fastrtps_c__visibility_control.h
[22.523s] -- Up-to-date: /home/johannes/PUM-04/install/aida_interfaces/include/aida_interfaces/aida_interfaces/srv
[22.523s] -- Up-to-date: /home/johannes/PUM-04/install/aida_interfaces/include/aida_interfaces/aida_interfaces/srv/detail
[22.523s] -- Installing: /home/johannes/PUM-04/install/aida_interfaces/include/aida_interfaces/aida_interfaces/srv/detail/set_state__rosidl_typesupport_fastrtps_c.h
[22.523s] -- Installing: /home/johannes/PUM-04/install/aida_interfaces/lib/libaida_interfaces__rosidl_typesupport_fastrtps_c.so
[22.524s] -- Set runtime path of "/home/johannes/PUM-04/install/aida_interfaces/lib/libaida_interfaces__rosidl_typesupport_fastrtps_c.so" to ""
[22.524s] -- Up-to-date: /home/johannes/PUM-04/install/aida_interfaces/include/aida_interfaces/aida_interfaces
[22.524s] -- Up-to-date: /home/johannes/PUM-04/install/aida_interfaces/include/aida_interfaces/aida_interfaces/msg
[22.525s] -- Up-to-date: /home/johannes/PUM-04/install/aida_interfaces/include/aida_interfaces/aida_interfaces/msg/detail
[22.525s] -- Installing: /home/johannes/PUM-04/install/aida_interfaces/include/aida_interfaces/aida_interfaces/msg/detail/joystick__traits.hpp
[22.525s] -- Installing: /home/johannes/PUM-04/install/aida_interfaces/include/aida_interfaces/aida_interfaces/msg/detail/joystick__struct.hpp
[22.525s] -- Installing: /home/johannes/PUM-04/install/aida_interfaces/include/aida_interfaces/aida_interfaces/msg/detail/joystick__builder.hpp
[22.526s] -- Installing: /home/johannes/PUM-04/install/aida_interfaces/include/aida_interfaces/aida_interfaces/msg/joystick.hpp
[22.526s] -- Up-to-date: /home/johannes/PUM-04/install/aida_interfaces/include/aida_interfaces/aida_interfaces/srv
[22.526s] -- Installing: /home/johannes/PUM-04/install/aida_interfaces/include/aida_interfaces/aida_interfaces/srv/set_state.hpp
[22.527s] -- Up-to-date: /home/johannes/PUM-04/install/aida_interfaces/include/aida_interfaces/aida_interfaces/srv/detail
[22.528s] -- Installing: /home/johannes/PUM-04/install/aida_interfaces/include/aida_interfaces/aida_interfaces/srv/detail/set_state__builder.hpp
[22.528s] -- Installing: /home/johannes/PUM-04/install/aida_interfaces/include/aida_interfaces/aida_interfaces/srv/detail/set_state__struct.hpp
[22.528s] -- Installing: /home/johannes/PUM-04/install/aida_interfaces/include/aida_interfaces/aida_interfaces/srv/detail/set_state__traits.hpp
[22.528s] -- Up-to-date: /home/johannes/PUM-04/install/aida_interfaces/include/aida_interfaces/aida_interfaces
[22.529s] -- Up-to-date: /home/johannes/PUM-04/install/aida_interfaces/include/aida_interfaces/aida_interfaces/msg
[22.530s] -- Installing: /home/johannes/PUM-04/install/aida_interfaces/include/aida_interfaces/aida_interfaces/msg/rosidl_typesupport_fastrtps_cpp__visibility_control.h
[22.530s] -- Up-to-date: /home/johannes/PUM-04/install/aida_interfaces/include/aida_interfaces/aida_interfaces/msg/detail
[22.530s] -- Installing: /home/johannes/PUM-04/install/aida_interfaces/include/aida_interfaces/aida_interfaces/msg/detail/joystick__rosidl_typesupport_fastrtps_cpp.hpp
[22.530s] -- Installing: /home/johannes/PUM-04/install/aida_interfaces/include/aida_interfaces/aida_interfaces/msg/detail/dds_fastrtps
[22.532s] -- Up-to-date: /home/johannes/PUM-04/install/aida_interfaces/include/aida_interfaces/aida_interfaces/srv
[22.532s] -- Up-to-date: /home/johannes/PUM-04/install/aida_interfaces/include/aida_interfaces/aida_interfaces/srv/detail
[22.532s] -- Installing: /home/johannes/PUM-04/install/aida_interfaces/include/aida_interfaces/aida_interfaces/srv/detail/set_state__rosidl_typesupport_fastrtps_cpp.hpp
[22.532s] -- Installing: /home/johannes/PUM-04/install/aida_interfaces/include/aida_interfaces/aida_interfaces/srv/detail/dds_fastrtps
[22.533s] -- Installing: /home/johannes/PUM-04/install/aida_interfaces/lib/libaida_interfaces__rosidl_typesupport_fastrtps_cpp.so
[22.537s] -- Set runtime path of "/home/johannes/PUM-04/install/aida_interfaces/lib/libaida_interfaces__rosidl_typesupport_fastrtps_cpp.so" to ""
[22.537s] -- Up-to-date: /home/johannes/PUM-04/install/aida_interfaces/include/aida_interfaces/aida_interfaces
[22.537s] -- Up-to-date: /home/johannes/PUM-04/install/aida_interfaces/include/aida_interfaces/aida_interfaces/msg
[22.538s] -- Up-to-date: /home/johannes/PUM-04/install/aida_interfaces/include/aida_interfaces/aida_interfaces/msg/detail
[22.538s] -- Installing: /home/johannes/PUM-04/install/aida_interfaces/include/aida_interfaces/aida_interfaces/msg/detail/joystick__type_support.c
[22.538s] -- Installing: /home/johannes/PUM-04/install/aida_interfaces/include/aida_interfaces/aida_interfaces/msg/detail/joystick__rosidl_typesupport_introspection_c.h
[22.539s] -- Installing: /home/johannes/PUM-04/install/aida_interfaces/include/aida_interfaces/aida_interfaces/msg/rosidl_typesupport_introspection_c__visibility_control.h
[22.539s] -- Up-to-date: /home/johannes/PUM-04/install/aida_interfaces/include/aida_interfaces/aida_interfaces/srv
[22.539s] -- Up-to-date: /home/johannes/PUM-04/install/aida_interfaces/include/aida_interfaces/aida_interfaces/srv/detail
[22.539s] -- Installing: /home/johannes/PUM-04/install/aida_interfaces/include/aida_interfaces/aida_interfaces/srv/detail/set_state__rosidl_typesupport_introspection_c.h
[22.540s] -- Installing: /home/johannes/PUM-04/install/aida_interfaces/include/aida_interfaces/aida_interfaces/srv/detail/set_state__type_support.c
[22.540s] -- Installing: /home/johannes/PUM-04/install/aida_interfaces/lib/libaida_interfaces__rosidl_typesupport_introspection_c.so
[22.540s] -- Set runtime path of "/home/johannes/PUM-04/install/aida_interfaces/lib/libaida_interfaces__rosidl_typesupport_introspection_c.so" to ""
[22.541s] -- Installing: /home/johannes/PUM-04/install/aida_interfaces/lib/libaida_interfaces__rosidl_typesupport_c.so
[22.541s] -- Set runtime path of "/home/johannes/PUM-04/install/aida_interfaces/lib/libaida_interfaces__rosidl_typesupport_c.so" to ""
[22.542s] -- Up-to-date: /home/johannes/PUM-04/install/aida_interfaces/include/aida_interfaces/aida_interfaces
[22.542s] -- Up-to-date: /home/johannes/PUM-04/install/aida_interfaces/include/aida_interfaces/aida_interfaces/msg
[22.542s] -- Up-to-date: /home/johannes/PUM-04/install/aida_interfaces/include/aida_interfaces/aida_interfaces/msg/detail
[22.542s] -- Installing: /home/johannes/PUM-04/install/aida_interfaces/include/aida_interfaces/aida_interfaces/msg/detail/joystick__type_support.cpp
[22.543s] -- Installing: /home/johannes/PUM-04/install/aida_interfaces/include/aida_interfaces/aida_interfaces/msg/detail/joystick__rosidl_typesupport_introspection_cpp.hpp
[22.543s] -- Up-to-date: /home/johannes/PUM-04/install/aida_interfaces/include/aida_interfaces/aida_interfaces/srv
[22.543s] -- Up-to-date: /home/johannes/PUM-04/install/aida_interfaces/include/aida_interfaces/aida_interfaces/srv/detail
[22.543s] -- Installing: /home/johannes/PUM-04/install/aida_interfaces/include/aida_interfaces/aida_interfaces/srv/detail/set_state__rosidl_typesupport_introspection_cpp.hpp
[22.544s] -- Installing: /home/johannes/PUM-04/install/aida_interfaces/include/aida_interfaces/aida_interfaces/srv/detail/set_state__type_support.cpp
[22.544s] -- Installing: /home/johannes/PUM-04/install/aida_interfaces/lib/libaida_interfaces__rosidl_typesupport_introspection_cpp.so
[22.545s] -- Set runtime path of "/home/johannes/PUM-04/install/aida_interfaces/lib/libaida_interfaces__rosidl_typesupport_introspection_cpp.so" to ""
[22.548s] -- Installing: /home/johannes/PUM-04/install/aida_interfaces/lib/libaida_interfaces__rosidl_typesupport_cpp.so
[22.549s] -- Set runtime path of "/home/johannes/PUM-04/install/aida_interfaces/lib/libaida_interfaces__rosidl_typesupport_cpp.so" to ""
[22.549s] -- Installing: /home/johannes/PUM-04/install/aida_interfaces/share/aida_interfaces/environment/pythonpath.sh
[22.550s] -- Installing: /home/johannes/PUM-04/install/aida_interfaces/share/aida_interfaces/environment/pythonpath.dsv
[22.550s] -- Installing: /home/johannes/PUM-04/install/aida_interfaces/local/lib/python3.10/dist-packages/aida_interfaces-0.0.0-py3.10.egg-info
[22.550s] -- Installing: /home/johannes/PUM-04/install/aida_interfaces/local/lib/python3.10/dist-packages/aida_interfaces-0.0.0-py3.10.egg-info/SOURCES.txt
[22.551s] -- Installing: /home/johannes/PUM-04/install/aida_interfaces/local/lib/python3.10/dist-packages/aida_interfaces-0.0.0-py3.10.egg-info/PKG-INFO
[22.551s] -- Installing: /home/johannes/PUM-04/install/aida_interfaces/local/lib/python3.10/dist-packages/aida_interfaces-0.0.0-py3.10.egg-info/top_level.txt
[22.551s] -- Installing: /home/johannes/PUM-04/install/aida_interfaces/local/lib/python3.10/dist-packages/aida_interfaces-0.0.0-py3.10.egg-info/dependency_links.txt
[22.552s] -- Installing: /home/johannes/PUM-04/install/aida_interfaces/local/lib/python3.10/dist-packages/aida_interfaces
[22.552s] -- Installing: /home/johannes/PUM-04/install/aida_interfaces/local/lib/python3.10/dist-packages/aida_interfaces/libaida_interfaces__rosidl_generator_py.so
[22.553s] -- Installing: /home/johannes/PUM-04/install/aida_interfaces/local/lib/python3.10/dist-packages/aida_interfaces/_aida_interfaces_s.ep.rosidl_typesupport_fastrtps_c.c
[22.553s] -- Installing: /home/johannes/PUM-04/install/aida_interfaces/local/lib/python3.10/dist-packages/aida_interfaces/_aida_interfaces_s.ep.rosidl_typesupport_introspection_c.c
[22.554s] -- Installing: /home/johannes/PUM-04/install/aida_interfaces/local/lib/python3.10/dist-packages/aida_interfaces/_aida_interfaces_s.ep.rosidl_typesupport_c.c
[22.554s] -- Installing: /home/johannes/PUM-04/install/aida_interfaces/local/lib/python3.10/dist-packages/aida_interfaces/aida_interfaces_s__rosidl_typesupport_c.cpython-310-x86_64-linux-gnu.so
[22.554s] -- Installing: /home/johannes/PUM-04/install/aida_interfaces/local/lib/python3.10/dist-packages/aida_interfaces/aida_interfaces_s__rosidl_typesupport_introspection_c.cpython-310-x86_64-linux-gnu.so
[22.555s] -- Installing: /home/johannes/PUM-04/install/aida_interfaces/local/lib/python3.10/dist-packages/aida_interfaces/msg
[22.555s] -- Installing: /home/johannes/PUM-04/install/aida_interfaces/local/lib/python3.10/dist-packages/aida_interfaces/msg/_joystick.py
[22.559s] -- Installing: /home/johannes/PUM-04/install/aida_interfaces/local/lib/python3.10/dist-packages/aida_interfaces/msg/__init__.py
[22.559s] -- Installing: /home/johannes/PUM-04/install/aida_interfaces/local/lib/python3.10/dist-packages/aida_interfaces/msg/_joystick_s.c
[22.559s] -- Installing: /home/johannes/PUM-04/install/aida_interfaces/local/lib/python3.10/dist-packages/aida_interfaces/srv
[22.559s] -- Installing: /home/johannes/PUM-04/install/aida_interfaces/local/lib/python3.10/dist-packages/aida_interfaces/srv/_set_state.py
[22.560s] -- Installing: /home/johannes/PUM-04/install/aida_interfaces/local/lib/python3.10/dist-packages/aida_interfaces/srv/_set_state_s.c
[22.560s] -- Installing: /home/johannes/PUM-04/install/aida_interfaces/local/lib/python3.10/dist-packages/aida_interfaces/srv/__init__.py
[22.560s] -- Installing: /home/johannes/PUM-04/install/aida_interfaces/local/lib/python3.10/dist-packages/aida_interfaces/aida_interfaces_s__rosidl_typesupport_fastrtps_c.cpython-310-x86_64-linux-gnu.so
[22.561s] -- Installing: /home/johannes/PUM-04/install/aida_interfaces/local/lib/python3.10/dist-packages/aida_interfaces/__init__.py
[22.829s] Listing '/home/johannes/PUM-04/install/aida_interfaces/local/lib/python3.10/dist-packages/aida_interfaces'...
[22.830s] Compiling '/home/johannes/PUM-04/install/aida_interfaces/local/lib/python3.10/dist-packages/aida_interfaces/__init__.py'...
[22.830s] Listing '/home/johannes/PUM-04/install/aida_interfaces/local/lib/python3.10/dist-packages/aida_interfaces/msg'...
[22.830s] Compiling '/home/johannes/PUM-04/install/aida_interfaces/local/lib/python3.10/dist-packages/aida_interfaces/msg/__init__.py'...
[22.830s] Compiling '/home/johannes/PUM-04/install/aida_interfaces/local/lib/python3.10/dist-packages/aida_interfaces/msg/_joystick.py'...
[22.830s] Listing '/home/johannes/PUM-04/install/aida_interfaces/local/lib/python3.10/dist-packages/aida_interfaces/srv'...
[22.830s] Compiling '/home/johannes/PUM-04/install/aida_interfaces/local/lib/python3.10/dist-packages/aida_interfaces/srv/__init__.py'...
[22.830s] Compiling '/home/johannes/PUM-04/install/aida_interfaces/local/lib/python3.10/dist-packages/aida_interfaces/srv/_set_state.py'...
[22.847s] -- Installing: /home/johannes/PUM-04/install/aida_interfaces/local/lib/python3.10/dist-packages/aida_interfaces/aida_interfaces_s__rosidl_typesupport_introspection_c.cpython-310-x86_64-linux-gnu.so
[22.847s] -- Set runtime path of "/home/johannes/PUM-04/install/aida_interfaces/local/lib/python3.10/dist-packages/aida_interfaces/aida_interfaces_s__rosidl_typesupport_introspection_c.cpython-310-x86_64-linux-gnu.so" to ""
[22.848s] -- Installing: /home/johannes/PUM-04/install/aida_interfaces/local/lib/python3.10/dist-packages/aida_interfaces/aida_interfaces_s__rosidl_typesupport_fastrtps_c.cpython-310-x86_64-linux-gnu.so
[22.848s] -- Set runtime path of "/home/johannes/PUM-04/install/aida_interfaces/local/lib/python3.10/dist-packages/aida_interfaces/aida_interfaces_s__rosidl_typesupport_fastrtps_c.cpython-310-x86_64-linux-gnu.so" to ""
[22.848s] -- Installing: /home/johannes/PUM-04/install/aida_interfaces/local/lib/python3.10/dist-packages/aida_interfaces/aida_interfaces_s__rosidl_typesupport_c.cpython-310-x86_64-linux-gnu.so
[22.849s] -- Set runtime path of "/home/johannes/PUM-04/install/aida_interfaces/local/lib/python3.10/dist-packages/aida_interfaces/aida_interfaces_s__rosidl_typesupport_c.cpython-310-x86_64-linux-gnu.so" to ""
[22.849s] -- Installing: /home/johannes/PUM-04/install/aida_interfaces/lib/libaida_interfaces__rosidl_generator_py.so
[22.849s] -- Set runtime path of "/home/johannes/PUM-04/install/aida_interfaces/lib/libaida_interfaces__rosidl_generator_py.so" to ""
[22.850s] -- Installing: /home/johannes/PUM-04/install/aida_interfaces/share/aida_interfaces/srv/SetState.idl
[22.850s] -- Installing: /home/johannes/PUM-04/install/aida_interfaces/share/aida_interfaces/msg/Joystick.idl
[22.851s] -- Installing: /home/johannes/PUM-04/install/aida_interfaces/share/aida_interfaces/srv/SetState.srv
[22.851s] -- Installing: /home/johannes/PUM-04/install/aida_interfaces/share/aida_interfaces/srv/SetState_Request.msg
[22.851s] -- Installing: /home/johannes/PUM-04/install/aida_interfaces/share/aida_interfaces/srv/SetState_Response.msg
[22.852s] -- Installing: /home/johannes/PUM-04/install/aida_interfaces/share/aida_interfaces/msg/Joystick.msg
[22.852s] -- Installing: /home/johannes/PUM-04/install/aida_interfaces/share/ament_index/resource_index/package_run_dependencies/aida_interfaces
[22.853s] -- Installing: /home/johannes/PUM-04/install/aida_interfaces/share/ament_index/resource_index/parent_prefix_path/aida_interfaces
[22.853s] -- Installing: /home/johannes/PUM-04/install/aida_interfaces/share/aida_interfaces/environment/ament_prefix_path.sh
[22.854s] -- Installing: /home/johannes/PUM-04/install/aida_interfaces/share/aida_interfaces/environment/ament_prefix_path.dsv
[22.855s] -- Installing: /home/johannes/PUM-04/install/aida_interfaces/share/aida_interfaces/environment/path.sh
[22.855s] -- Installing: /home/johannes/PUM-04/install/aida_interfaces/share/aida_interfaces/environment/path.dsv
[22.855s] -- Installing: /home/johannes/PUM-04/install/aida_interfaces/share/aida_interfaces/local_setup.bash
[22.856s] -- Installing: /home/johannes/PUM-04/install/aida_interfaces/share/aida_interfaces/local_setup.sh
[22.856s] -- Installing: /home/johannes/PUM-04/install/aida_interfaces/share/aida_interfaces/local_setup.zsh
[22.856s] -- Installing: /home/johannes/PUM-04/install/aida_interfaces/share/aida_interfaces/local_setup.dsv
[22.856s] -- Installing: /home/johannes/PUM-04/install/aida_interfaces/share/aida_interfaces/package.dsv
[22.862s] -- Installing: /home/johannes/PUM-04/install/aida_interfaces/share/ament_index/resource_index/packages/aida_interfaces
[22.863s] -- Installing: /home/johannes/PUM-04/install/aida_interfaces/share/aida_interfaces/cmake/export_aida_interfaces__rosidl_generator_cExport.cmake
[22.864s] -- Installing: /home/johannes/PUM-04/install/aida_interfaces/share/aida_interfaces/cmake/export_aida_interfaces__rosidl_generator_cExport-noconfig.cmake
[22.865s] -- Installing: /home/johannes/PUM-04/install/aida_interfaces/share/aida_interfaces/cmake/export_aida_interfaces__rosidl_typesupport_fastrtps_cExport.cmake
[22.865s] -- Installing: /home/johannes/PUM-04/install/aida_interfaces/share/aida_interfaces/cmake/export_aida_interfaces__rosidl_typesupport_fastrtps_cExport-noconfig.cmake
[22.866s] -- Installing: /home/johannes/PUM-04/install/aida_interfaces/share/aida_interfaces/cmake/export_aida_interfaces__rosidl_generator_cppExport.cmake
[22.866s] -- Installing: /home/johannes/PUM-04/install/aida_interfaces/share/aida_interfaces/cmake/export_aida_interfaces__rosidl_typesupport_fastrtps_cppExport.cmake
[22.866s] -- Installing: /home/johannes/PUM-04/install/aida_interfaces/share/aida_interfaces/cmake/export_aida_interfaces__rosidl_typesupport_fastrtps_cppExport-noconfig.cmake
[22.867s] -- Installing: /home/johannes/PUM-04/install/aida_interfaces/share/aida_interfaces/cmake/aida_interfaces__rosidl_typesupport_introspection_cExport.cmake
[22.867s] -- Installing: /home/johannes/PUM-04/install/aida_interfaces/share/aida_interfaces/cmake/aida_interfaces__rosidl_typesupport_introspection_cExport-noconfig.cmake
[22.868s] -- Installing: /home/johannes/PUM-04/install/aida_interfaces/share/aida_interfaces/cmake/aida_interfaces__rosidl_typesupport_cExport.cmake
[22.870s] -- Installing: /home/johannes/PUM-04/install/aida_interfaces/share/aida_interfaces/cmake/aida_interfaces__rosidl_typesupport_cExport-noconfig.cmake
[22.870s] -- Installing: /home/johannes/PUM-04/install/aida_interfaces/share/aida_interfaces/cmake/aida_interfaces__rosidl_typesupport_introspection_cppExport.cmake
[22.870s] -- Installing: /home/johannes/PUM-04/install/aida_interfaces/share/aida_interfaces/cmake/aida_interfaces__rosidl_typesupport_introspection_cppExport-noconfig.cmake
[22.870s] -- Installing: /home/johannes/PUM-04/install/aida_interfaces/share/aida_interfaces/cmake/aida_interfaces__rosidl_typesupport_cppExport.cmake
[22.871s] -- Installing: /home/johannes/PUM-04/install/aida_interfaces/share/aida_interfaces/cmake/aida_interfaces__rosidl_typesupport_cppExport-noconfig.cmake
[22.871s] -- Installing: /home/johannes/PUM-04/install/aida_interfaces/share/aida_interfaces/cmake/export_aida_interfaces__rosidl_generator_pyExport.cmake
[22.871s] -- Installing: /home/johannes/PUM-04/install/aida_interfaces/share/aida_interfaces/cmake/export_aida_interfaces__rosidl_generator_pyExport-noconfig.cmake
[22.871s] -- Installing: /home/johannes/PUM-04/install/aida_interfaces/share/aida_interfaces/cmake/rosidl_cmake-extras.cmake
[22.872s] -- Installing: /home/johannes/PUM-04/install/aida_interfaces/share/aida_interfaces/cmake/ament_cmake_export_dependencies-extras.cmake
[22.872s] -- Installing: /home/johannes/PUM-04/install/aida_interfaces/share/aida_interfaces/cmake/ament_cmake_export_include_directories-extras.cmake
[22.872s] -- Installing: /home/johannes/PUM-04/install/aida_interfaces/share/aida_interfaces/cmake/ament_cmake_export_libraries-extras.cmake
[22.872s] -- Installing: /home/johannes/PUM-04/install/aida_interfaces/share/aida_interfaces/cmake/ament_cmake_export_targets-extras.cmake
[22.873s] -- Installing: /home/johannes/PUM-04/install/aida_interfaces/share/aida_interfaces/cmake/rosidl_cmake_export_typesupport_targets-extras.cmake
[22.873s] -- Installing: /home/johannes/PUM-04/install/aida_interfaces/share/aida_interfaces/cmake/rosidl_cmake_export_typesupport_libraries-extras.cmake
[22.873s] -- Installing: /home/johannes/PUM-04/install/aida_interfaces/share/aida_interfaces/cmake/aida_interfacesConfig.cmake
[22.873s] -- Installing: /home/johannes/PUM-04/install/aida_interfaces/share/aida_interfaces/cmake/aida_interfacesConfig-version.cmake
[22.875s] -- Installing: /home/johannes/PUM-04/install/aida_interfaces/share/aida_interfaces/package.xml
[22.876s] Invoked command in '/home/johannes/PUM-04/build/aida_interfaces' returned '0': CMAKE_PREFIX_PATH=${CMAKE_PREFIX_PATH}:/home/johannes/ros2_humble/install/rqt_bag_plugins:/home/johannes/ros2_humble/install/rqt_bag:/home/johannes/ros2_humble/install/ros2bag:/home/johannes/ros2_humble/install/tracetools_test:/home/johannes/ros2_humble/install/tracetools_launch:/home/johannes/ros2_humble/install/topic_monitor:/home/johannes/ros2_humble/install/tf2_tools:/home/johannes/ros2_humble/install/examples_tf2_py:/home/johannes/ros2_humble/install/tf2_ros_py:/home/johannes/ros2_humble/install/sros2:/home/johannes/ros2_humble/install/rqt_topic:/home/johannes/ros2_humble/install/rqt_srv:/home/johannes/ros2_humble/install/rqt_shell:/home/johannes/ros2_humble/install/rqt_service_caller:/home/johannes/ros2_humble/install/rqt_reconfigure:/home/johannes/ros2_humble/install/rqt_py_console:/home/johannes/ros2_humble/install/rqt_publisher:/home/johannes/ros2_humble/install/rqt_plot:/home/johannes/ros2_humble/install/rqt_action:/home/johannes/ros2_humble/install/rqt_msg:/home/johannes/ros2_humble/install/rqt_console:/home/johannes/ros2_humble/install/rqt:/home/johannes/ros2_humble/install/rqt_graph:/home/johannes/ros2_humble/install/rqt_gui_py:/home/johannes/ros2_humble/install/rqt_gui:/home/johannes/ros2_humble/install/ros2trace:/home/johannes/ros2_humble/install/ros2topic:/home/johannes/ros2_humble/install/ros2test:/home/johannes/ros2_humble/install/ros2component:/home/johannes/ros2_humble/install/ros2param:/home/johannes/ros2_humble/install/ros2lifecycle:/home/johannes/ros2_humble/install/ros2service:/home/johannes/ros2_humble/install/ros2run:/home/johannes/ros2_humble/install/ros2launch:/home/johannes/ros2_humble/install/ros2pkg:/home/johannes/ros2_humble/install/ros2node:/home/johannes/ros2_humble/install/ros2multicast:/home/johannes/ros2_humble/install/ros2interface:/home/johannes/ros2_humble/install/ros2doctor:/home/johannes/ros2_humble/install/ros2action:/home/johannes/ros2_humble/install/ros2cli:/home/johannes/ros2_humble/install/quality_of_service_demo_py:/home/johannes/ros2_humble/install/lifecycle_py:/home/johannes/ros2_humble/install/launch_testing_ros:/home/johannes/ros2_humble/install/launch_ros:/home/johannes/ros2_humble/install/examples_rclpy_pointcloud_publisher:/home/johannes/ros2_humble/install/examples_rclpy_minimal_subscriber:/home/johannes/ros2_humble/install/examples_rclpy_minimal_service:/home/johannes/ros2_humble/install/examples_rclpy_minimal_publisher:/home/johannes/ros2_humble/install/examples_rclpy_minimal_client:/home/johannes/ros2_humble/install/examples_rclpy_minimal_action_server:/home/johannes/ros2_humble/install/examples_rclpy_minimal_action_client:/home/johannes/ros2_humble/install/examples_rclpy_guard_conditions:/home/johannes/ros2_humble/install/examples_rclpy_executors:/home/johannes/ros2_humble/install/demo_nodes_py:/home/johannes/ros2_humble/install/action_tutorials_py:/home/johannes/ros2_humble/install/ament_uncrustify:/home/johannes/ros2_humble/install/tracetools_trace:/home/johannes/ros2_humble/install/tracetools_read:/home/johannes/ros2_humble/install/test_tracetools_launch:/home/johannes/ros2_humble/install/test_launch_ros:/home/johannes/ros2_humble/install/sensor_msgs_py:/home/johannes/ros2_humble/install/rpyutils:/home/johannes/ros2_humble/install/rosidl_runtime_py:/home/johannes/ros2_humble/install/rosidl_cli:/home/johannes/ros2_humble/install/launch_pytest:/home/johannes/ros2_humble/install/launch_testing:/home/johannes/ros2_humble/install/launch_yaml:/home/johannes/ros2_humble/install/launch_xml:/home/johannes/ros2_humble/install/launch:/home/johannes/ros2_humble/install/osrf_pycommon:/home/johannes/ros2_humble/install/launch_testing_examples:/home/johannes/ros2_humble/install/domain_coordinator:/home/johannes/ros2_humble/install/ament_xmllint:/home/johannes/ros2_humble/install/ament_pyflakes:/home/johannes/ros2_humble/install/ament_pycodestyle:/home/johannes/ros2_humble/install/ament_pep257:/home/johannes/ros2_humble/install/ament_pclint:/home/johannes/ros2_humble/install/ament_package:/home/johannes/ros2_humble/install/ament_mypy:/home/johannes/ros2_humble/install/ament_lint_cmake:/home/johannes/ros2_humble/install/ament_flake8:/home/johannes/ros2_humble/install/ament_copyright:/home/johannes/ros2_humble/install/ament_lint:/home/johannes/ros2_humble/install/ament_index_python:/home/johannes/ros2_humble/install/ament_cpplint:/home/johannes/ros2_humble/install/ament_cppcheck:/home/johannes/ros2_humble/install/ament_clang_tidy:/home/johannes/ros2_humble/install/ament_clang_format:/home/johannes/PUM-04/AIDA/ros2_humble_ws/install/lidar:/home/johannes/PUM-04/AIDA/ros2_humble_ws/install/audio:/home/johannes/PUM-04/AIDA/ros2_humble_ws/install/aida_api:/opt/ros/humble /usr/bin/cmake --install /home/johannes/PUM-04/build/aida_interfaces
