[0.051s] Invoking command in '/home/johannes/PUM-04/build/audio_data': CMAKE_PREFIX_PATH=${CMAKE_PREFIX_PATH}:/home/johannes/ros2_humble/install/rqt_bag_plugins:/home/johannes/ros2_humble/install/rqt_bag:/home/johannes/ros2_humble/install/ros2bag:/home/johannes/ros2_humble/install/tracetools_test:/home/johannes/ros2_humble/install/tracetools_launch:/home/johannes/ros2_humble/install/topic_monitor:/home/johannes/ros2_humble/install/tf2_tools:/home/johannes/ros2_humble/install/examples_tf2_py:/home/johannes/ros2_humble/install/tf2_ros_py:/home/johannes/ros2_humble/install/sros2:/home/johannes/ros2_humble/install/rqt_topic:/home/johannes/ros2_humble/install/rqt_srv:/home/johannes/ros2_humble/install/rqt_shell:/home/johannes/ros2_humble/install/rqt_service_caller:/home/johannes/ros2_humble/install/rqt_reconfigure:/home/johannes/ros2_humble/install/rqt_py_console:/home/johannes/ros2_humble/install/rqt_publisher:/home/johannes/ros2_humble/install/rqt_plot:/home/johannes/ros2_humble/install/rqt_action:/home/johannes/ros2_humble/install/rqt_msg:/home/johannes/ros2_humble/install/rqt_console:/home/johannes/ros2_humble/install/rqt:/home/johannes/ros2_humble/install/rqt_graph:/home/johannes/ros2_humble/install/rqt_gui_py:/home/johannes/ros2_humble/install/rqt_gui:/home/johannes/ros2_humble/install/ros2trace:/home/johannes/ros2_humble/install/ros2topic:/home/johannes/ros2_humble/install/ros2test:/home/johannes/ros2_humble/install/ros2component:/home/johannes/ros2_humble/install/ros2param:/home/johannes/ros2_humble/install/ros2lifecycle:/home/johannes/ros2_humble/install/ros2service:/home/johannes/ros2_humble/install/ros2run:/home/johannes/ros2_humble/install/ros2launch:/home/johannes/ros2_humble/install/ros2pkg:/home/johannes/ros2_humble/install/ros2node:/home/johannes/ros2_humble/install/ros2multicast:/home/johannes/ros2_humble/install/ros2interface:/home/johannes/ros2_humble/install/ros2doctor:/home/johannes/ros2_humble/install/ros2action:/home/johannes/ros2_humble/install/ros2cli:/home/johannes/ros2_humble/install/quality_of_service_demo_py:/home/johannes/ros2_humble/install/lifecycle_py:/home/johannes/ros2_humble/install/launch_testing_ros:/home/johannes/ros2_humble/install/launch_ros:/home/johannes/ros2_humble/install/examples_rclpy_pointcloud_publisher:/home/johannes/ros2_humble/install/examples_rclpy_minimal_subscriber:/home/johannes/ros2_humble/install/examples_rclpy_minimal_service:/home/johannes/ros2_humble/install/examples_rclpy_minimal_publisher:/home/johannes/ros2_humble/install/examples_rclpy_minimal_client:/home/johannes/ros2_humble/install/examples_rclpy_minimal_action_server:/home/johannes/ros2_humble/install/examples_rclpy_minimal_action_client:/home/johannes/ros2_humble/install/examples_rclpy_guard_conditions:/home/johannes/ros2_humble/install/examples_rclpy_executors:/home/johannes/ros2_humble/install/demo_nodes_py:/home/johannes/ros2_humble/install/action_tutorials_py:/home/johannes/ros2_humble/install/ament_uncrustify:/home/johannes/ros2_humble/install/tracetools_trace:/home/johannes/ros2_humble/install/tracetools_read:/home/johannes/ros2_humble/install/test_tracetools_launch:/home/johannes/ros2_humble/install/test_launch_ros:/home/johannes/ros2_humble/install/sensor_msgs_py:/home/johannes/ros2_humble/install/rpyutils:/home/johannes/ros2_humble/install/rosidl_runtime_py:/home/johannes/ros2_humble/install/rosidl_cli:/home/johannes/ros2_humble/install/launch_pytest:/home/johannes/ros2_humble/install/launch_testing:/home/johannes/ros2_humble/install/launch_yaml:/home/johannes/ros2_humble/install/launch_xml:/home/johannes/ros2_humble/install/launch:/home/johannes/ros2_humble/install/osrf_pycommon:/home/johannes/ros2_humble/install/launch_testing_examples:/home/johannes/ros2_humble/install/domain_coordinator:/home/johannes/ros2_humble/install/ament_xmllint:/home/johannes/ros2_humble/install/ament_pyflakes:/home/johannes/ros2_humble/install/ament_pycodestyle:/home/johannes/ros2_humble/install/ament_pep257:/home/johannes/ros2_humble/install/ament_pclint:/home/johannes/ros2_humble/install/ament_package:/home/johannes/ros2_humble/install/ament_mypy:/home/johannes/ros2_humble/install/ament_lint_cmake:/home/johannes/ros2_humble/install/ament_flake8:/home/johannes/ros2_humble/install/ament_copyright:/home/johannes/ros2_humble/install/ament_lint:/home/johannes/ros2_humble/install/ament_index_python:/home/johannes/ros2_humble/install/ament_cpplint:/home/johannes/ros2_humble/install/ament_cppcheck:/home/johannes/ros2_humble/install/ament_clang_tidy:/home/johannes/ros2_humble/install/ament_clang_format:/home/johannes/PUM-04/AIDA/ros2_humble_ws/install/lidar:/home/johannes/PUM-04/AIDA/ros2_humble_ws/install/audio:/home/johannes/PUM-04/AIDA/ros2_humble_ws/install/aida_api:/opt/ros/humble /usr/bin/cmake /home/johannes/PUM-04/AIDA/ros2_humble_ws/src/audio_data -DCMAKE_INSTALL_PREFIX=/home/johannes/PUM-04/install/audio_data
[0.188s] -- The C compiler identification is GNU 11.4.0
[0.267s] -- The CXX compiler identification is GNU 11.4.0
[0.279s] -- Detecting C compiler ABI info
[0.431s] -- Detecting C compiler ABI info - done
[0.436s] -- Check for working C compiler: /usr/bin/cc - skipped
[0.436s] -- Detecting C compile features
[0.437s] -- Detecting C compile features - done
[0.440s] -- Detecting CXX compiler ABI info
[0.681s] -- Detecting CXX compiler ABI info - done
[0.687s] -- Check for working CXX compiler: /usr/bin/c++ - skipped
[0.690s] -- Detecting CXX compile features
[0.691s] -- Detecting CXX compile features - done
[0.724s] -- Found ament_cmake: 1.3.8 (/home/johannes/ros2_humble/install/ament_cmake/share/ament_cmake/cmake)
[2.812s] -- Found Python3: /usr/bin/python3 (found version "3.10.12") found components: Interpreter 
[3.782s] -- Found std_msgs: 4.2.3 (/home/johannes/ros2_humble/install/std_msgs/share/std_msgs/cmake)
[4.021s] -- Found rosidl_generator_c: 3.1.5 (/home/johannes/ros2_humble/install/rosidl_generator_c/share/rosidl_generator_c/cmake)
[4.062s] -- Found rosidl_adapter: 3.1.5 (/home/johannes/ros2_humble/install/rosidl_adapter/share/rosidl_adapter/cmake)
[4.120s] -- Found rosidl_generator_cpp: 3.1.5 (/home/johannes/ros2_humble/install/rosidl_generator_cpp/share/rosidl_generator_cpp/cmake)
[4.242s] -- Using all available rosidl_typesupport_c: rosidl_typesupport_introspection_c;rosidl_typesupport_fastrtps_c
[4.410s] -- Using all available rosidl_typesupport_cpp: rosidl_typesupport_introspection_cpp;rosidl_typesupport_fastrtps_cpp
[4.579s] -- Found rosidl_default_generators: 1.2.0 (/home/johannes/ros2_humble/install/rosidl_default_generators/share/rosidl_default_generators/cmake)
[5.841s] -- Found ament_cmake_ros: 0.10.0 (/home/johannes/ros2_humble/install/ament_cmake_ros/share/ament_cmake_ros/cmake)
[8.197s] -- Using all available rosidl_typesupport_c: rosidl_typesupport_introspection_c;rosidl_typesupport_fastrtps_c
[9.050s] -- Using all available rosidl_typesupport_cpp: rosidl_typesupport_introspection_cpp;rosidl_typesupport_fastrtps_cpp
[9.155s] -- Found PythonInterp: /usr/bin/python3 (found suitable version "3.10.12", minimum required is "3.6") 
[9.188s] -- Found python_cmake_module: 0.10.0 (/home/johannes/ros2_humble/install/python_cmake_module/share/python_cmake_module/cmake)
[9.373s] -- Found PythonLibs: /usr/lib/x86_64-linux-gnu/libpython3.10.so (found suitable version "3.10.12", minimum required is "3.5") 
[9.373s] -- Using PYTHON_EXECUTABLE: /usr/bin/python3
[9.373s] -- Using PYTHON_INCLUDE_DIRS: /usr/include/python3.10
[9.373s] -- Using PYTHON_LIBRARIES: /usr/lib/x86_64-linux-gnu/libpython3.10.so
[9.466s] -- Found PythonExtra: .so  
[10.062s] -- Found ament_lint_auto: 0.12.10 (/home/johannes/ros2_humble/install/ament_lint_auto/share/ament_lint_auto/cmake)
[10.215s] -- Added test 'lint_cmake' to check CMake code style
[10.220s] -- Added test 'xmllint' to check XML markup files
[10.232s] -- Configuring done
[10.282s] -- Generating done
[10.285s] -- Build files have been written to: /home/johannes/PUM-04/build/audio_data
[10.303s] Invoked command in '/home/johannes/PUM-04/build/audio_data' returned '0': CMAKE_PREFIX_PATH=${CMAKE_PREFIX_PATH}:/home/johannes/ros2_humble/install/rqt_bag_plugins:/home/johannes/ros2_humble/install/rqt_bag:/home/johannes/ros2_humble/install/ros2bag:/home/johannes/ros2_humble/install/tracetools_test:/home/johannes/ros2_humble/install/tracetools_launch:/home/johannes/ros2_humble/install/topic_monitor:/home/johannes/ros2_humble/install/tf2_tools:/home/johannes/ros2_humble/install/examples_tf2_py:/home/johannes/ros2_humble/install/tf2_ros_py:/home/johannes/ros2_humble/install/sros2:/home/johannes/ros2_humble/install/rqt_topic:/home/johannes/ros2_humble/install/rqt_srv:/home/johannes/ros2_humble/install/rqt_shell:/home/johannes/ros2_humble/install/rqt_service_caller:/home/johannes/ros2_humble/install/rqt_reconfigure:/home/johannes/ros2_humble/install/rqt_py_console:/home/johannes/ros2_humble/install/rqt_publisher:/home/johannes/ros2_humble/install/rqt_plot:/home/johannes/ros2_humble/install/rqt_action:/home/johannes/ros2_humble/install/rqt_msg:/home/johannes/ros2_humble/install/rqt_console:/home/johannes/ros2_humble/install/rqt:/home/johannes/ros2_humble/install/rqt_graph:/home/johannes/ros2_humble/install/rqt_gui_py:/home/johannes/ros2_humble/install/rqt_gui:/home/johannes/ros2_humble/install/ros2trace:/home/johannes/ros2_humble/install/ros2topic:/home/johannes/ros2_humble/install/ros2test:/home/johannes/ros2_humble/install/ros2component:/home/johannes/ros2_humble/install/ros2param:/home/johannes/ros2_humble/install/ros2lifecycle:/home/johannes/ros2_humble/install/ros2service:/home/johannes/ros2_humble/install/ros2run:/home/johannes/ros2_humble/install/ros2launch:/home/johannes/ros2_humble/install/ros2pkg:/home/johannes/ros2_humble/install/ros2node:/home/johannes/ros2_humble/install/ros2multicast:/home/johannes/ros2_humble/install/ros2interface:/home/johannes/ros2_humble/install/ros2doctor:/home/johannes/ros2_humble/install/ros2action:/home/johannes/ros2_humble/install/ros2cli:/home/johannes/ros2_humble/install/quality_of_service_demo_py:/home/johannes/ros2_humble/install/lifecycle_py:/home/johannes/ros2_humble/install/launch_testing_ros:/home/johannes/ros2_humble/install/launch_ros:/home/johannes/ros2_humble/install/examples_rclpy_pointcloud_publisher:/home/johannes/ros2_humble/install/examples_rclpy_minimal_subscriber:/home/johannes/ros2_humble/install/examples_rclpy_minimal_service:/home/johannes/ros2_humble/install/examples_rclpy_minimal_publisher:/home/johannes/ros2_humble/install/examples_rclpy_minimal_client:/home/johannes/ros2_humble/install/examples_rclpy_minimal_action_server:/home/johannes/ros2_humble/install/examples_rclpy_minimal_action_client:/home/johannes/ros2_humble/install/examples_rclpy_guard_conditions:/home/johannes/ros2_humble/install/examples_rclpy_executors:/home/johannes/ros2_humble/install/demo_nodes_py:/home/johannes/ros2_humble/install/action_tutorials_py:/home/johannes/ros2_humble/install/ament_uncrustify:/home/johannes/ros2_humble/install/tracetools_trace:/home/johannes/ros2_humble/install/tracetools_read:/home/johannes/ros2_humble/install/test_tracetools_launch:/home/johannes/ros2_humble/install/test_launch_ros:/home/johannes/ros2_humble/install/sensor_msgs_py:/home/johannes/ros2_humble/install/rpyutils:/home/johannes/ros2_humble/install/rosidl_runtime_py:/home/johannes/ros2_humble/install/rosidl_cli:/home/johannes/ros2_humble/install/launch_pytest:/home/johannes/ros2_humble/install/launch_testing:/home/johannes/ros2_humble/install/launch_yaml:/home/johannes/ros2_humble/install/launch_xml:/home/johannes/ros2_humble/install/launch:/home/johannes/ros2_humble/install/osrf_pycommon:/home/johannes/ros2_humble/install/launch_testing_examples:/home/johannes/ros2_humble/install/domain_coordinator:/home/johannes/ros2_humble/install/ament_xmllint:/home/johannes/ros2_humble/install/ament_pyflakes:/home/johannes/ros2_humble/install/ament_pycodestyle:/home/johannes/ros2_humble/install/ament_pep257:/home/johannes/ros2_humble/install/ament_pclint:/home/johannes/ros2_humble/install/ament_package:/home/johannes/ros2_humble/install/ament_mypy:/home/johannes/ros2_humble/install/ament_lint_cmake:/home/johannes/ros2_humble/install/ament_flake8:/home/johannes/ros2_humble/install/ament_copyright:/home/johannes/ros2_humble/install/ament_lint:/home/johannes/ros2_humble/install/ament_index_python:/home/johannes/ros2_humble/install/ament_cpplint:/home/johannes/ros2_humble/install/ament_cppcheck:/home/johannes/ros2_humble/install/ament_clang_tidy:/home/johannes/ros2_humble/install/ament_clang_format:/home/johannes/PUM-04/AIDA/ros2_humble_ws/install/lidar:/home/johannes/PUM-04/AIDA/ros2_humble_ws/install/audio:/home/johannes/PUM-04/AIDA/ros2_humble_ws/install/aida_api:/opt/ros/humble /usr/bin/cmake /home/johannes/PUM-04/AIDA/ros2_humble_ws/src/audio_data -DCMAKE_INSTALL_PREFIX=/home/johannes/PUM-04/install/audio_data
[10.304s] Invoking command in '/home/johannes/PUM-04/build/audio_data': CMAKE_PREFIX_PATH=${CMAKE_PREFIX_PATH}:/home/johannes/ros2_humble/install/rqt_bag_plugins:/home/johannes/ros2_humble/install/rqt_bag:/home/johannes/ros2_humble/install/ros2bag:/home/johannes/ros2_humble/install/tracetools_test:/home/johannes/ros2_humble/install/tracetools_launch:/home/johannes/ros2_humble/install/topic_monitor:/home/johannes/ros2_humble/install/tf2_tools:/home/johannes/ros2_humble/install/examples_tf2_py:/home/johannes/ros2_humble/install/tf2_ros_py:/home/johannes/ros2_humble/install/sros2:/home/johannes/ros2_humble/install/rqt_topic:/home/johannes/ros2_humble/install/rqt_srv:/home/johannes/ros2_humble/install/rqt_shell:/home/johannes/ros2_humble/install/rqt_service_caller:/home/johannes/ros2_humble/install/rqt_reconfigure:/home/johannes/ros2_humble/install/rqt_py_console:/home/johannes/ros2_humble/install/rqt_publisher:/home/johannes/ros2_humble/install/rqt_plot:/home/johannes/ros2_humble/install/rqt_action:/home/johannes/ros2_humble/install/rqt_msg:/home/johannes/ros2_humble/install/rqt_console:/home/johannes/ros2_humble/install/rqt:/home/johannes/ros2_humble/install/rqt_graph:/home/johannes/ros2_humble/install/rqt_gui_py:/home/johannes/ros2_humble/install/rqt_gui:/home/johannes/ros2_humble/install/ros2trace:/home/johannes/ros2_humble/install/ros2topic:/home/johannes/ros2_humble/install/ros2test:/home/johannes/ros2_humble/install/ros2component:/home/johannes/ros2_humble/install/ros2param:/home/johannes/ros2_humble/install/ros2lifecycle:/home/johannes/ros2_humble/install/ros2service:/home/johannes/ros2_humble/install/ros2run:/home/johannes/ros2_humble/install/ros2launch:/home/johannes/ros2_humble/install/ros2pkg:/home/johannes/ros2_humble/install/ros2node:/home/johannes/ros2_humble/install/ros2multicast:/home/johannes/ros2_humble/install/ros2interface:/home/johannes/ros2_humble/install/ros2doctor:/home/johannes/ros2_humble/install/ros2action:/home/johannes/ros2_humble/install/ros2cli:/home/johannes/ros2_humble/install/quality_of_service_demo_py:/home/johannes/ros2_humble/install/lifecycle_py:/home/johannes/ros2_humble/install/launch_testing_ros:/home/johannes/ros2_humble/install/launch_ros:/home/johannes/ros2_humble/install/examples_rclpy_pointcloud_publisher:/home/johannes/ros2_humble/install/examples_rclpy_minimal_subscriber:/home/johannes/ros2_humble/install/examples_rclpy_minimal_service:/home/johannes/ros2_humble/install/examples_rclpy_minimal_publisher:/home/johannes/ros2_humble/install/examples_rclpy_minimal_client:/home/johannes/ros2_humble/install/examples_rclpy_minimal_action_server:/home/johannes/ros2_humble/install/examples_rclpy_minimal_action_client:/home/johannes/ros2_humble/install/examples_rclpy_guard_conditions:/home/johannes/ros2_humble/install/examples_rclpy_executors:/home/johannes/ros2_humble/install/demo_nodes_py:/home/johannes/ros2_humble/install/action_tutorials_py:/home/johannes/ros2_humble/install/ament_uncrustify:/home/johannes/ros2_humble/install/tracetools_trace:/home/johannes/ros2_humble/install/tracetools_read:/home/johannes/ros2_humble/install/test_tracetools_launch:/home/johannes/ros2_humble/install/test_launch_ros:/home/johannes/ros2_humble/install/sensor_msgs_py:/home/johannes/ros2_humble/install/rpyutils:/home/johannes/ros2_humble/install/rosidl_runtime_py:/home/johannes/ros2_humble/install/rosidl_cli:/home/johannes/ros2_humble/install/launch_pytest:/home/johannes/ros2_humble/install/launch_testing:/home/johannes/ros2_humble/install/launch_yaml:/home/johannes/ros2_humble/install/launch_xml:/home/johannes/ros2_humble/install/launch:/home/johannes/ros2_humble/install/osrf_pycommon:/home/johannes/ros2_humble/install/launch_testing_examples:/home/johannes/ros2_humble/install/domain_coordinator:/home/johannes/ros2_humble/install/ament_xmllint:/home/johannes/ros2_humble/install/ament_pyflakes:/home/johannes/ros2_humble/install/ament_pycodestyle:/home/johannes/ros2_humble/install/ament_pep257:/home/johannes/ros2_humble/install/ament_pclint:/home/johannes/ros2_humble/install/ament_package:/home/johannes/ros2_humble/install/ament_mypy:/home/johannes/ros2_humble/install/ament_lint_cmake:/home/johannes/ros2_humble/install/ament_flake8:/home/johannes/ros2_humble/install/ament_copyright:/home/johannes/ros2_humble/install/ament_lint:/home/johannes/ros2_humble/install/ament_index_python:/home/johannes/ros2_humble/install/ament_cpplint:/home/johannes/ros2_humble/install/ament_cppcheck:/home/johannes/ros2_humble/install/ament_clang_tidy:/home/johannes/ros2_humble/install/ament_clang_format:/home/johannes/PUM-04/AIDA/ros2_humble_ws/install/lidar:/home/johannes/PUM-04/AIDA/ros2_humble_ws/install/audio:/home/johannes/PUM-04/AIDA/ros2_humble_ws/install/aida_api:/opt/ros/humble /usr/bin/cmake --build /home/johannes/PUM-04/build/audio_data -- -j2 -l2
[10.424s] [  3%] [34m[1mGenerating C code for ROS interfaces[0m
[10.455s] [  6%] [34m[1mGenerating C++ code for ROS interfaces[0m
[11.545s] [  9%] [32mBuilding C object CMakeFiles/audio_data__rosidl_generator_c.dir/rosidl_generator_c/audio_data/msg/detail/audio_data__functions.c.o[0m
[11.551s] [  9%] Built target audio_data__cpp
[11.652s] [ 12%] [32m[1mLinking C shared library libaudio_data__rosidl_generator_c.so[0m
[11.686s] [ 12%] Built target ament_cmake_python_copy_audio_data
[11.741s] [ 16%] [34m[1mGenerating C++ introspection for ROS interfaces[0m
[11.777s] [ 16%] Built target audio_data__rosidl_generator_c
[11.822s] [ 19%] [34m[1mGenerating C++ type support dispatch for ROS interfaces[0m
[12.629s] [ 22%] [32mBuilding CXX object CMakeFiles/audio_data__rosidl_typesupport_introspection_cpp.dir/rosidl_typesupport_introspection_cpp/audio_data/msg/detail/audio_data__type_support.cpp.o[0m
[12.780s] [ 25%] [32mBuilding CXX object CMakeFiles/audio_data__rosidl_typesupport_cpp.dir/rosidl_typesupport_cpp/audio_data/msg/audio_data__type_support.cpp.o[0m
[13.192s] [ 29%] [32m[1mLinking CXX shared library libaudio_data__rosidl_typesupport_introspection_cpp.so[0m
[13.238s] [ 32%] [32m[1mLinking CXX shared library libaudio_data__rosidl_typesupport_cpp.so[0m
[13.410s] [ 32%] Built target audio_data__rosidl_typesupport_cpp
[13.469s] [ 35%] [34m[1mGenerating C++ type support for eProsima Fast-RTPS[0m
[13.571s] [ 35%] Built target audio_data__rosidl_typesupport_introspection_cpp
[13.615s] [ 38%] [34m[1mGenerating C introspection for ROS interfaces[0m
[14.544s] [ 41%] [32mBuilding C object CMakeFiles/audio_data__rosidl_typesupport_introspection_c.dir/rosidl_typesupport_introspection_c/audio_data/msg/detail/audio_data__type_support.c.o[0m
[14.551s] [ 45%] [32mBuilding CXX object CMakeFiles/audio_data__rosidl_typesupport_fastrtps_cpp.dir/rosidl_typesupport_fastrtps_cpp/audio_data/msg/detail/dds_fastrtps/audio_data__type_support.cpp.o[0m
[14.627s] [ 48%] [32m[1mLinking C shared library libaudio_data__rosidl_typesupport_introspection_c.so[0m
[14.716s] [ 48%] Built target audio_data__rosidl_typesupport_introspection_c
[14.761s] [ 51%] [34m[1mGenerating C type support dispatch for ROS interfaces[0m
[15.292s] [ 54%] [32m[1mLinking CXX shared library libaudio_data__rosidl_typesupport_fastrtps_cpp.so[0m
[15.517s] [ 54%] Built target audio_data__rosidl_typesupport_fastrtps_cpp
[15.597s] [ 58%] [34m[1mGenerating C type support for eProsima Fast-RTPS[0m
[15.609s] [ 61%] [32mBuilding CXX object CMakeFiles/audio_data__rosidl_typesupport_c.dir/rosidl_typesupport_c/audio_data/msg/audio_data__type_support.cpp.o[0m
[15.674s] [ 64%] [32m[1mLinking CXX shared library libaudio_data__rosidl_typesupport_c.so[0m
[15.774s] [ 64%] Built target audio_data__rosidl_typesupport_c
[16.532s] [ 67%] [32mBuilding CXX object CMakeFiles/audio_data__rosidl_typesupport_fastrtps_c.dir/rosidl_typesupport_fastrtps_c/audio_data/msg/detail/audio_data__type_support_c.cpp.o[0m
[16.873s] running egg_info
[16.876s] creating audio_data.egg-info
[16.947s] writing audio_data.egg-info/PKG-INFO
[16.947s] writing dependency_links to audio_data.egg-info/dependency_links.txt
[16.948s] writing top-level names to audio_data.egg-info/top_level.txt
[16.948s] writing manifest file 'audio_data.egg-info/SOURCES.txt'
[17.166s] reading manifest file 'audio_data.egg-info/SOURCES.txt'
[17.167s] writing manifest file 'audio_data.egg-info/SOURCES.txt'
[17.214s] [ 70%] [32m[1mLinking CXX shared library libaudio_data__rosidl_typesupport_fastrtps_c.so[0m
[17.320s] [ 70%] Built target ament_cmake_python_build_audio_data_egg
[17.371s] [ 70%] Built target audio_data__rosidl_typesupport_fastrtps_c
[17.445s] [ 70%] Built target audio_data
[17.513s] [ 74%] [34m[1mGenerating Python code for ROS interfaces[0m
[18.274s] [ 74%] Built target audio_data__py
[18.329s] [ 77%] [32mBuilding C object CMakeFiles/audio_data__rosidl_generator_py.dir/rosidl_generator_py/audio_data/msg/_audio_data_s.c.o[0m
[18.467s] [ 80%] [32m[1mLinking C shared library rosidl_generator_py/audio_data/libaudio_data__rosidl_generator_py.so[0m
[18.553s] [ 80%] Built target audio_data__rosidl_generator_py
[18.653s] [ 83%] [32mBuilding C object CMakeFiles/audio_data__rosidl_typesupport_introspection_c__pyext.dir/rosidl_generator_py/audio_data/_audio_data_s.ep.rosidl_typesupport_introspection_c.c.o[0m
[18.679s] [ 87%] [32mBuilding C object CMakeFiles/audio_data__rosidl_typesupport_fastrtps_c__pyext.dir/rosidl_generator_py/audio_data/_audio_data_s.ep.rosidl_typesupport_fastrtps_c.c.o[0m
[18.864s] [ 90%] [32m[1mLinking C shared library rosidl_generator_py/audio_data/audio_data_s__rosidl_typesupport_fastrtps_c.cpython-310-x86_64-linux-gnu.so[0m
[18.884s] [ 93%] [32m[1mLinking C shared library rosidl_generator_py/audio_data/audio_data_s__rosidl_typesupport_introspection_c.cpython-310-x86_64-linux-gnu.so[0m
[18.965s] [ 93%] Built target audio_data__rosidl_typesupport_fastrtps_c__pyext
[19.034s] [ 93%] Built target audio_data__rosidl_typesupport_introspection_c__pyext
[19.052s] [ 96%] [32mBuilding C object CMakeFiles/audio_data__rosidl_typesupport_c__pyext.dir/rosidl_generator_py/audio_data/_audio_data_s.ep.rosidl_typesupport_c.c.o[0m
[19.190s] [100%] [32m[1mLinking C shared library rosidl_generator_py/audio_data/audio_data_s__rosidl_typesupport_c.cpython-310-x86_64-linux-gnu.so[0m
[19.315s] [100%] Built target audio_data__rosidl_typesupport_c__pyext
[19.338s] Invoked command in '/home/johannes/PUM-04/build/audio_data' returned '0': CMAKE_PREFIX_PATH=${CMAKE_PREFIX_PATH}:/home/johannes/ros2_humble/install/rqt_bag_plugins:/home/johannes/ros2_humble/install/rqt_bag:/home/johannes/ros2_humble/install/ros2bag:/home/johannes/ros2_humble/install/tracetools_test:/home/johannes/ros2_humble/install/tracetools_launch:/home/johannes/ros2_humble/install/topic_monitor:/home/johannes/ros2_humble/install/tf2_tools:/home/johannes/ros2_humble/install/examples_tf2_py:/home/johannes/ros2_humble/install/tf2_ros_py:/home/johannes/ros2_humble/install/sros2:/home/johannes/ros2_humble/install/rqt_topic:/home/johannes/ros2_humble/install/rqt_srv:/home/johannes/ros2_humble/install/rqt_shell:/home/johannes/ros2_humble/install/rqt_service_caller:/home/johannes/ros2_humble/install/rqt_reconfigure:/home/johannes/ros2_humble/install/rqt_py_console:/home/johannes/ros2_humble/install/rqt_publisher:/home/johannes/ros2_humble/install/rqt_plot:/home/johannes/ros2_humble/install/rqt_action:/home/johannes/ros2_humble/install/rqt_msg:/home/johannes/ros2_humble/install/rqt_console:/home/johannes/ros2_humble/install/rqt:/home/johannes/ros2_humble/install/rqt_graph:/home/johannes/ros2_humble/install/rqt_gui_py:/home/johannes/ros2_humble/install/rqt_gui:/home/johannes/ros2_humble/install/ros2trace:/home/johannes/ros2_humble/install/ros2topic:/home/johannes/ros2_humble/install/ros2test:/home/johannes/ros2_humble/install/ros2component:/home/johannes/ros2_humble/install/ros2param:/home/johannes/ros2_humble/install/ros2lifecycle:/home/johannes/ros2_humble/install/ros2service:/home/johannes/ros2_humble/install/ros2run:/home/johannes/ros2_humble/install/ros2launch:/home/johannes/ros2_humble/install/ros2pkg:/home/johannes/ros2_humble/install/ros2node:/home/johannes/ros2_humble/install/ros2multicast:/home/johannes/ros2_humble/install/ros2interface:/home/johannes/ros2_humble/install/ros2doctor:/home/johannes/ros2_humble/install/ros2action:/home/johannes/ros2_humble/install/ros2cli:/home/johannes/ros2_humble/install/quality_of_service_demo_py:/home/johannes/ros2_humble/install/lifecycle_py:/home/johannes/ros2_humble/install/launch_testing_ros:/home/johannes/ros2_humble/install/launch_ros:/home/johannes/ros2_humble/install/examples_rclpy_pointcloud_publisher:/home/johannes/ros2_humble/install/examples_rclpy_minimal_subscriber:/home/johannes/ros2_humble/install/examples_rclpy_minimal_service:/home/johannes/ros2_humble/install/examples_rclpy_minimal_publisher:/home/johannes/ros2_humble/install/examples_rclpy_minimal_client:/home/johannes/ros2_humble/install/examples_rclpy_minimal_action_server:/home/johannes/ros2_humble/install/examples_rclpy_minimal_action_client:/home/johannes/ros2_humble/install/examples_rclpy_guard_conditions:/home/johannes/ros2_humble/install/examples_rclpy_executors:/home/johannes/ros2_humble/install/demo_nodes_py:/home/johannes/ros2_humble/install/action_tutorials_py:/home/johannes/ros2_humble/install/ament_uncrustify:/home/johannes/ros2_humble/install/tracetools_trace:/home/johannes/ros2_humble/install/tracetools_read:/home/johannes/ros2_humble/install/test_tracetools_launch:/home/johannes/ros2_humble/install/test_launch_ros:/home/johannes/ros2_humble/install/sensor_msgs_py:/home/johannes/ros2_humble/install/rpyutils:/home/johannes/ros2_humble/install/rosidl_runtime_py:/home/johannes/ros2_humble/install/rosidl_cli:/home/johannes/ros2_humble/install/launch_pytest:/home/johannes/ros2_humble/install/launch_testing:/home/johannes/ros2_humble/install/launch_yaml:/home/johannes/ros2_humble/install/launch_xml:/home/johannes/ros2_humble/install/launch:/home/johannes/ros2_humble/install/osrf_pycommon:/home/johannes/ros2_humble/install/launch_testing_examples:/home/johannes/ros2_humble/install/domain_coordinator:/home/johannes/ros2_humble/install/ament_xmllint:/home/johannes/ros2_humble/install/ament_pyflakes:/home/johannes/ros2_humble/install/ament_pycodestyle:/home/johannes/ros2_humble/install/ament_pep257:/home/johannes/ros2_humble/install/ament_pclint:/home/johannes/ros2_humble/install/ament_package:/home/johannes/ros2_humble/install/ament_mypy:/home/johannes/ros2_humble/install/ament_lint_cmake:/home/johannes/ros2_humble/install/ament_flake8:/home/johannes/ros2_humble/install/ament_copyright:/home/johannes/ros2_humble/install/ament_lint:/home/johannes/ros2_humble/install/ament_index_python:/home/johannes/ros2_humble/install/ament_cpplint:/home/johannes/ros2_humble/install/ament_cppcheck:/home/johannes/ros2_humble/install/ament_clang_tidy:/home/johannes/ros2_humble/install/ament_clang_format:/home/johannes/PUM-04/AIDA/ros2_humble_ws/install/lidar:/home/johannes/PUM-04/AIDA/ros2_humble_ws/install/audio:/home/johannes/PUM-04/AIDA/ros2_humble_ws/install/aida_api:/opt/ros/humble /usr/bin/cmake --build /home/johannes/PUM-04/build/audio_data -- -j2 -l2
[19.564s] Invoking command in '/home/johannes/PUM-04/build/audio_data': CMAKE_PREFIX_PATH=${CMAKE_PREFIX_PATH}:/home/johannes/ros2_humble/install/rqt_bag_plugins:/home/johannes/ros2_humble/install/rqt_bag:/home/johannes/ros2_humble/install/ros2bag:/home/johannes/ros2_humble/install/tracetools_test:/home/johannes/ros2_humble/install/tracetools_launch:/home/johannes/ros2_humble/install/topic_monitor:/home/johannes/ros2_humble/install/tf2_tools:/home/johannes/ros2_humble/install/examples_tf2_py:/home/johannes/ros2_humble/install/tf2_ros_py:/home/johannes/ros2_humble/install/sros2:/home/johannes/ros2_humble/install/rqt_topic:/home/johannes/ros2_humble/install/rqt_srv:/home/johannes/ros2_humble/install/rqt_shell:/home/johannes/ros2_humble/install/rqt_service_caller:/home/johannes/ros2_humble/install/rqt_reconfigure:/home/johannes/ros2_humble/install/rqt_py_console:/home/johannes/ros2_humble/install/rqt_publisher:/home/johannes/ros2_humble/install/rqt_plot:/home/johannes/ros2_humble/install/rqt_action:/home/johannes/ros2_humble/install/rqt_msg:/home/johannes/ros2_humble/install/rqt_console:/home/johannes/ros2_humble/install/rqt:/home/johannes/ros2_humble/install/rqt_graph:/home/johannes/ros2_humble/install/rqt_gui_py:/home/johannes/ros2_humble/install/rqt_gui:/home/johannes/ros2_humble/install/ros2trace:/home/johannes/ros2_humble/install/ros2topic:/home/johannes/ros2_humble/install/ros2test:/home/johannes/ros2_humble/install/ros2component:/home/johannes/ros2_humble/install/ros2param:/home/johannes/ros2_humble/install/ros2lifecycle:/home/johannes/ros2_humble/install/ros2service:/home/johannes/ros2_humble/install/ros2run:/home/johannes/ros2_humble/install/ros2launch:/home/johannes/ros2_humble/install/ros2pkg:/home/johannes/ros2_humble/install/ros2node:/home/johannes/ros2_humble/install/ros2multicast:/home/johannes/ros2_humble/install/ros2interface:/home/johannes/ros2_humble/install/ros2doctor:/home/johannes/ros2_humble/install/ros2action:/home/johannes/ros2_humble/install/ros2cli:/home/johannes/ros2_humble/install/quality_of_service_demo_py:/home/johannes/ros2_humble/install/lifecycle_py:/home/johannes/ros2_humble/install/launch_testing_ros:/home/johannes/ros2_humble/install/launch_ros:/home/johannes/ros2_humble/install/examples_rclpy_pointcloud_publisher:/home/johannes/ros2_humble/install/examples_rclpy_minimal_subscriber:/home/johannes/ros2_humble/install/examples_rclpy_minimal_service:/home/johannes/ros2_humble/install/examples_rclpy_minimal_publisher:/home/johannes/ros2_humble/install/examples_rclpy_minimal_client:/home/johannes/ros2_humble/install/examples_rclpy_minimal_action_server:/home/johannes/ros2_humble/install/examples_rclpy_minimal_action_client:/home/johannes/ros2_humble/install/examples_rclpy_guard_conditions:/home/johannes/ros2_humble/install/examples_rclpy_executors:/home/johannes/ros2_humble/install/demo_nodes_py:/home/johannes/ros2_humble/install/action_tutorials_py:/home/johannes/ros2_humble/install/ament_uncrustify:/home/johannes/ros2_humble/install/tracetools_trace:/home/johannes/ros2_humble/install/tracetools_read:/home/johannes/ros2_humble/install/test_tracetools_launch:/home/johannes/ros2_humble/install/test_launch_ros:/home/johannes/ros2_humble/install/sensor_msgs_py:/home/johannes/ros2_humble/install/rpyutils:/home/johannes/ros2_humble/install/rosidl_runtime_py:/home/johannes/ros2_humble/install/rosidl_cli:/home/johannes/ros2_humble/install/launch_pytest:/home/johannes/ros2_humble/install/launch_testing:/home/johannes/ros2_humble/install/launch_yaml:/home/johannes/ros2_humble/install/launch_xml:/home/johannes/ros2_humble/install/launch:/home/johannes/ros2_humble/install/osrf_pycommon:/home/johannes/ros2_humble/install/launch_testing_examples:/home/johannes/ros2_humble/install/domain_coordinator:/home/johannes/ros2_humble/install/ament_xmllint:/home/johannes/ros2_humble/install/ament_pyflakes:/home/johannes/ros2_humble/install/ament_pycodestyle:/home/johannes/ros2_humble/install/ament_pep257:/home/johannes/ros2_humble/install/ament_pclint:/home/johannes/ros2_humble/install/ament_package:/home/johannes/ros2_humble/install/ament_mypy:/home/johannes/ros2_humble/install/ament_lint_cmake:/home/johannes/ros2_humble/install/ament_flake8:/home/johannes/ros2_humble/install/ament_copyright:/home/johannes/ros2_humble/install/ament_lint:/home/johannes/ros2_humble/install/ament_index_python:/home/johannes/ros2_humble/install/ament_cpplint:/home/johannes/ros2_humble/install/ament_cppcheck:/home/johannes/ros2_humble/install/ament_clang_tidy:/home/johannes/ros2_humble/install/ament_clang_format:/home/johannes/PUM-04/AIDA/ros2_humble_ws/install/lidar:/home/johannes/PUM-04/AIDA/ros2_humble_ws/install/audio:/home/johannes/PUM-04/AIDA/ros2_humble_ws/install/aida_api:/opt/ros/humble /usr/bin/cmake --install /home/johannes/PUM-04/build/audio_data
[19.583s] -- Install configuration: ""
[19.584s] -- Installing: /home/johannes/PUM-04/install/audio_data/share/ament_index/resource_index/rosidl_interfaces/audio_data
[19.584s] -- Installing: /home/johannes/PUM-04/install/audio_data/include/audio_data/audio_data
[19.584s] -- Installing: /home/johannes/PUM-04/install/audio_data/include/audio_data/audio_data/msg
[19.584s] -- Installing: /home/johannes/PUM-04/install/audio_data/include/audio_data/audio_data/msg/rosidl_generator_c__visibility_control.h
[19.585s] -- Installing: /home/johannes/PUM-04/install/audio_data/include/audio_data/audio_data/msg/detail
[19.585s] -- Installing: /home/johannes/PUM-04/install/audio_data/include/audio_data/audio_data/msg/detail/audio_data__functions.h
[19.585s] -- Installing: /home/johannes/PUM-04/install/audio_data/include/audio_data/audio_data/msg/detail/audio_data__type_support.h
[19.585s] -- Installing: /home/johannes/PUM-04/install/audio_data/include/audio_data/audio_data/msg/detail/audio_data__struct.h
[19.585s] -- Installing: /home/johannes/PUM-04/install/audio_data/include/audio_data/audio_data/msg/detail/audio_data__functions.c
[19.585s] -- Installing: /home/johannes/PUM-04/install/audio_data/include/audio_data/audio_data/msg/audio_data.h
[19.586s] -- Installing: /home/johannes/PUM-04/install/audio_data/share/audio_data/environment/library_path.sh
[19.586s] -- Installing: /home/johannes/PUM-04/install/audio_data/share/audio_data/environment/library_path.dsv
[19.587s] -- Installing: /home/johannes/PUM-04/install/audio_data/lib/libaudio_data__rosidl_generator_c.so
[19.587s] -- Set runtime path of "/home/johannes/PUM-04/install/audio_data/lib/libaudio_data__rosidl_generator_c.so" to ""
[19.587s] -- Up-to-date: /home/johannes/PUM-04/install/audio_data/include/audio_data/audio_data
[19.587s] -- Up-to-date: /home/johannes/PUM-04/install/audio_data/include/audio_data/audio_data/msg
[19.587s] -- Up-to-date: /home/johannes/PUM-04/install/audio_data/include/audio_data/audio_data/msg/detail
[19.588s] -- Installing: /home/johannes/PUM-04/install/audio_data/include/audio_data/audio_data/msg/detail/audio_data__rosidl_typesupport_fastrtps_c.h
[19.588s] -- Installing: /home/johannes/PUM-04/install/audio_data/include/audio_data/audio_data/msg/rosidl_typesupport_fastrtps_c__visibility_control.h
[19.588s] -- Installing: /home/johannes/PUM-04/install/audio_data/lib/libaudio_data__rosidl_typesupport_fastrtps_c.so
[19.588s] -- Set runtime path of "/home/johannes/PUM-04/install/audio_data/lib/libaudio_data__rosidl_typesupport_fastrtps_c.so" to ""
[19.589s] -- Up-to-date: /home/johannes/PUM-04/install/audio_data/include/audio_data/audio_data
[19.589s] -- Up-to-date: /home/johannes/PUM-04/install/audio_data/include/audio_data/audio_data/msg
[19.589s] -- Installing: /home/johannes/PUM-04/install/audio_data/include/audio_data/audio_data/msg/audio_data.hpp
[19.589s] -- Up-to-date: /home/johannes/PUM-04/install/audio_data/include/audio_data/audio_data/msg/detail
[19.589s] -- Installing: /home/johannes/PUM-04/install/audio_data/include/audio_data/audio_data/msg/detail/audio_data__builder.hpp
[19.589s] -- Installing: /home/johannes/PUM-04/install/audio_data/include/audio_data/audio_data/msg/detail/audio_data__traits.hpp
[19.590s] -- Installing: /home/johannes/PUM-04/install/audio_data/include/audio_data/audio_data/msg/detail/audio_data__struct.hpp
[19.590s] -- Up-to-date: /home/johannes/PUM-04/install/audio_data/include/audio_data/audio_data
[19.590s] -- Up-to-date: /home/johannes/PUM-04/install/audio_data/include/audio_data/audio_data/msg
[19.590s] -- Installing: /home/johannes/PUM-04/install/audio_data/include/audio_data/audio_data/msg/rosidl_typesupport_fastrtps_cpp__visibility_control.h
[19.591s] -- Up-to-date: /home/johannes/PUM-04/install/audio_data/include/audio_data/audio_data/msg/detail
[19.591s] -- Installing: /home/johannes/PUM-04/install/audio_data/include/audio_data/audio_data/msg/detail/audio_data__rosidl_typesupport_fastrtps_cpp.hpp
[19.591s] -- Installing: /home/johannes/PUM-04/install/audio_data/include/audio_data/audio_data/msg/detail/dds_fastrtps
[19.591s] -- Installing: /home/johannes/PUM-04/install/audio_data/lib/libaudio_data__rosidl_typesupport_fastrtps_cpp.so
[19.592s] -- Set runtime path of "/home/johannes/PUM-04/install/audio_data/lib/libaudio_data__rosidl_typesupport_fastrtps_cpp.so" to ""
[19.592s] -- Up-to-date: /home/johannes/PUM-04/install/audio_data/include/audio_data/audio_data
[19.592s] -- Up-to-date: /home/johannes/PUM-04/install/audio_data/include/audio_data/audio_data/msg
[19.592s] -- Up-to-date: /home/johannes/PUM-04/install/audio_data/include/audio_data/audio_data/msg/detail
[19.592s] -- Installing: /home/johannes/PUM-04/install/audio_data/include/audio_data/audio_data/msg/detail/audio_data__type_support.c
[19.592s] -- Installing: /home/johannes/PUM-04/install/audio_data/include/audio_data/audio_data/msg/detail/audio_data__rosidl_typesupport_introspection_c.h
[19.593s] -- Installing: /home/johannes/PUM-04/install/audio_data/include/audio_data/audio_data/msg/rosidl_typesupport_introspection_c__visibility_control.h
[19.593s] -- Installing: /home/johannes/PUM-04/install/audio_data/lib/libaudio_data__rosidl_typesupport_introspection_c.so
[19.593s] -- Set runtime path of "/home/johannes/PUM-04/install/audio_data/lib/libaudio_data__rosidl_typesupport_introspection_c.so" to ""
[19.593s] -- Installing: /home/johannes/PUM-04/install/audio_data/lib/libaudio_data__rosidl_typesupport_c.so
[19.594s] -- Set runtime path of "/home/johannes/PUM-04/install/audio_data/lib/libaudio_data__rosidl_typesupport_c.so" to ""
[19.594s] -- Up-to-date: /home/johannes/PUM-04/install/audio_data/include/audio_data/audio_data
[19.594s] -- Up-to-date: /home/johannes/PUM-04/install/audio_data/include/audio_data/audio_data/msg
[19.594s] -- Up-to-date: /home/johannes/PUM-04/install/audio_data/include/audio_data/audio_data/msg/detail
[19.596s] -- Installing: /home/johannes/PUM-04/install/audio_data/include/audio_data/audio_data/msg/detail/audio_data__rosidl_typesupport_introspection_cpp.hpp
[19.596s] -- Installing: /home/johannes/PUM-04/install/audio_data/include/audio_data/audio_data/msg/detail/audio_data__type_support.cpp
[19.597s] -- Installing: /home/johannes/PUM-04/install/audio_data/lib/libaudio_data__rosidl_typesupport_introspection_cpp.so
[19.597s] -- Set runtime path of "/home/johannes/PUM-04/install/audio_data/lib/libaudio_data__rosidl_typesupport_introspection_cpp.so" to ""
[19.597s] -- Installing: /home/johannes/PUM-04/install/audio_data/lib/libaudio_data__rosidl_typesupport_cpp.so
[19.597s] -- Set runtime path of "/home/johannes/PUM-04/install/audio_data/lib/libaudio_data__rosidl_typesupport_cpp.so" to ""
[19.598s] -- Installing: /home/johannes/PUM-04/install/audio_data/share/audio_data/environment/pythonpath.sh
[19.598s] -- Installing: /home/johannes/PUM-04/install/audio_data/share/audio_data/environment/pythonpath.dsv
[19.598s] -- Installing: /home/johannes/PUM-04/install/audio_data/local/lib/python3.10/dist-packages/audio_data-0.0.0-py3.10.egg-info
[19.599s] -- Installing: /home/johannes/PUM-04/install/audio_data/local/lib/python3.10/dist-packages/audio_data-0.0.0-py3.10.egg-info/SOURCES.txt
[19.599s] -- Installing: /home/johannes/PUM-04/install/audio_data/local/lib/python3.10/dist-packages/audio_data-0.0.0-py3.10.egg-info/PKG-INFO
[19.599s] -- Installing: /home/johannes/PUM-04/install/audio_data/local/lib/python3.10/dist-packages/audio_data-0.0.0-py3.10.egg-info/top_level.txt
[19.599s] -- Installing: /home/johannes/PUM-04/install/audio_data/local/lib/python3.10/dist-packages/audio_data-0.0.0-py3.10.egg-info/dependency_links.txt
[19.599s] -- Installing: /home/johannes/PUM-04/install/audio_data/local/lib/python3.10/dist-packages/audio_data
[19.599s] -- Installing: /home/johannes/PUM-04/install/audio_data/local/lib/python3.10/dist-packages/audio_data/_audio_data_s.ep.rosidl_typesupport_introspection_c.c
[19.600s] -- Installing: /home/johannes/PUM-04/install/audio_data/local/lib/python3.10/dist-packages/audio_data/audio_data_s__rosidl_typesupport_fastrtps_c.cpython-310-x86_64-linux-gnu.so
[19.600s] -- Installing: /home/johannes/PUM-04/install/audio_data/local/lib/python3.10/dist-packages/audio_data/_audio_data_s.ep.rosidl_typesupport_fastrtps_c.c
[19.601s] -- Installing: /home/johannes/PUM-04/install/audio_data/local/lib/python3.10/dist-packages/audio_data/msg
[19.601s] -- Installing: /home/johannes/PUM-04/install/audio_data/local/lib/python3.10/dist-packages/audio_data/msg/_audio_data.py
[19.601s] -- Installing: /home/johannes/PUM-04/install/audio_data/local/lib/python3.10/dist-packages/audio_data/msg/__init__.py
[19.601s] -- Installing: /home/johannes/PUM-04/install/audio_data/local/lib/python3.10/dist-packages/audio_data/msg/_audio_data_s.c
[19.601s] -- Installing: /home/johannes/PUM-04/install/audio_data/local/lib/python3.10/dist-packages/audio_data/audio_data_s__rosidl_typesupport_introspection_c.cpython-310-x86_64-linux-gnu.so
[19.601s] -- Installing: /home/johannes/PUM-04/install/audio_data/local/lib/python3.10/dist-packages/audio_data/__init__.py
[19.601s] -- Installing: /home/johannes/PUM-04/install/audio_data/local/lib/python3.10/dist-packages/audio_data/libaudio_data__rosidl_generator_py.so
[19.601s] -- Installing: /home/johannes/PUM-04/install/audio_data/local/lib/python3.10/dist-packages/audio_data/_audio_data_s.ep.rosidl_typesupport_c.c
[19.601s] -- Installing: /home/johannes/PUM-04/install/audio_data/local/lib/python3.10/dist-packages/audio_data/audio_data_s__rosidl_typesupport_c.cpython-310-x86_64-linux-gnu.so
[19.783s] Listing '/home/johannes/PUM-04/install/audio_data/local/lib/python3.10/dist-packages/audio_data'...
[19.783s] Compiling '/home/johannes/PUM-04/install/audio_data/local/lib/python3.10/dist-packages/audio_data/__init__.py'...
[19.783s] Listing '/home/johannes/PUM-04/install/audio_data/local/lib/python3.10/dist-packages/audio_data/msg'...
[19.783s] Compiling '/home/johannes/PUM-04/install/audio_data/local/lib/python3.10/dist-packages/audio_data/msg/__init__.py'...
[19.783s] Compiling '/home/johannes/PUM-04/install/audio_data/local/lib/python3.10/dist-packages/audio_data/msg/_audio_data.py'...
[19.790s] -- Installing: /home/johannes/PUM-04/install/audio_data/local/lib/python3.10/dist-packages/audio_data/audio_data_s__rosidl_typesupport_introspection_c.cpython-310-x86_64-linux-gnu.so
[19.791s] -- Set runtime path of "/home/johannes/PUM-04/install/audio_data/local/lib/python3.10/dist-packages/audio_data/audio_data_s__rosidl_typesupport_introspection_c.cpython-310-x86_64-linux-gnu.so" to ""
[19.791s] -- Installing: /home/johannes/PUM-04/install/audio_data/local/lib/python3.10/dist-packages/audio_data/audio_data_s__rosidl_typesupport_fastrtps_c.cpython-310-x86_64-linux-gnu.so
[19.791s] -- Set runtime path of "/home/johannes/PUM-04/install/audio_data/local/lib/python3.10/dist-packages/audio_data/audio_data_s__rosidl_typesupport_fastrtps_c.cpython-310-x86_64-linux-gnu.so" to ""
[19.792s] -- Installing: /home/johannes/PUM-04/install/audio_data/local/lib/python3.10/dist-packages/audio_data/audio_data_s__rosidl_typesupport_c.cpython-310-x86_64-linux-gnu.so
[19.792s] -- Set runtime path of "/home/johannes/PUM-04/install/audio_data/local/lib/python3.10/dist-packages/audio_data/audio_data_s__rosidl_typesupport_c.cpython-310-x86_64-linux-gnu.so" to ""
[19.793s] -- Installing: /home/johannes/PUM-04/install/audio_data/lib/libaudio_data__rosidl_generator_py.so
[19.793s] -- Set runtime path of "/home/johannes/PUM-04/install/audio_data/lib/libaudio_data__rosidl_generator_py.so" to ""
[19.793s] -- Installing: /home/johannes/PUM-04/install/audio_data/share/audio_data/msg/AudioData.idl
[19.793s] -- Installing: /home/johannes/PUM-04/install/audio_data/share/audio_data/msg/AudioData.msg
[19.794s] -- Installing: /home/johannes/PUM-04/install/audio_data/share/ament_index/resource_index/package_run_dependencies/audio_data
[19.794s] -- Installing: /home/johannes/PUM-04/install/audio_data/share/ament_index/resource_index/parent_prefix_path/audio_data
[19.796s] -- Installing: /home/johannes/PUM-04/install/audio_data/share/audio_data/environment/ament_prefix_path.sh
[19.796s] -- Installing: /home/johannes/PUM-04/install/audio_data/share/audio_data/environment/ament_prefix_path.dsv
[19.796s] -- Installing: /home/johannes/PUM-04/install/audio_data/share/audio_data/environment/path.sh
[19.797s] -- Installing: /home/johannes/PUM-04/install/audio_data/share/audio_data/environment/path.dsv
[19.797s] -- Installing: /home/johannes/PUM-04/install/audio_data/share/audio_data/local_setup.bash
[19.797s] -- Installing: /home/johannes/PUM-04/install/audio_data/share/audio_data/local_setup.sh
[19.797s] -- Installing: /home/johannes/PUM-04/install/audio_data/share/audio_data/local_setup.zsh
[19.798s] -- Installing: /home/johannes/PUM-04/install/audio_data/share/audio_data/local_setup.dsv
[19.798s] -- Installing: /home/johannes/PUM-04/install/audio_data/share/audio_data/package.dsv
[19.798s] -- Installing: /home/johannes/PUM-04/install/audio_data/share/ament_index/resource_index/packages/audio_data
[19.799s] -- Installing: /home/johannes/PUM-04/install/audio_data/share/audio_data/cmake/export_audio_data__rosidl_generator_cExport.cmake
[19.799s] -- Installing: /home/johannes/PUM-04/install/audio_data/share/audio_data/cmake/export_audio_data__rosidl_generator_cExport-noconfig.cmake
[19.799s] -- Installing: /home/johannes/PUM-04/install/audio_data/share/audio_data/cmake/export_audio_data__rosidl_typesupport_fastrtps_cExport.cmake
[19.799s] -- Installing: /home/johannes/PUM-04/install/audio_data/share/audio_data/cmake/export_audio_data__rosidl_typesupport_fastrtps_cExport-noconfig.cmake
[19.800s] -- Installing: /home/johannes/PUM-04/install/audio_data/share/audio_data/cmake/export_audio_data__rosidl_generator_cppExport.cmake
[19.800s] -- Installing: /home/johannes/PUM-04/install/audio_data/share/audio_data/cmake/export_audio_data__rosidl_typesupport_fastrtps_cppExport.cmake
[19.800s] -- Installing: /home/johannes/PUM-04/install/audio_data/share/audio_data/cmake/export_audio_data__rosidl_typesupport_fastrtps_cppExport-noconfig.cmake
[19.800s] -- Installing: /home/johannes/PUM-04/install/audio_data/share/audio_data/cmake/audio_data__rosidl_typesupport_introspection_cExport.cmake
[19.801s] -- Installing: /home/johannes/PUM-04/install/audio_data/share/audio_data/cmake/audio_data__rosidl_typesupport_introspection_cExport-noconfig.cmake
[19.801s] -- Installing: /home/johannes/PUM-04/install/audio_data/share/audio_data/cmake/audio_data__rosidl_typesupport_cExport.cmake
[19.801s] -- Installing: /home/johannes/PUM-04/install/audio_data/share/audio_data/cmake/audio_data__rosidl_typesupport_cExport-noconfig.cmake
[19.801s] -- Installing: /home/johannes/PUM-04/install/audio_data/share/audio_data/cmake/audio_data__rosidl_typesupport_introspection_cppExport.cmake
[19.801s] -- Installing: /home/johannes/PUM-04/install/audio_data/share/audio_data/cmake/audio_data__rosidl_typesupport_introspection_cppExport-noconfig.cmake
[19.802s] -- Installing: /home/johannes/PUM-04/install/audio_data/share/audio_data/cmake/audio_data__rosidl_typesupport_cppExport.cmake
[19.802s] -- Installing: /home/johannes/PUM-04/install/audio_data/share/audio_data/cmake/audio_data__rosidl_typesupport_cppExport-noconfig.cmake
[19.802s] -- Installing: /home/johannes/PUM-04/install/audio_data/share/audio_data/cmake/export_audio_data__rosidl_generator_pyExport.cmake
[19.803s] -- Installing: /home/johannes/PUM-04/install/audio_data/share/audio_data/cmake/export_audio_data__rosidl_generator_pyExport-noconfig.cmake
[19.803s] -- Installing: /home/johannes/PUM-04/install/audio_data/share/audio_data/cmake/rosidl_cmake-extras.cmake
[19.803s] -- Installing: /home/johannes/PUM-04/install/audio_data/share/audio_data/cmake/ament_cmake_export_dependencies-extras.cmake
[19.803s] -- Installing: /home/johannes/PUM-04/install/audio_data/share/audio_data/cmake/ament_cmake_export_include_directories-extras.cmake
[19.803s] -- Installing: /home/johannes/PUM-04/install/audio_data/share/audio_data/cmake/ament_cmake_export_libraries-extras.cmake
[19.804s] -- Installing: /home/johannes/PUM-04/install/audio_data/share/audio_data/cmake/ament_cmake_export_targets-extras.cmake
[19.804s] -- Installing: /home/johannes/PUM-04/install/audio_data/share/audio_data/cmake/rosidl_cmake_export_typesupport_targets-extras.cmake
[19.804s] -- Installing: /home/johannes/PUM-04/install/audio_data/share/audio_data/cmake/rosidl_cmake_export_typesupport_libraries-extras.cmake
[19.804s] -- Installing: /home/johannes/PUM-04/install/audio_data/share/audio_data/cmake/audio_dataConfig.cmake
[19.804s] -- Installing: /home/johannes/PUM-04/install/audio_data/share/audio_data/cmake/audio_dataConfig-version.cmake
[19.805s] -- Installing: /home/johannes/PUM-04/install/audio_data/share/audio_data/package.xml
[19.807s] Invoked command in '/home/johannes/PUM-04/build/audio_data' returned '0': CMAKE_PREFIX_PATH=${CMAKE_PREFIX_PATH}:/home/johannes/ros2_humble/install/rqt_bag_plugins:/home/johannes/ros2_humble/install/rqt_bag:/home/johannes/ros2_humble/install/ros2bag:/home/johannes/ros2_humble/install/tracetools_test:/home/johannes/ros2_humble/install/tracetools_launch:/home/johannes/ros2_humble/install/topic_monitor:/home/johannes/ros2_humble/install/tf2_tools:/home/johannes/ros2_humble/install/examples_tf2_py:/home/johannes/ros2_humble/install/tf2_ros_py:/home/johannes/ros2_humble/install/sros2:/home/johannes/ros2_humble/install/rqt_topic:/home/johannes/ros2_humble/install/rqt_srv:/home/johannes/ros2_humble/install/rqt_shell:/home/johannes/ros2_humble/install/rqt_service_caller:/home/johannes/ros2_humble/install/rqt_reconfigure:/home/johannes/ros2_humble/install/rqt_py_console:/home/johannes/ros2_humble/install/rqt_publisher:/home/johannes/ros2_humble/install/rqt_plot:/home/johannes/ros2_humble/install/rqt_action:/home/johannes/ros2_humble/install/rqt_msg:/home/johannes/ros2_humble/install/rqt_console:/home/johannes/ros2_humble/install/rqt:/home/johannes/ros2_humble/install/rqt_graph:/home/johannes/ros2_humble/install/rqt_gui_py:/home/johannes/ros2_humble/install/rqt_gui:/home/johannes/ros2_humble/install/ros2trace:/home/johannes/ros2_humble/install/ros2topic:/home/johannes/ros2_humble/install/ros2test:/home/johannes/ros2_humble/install/ros2component:/home/johannes/ros2_humble/install/ros2param:/home/johannes/ros2_humble/install/ros2lifecycle:/home/johannes/ros2_humble/install/ros2service:/home/johannes/ros2_humble/install/ros2run:/home/johannes/ros2_humble/install/ros2launch:/home/johannes/ros2_humble/install/ros2pkg:/home/johannes/ros2_humble/install/ros2node:/home/johannes/ros2_humble/install/ros2multicast:/home/johannes/ros2_humble/install/ros2interface:/home/johannes/ros2_humble/install/ros2doctor:/home/johannes/ros2_humble/install/ros2action:/home/johannes/ros2_humble/install/ros2cli:/home/johannes/ros2_humble/install/quality_of_service_demo_py:/home/johannes/ros2_humble/install/lifecycle_py:/home/johannes/ros2_humble/install/launch_testing_ros:/home/johannes/ros2_humble/install/launch_ros:/home/johannes/ros2_humble/install/examples_rclpy_pointcloud_publisher:/home/johannes/ros2_humble/install/examples_rclpy_minimal_subscriber:/home/johannes/ros2_humble/install/examples_rclpy_minimal_service:/home/johannes/ros2_humble/install/examples_rclpy_minimal_publisher:/home/johannes/ros2_humble/install/examples_rclpy_minimal_client:/home/johannes/ros2_humble/install/examples_rclpy_minimal_action_server:/home/johannes/ros2_humble/install/examples_rclpy_minimal_action_client:/home/johannes/ros2_humble/install/examples_rclpy_guard_conditions:/home/johannes/ros2_humble/install/examples_rclpy_executors:/home/johannes/ros2_humble/install/demo_nodes_py:/home/johannes/ros2_humble/install/action_tutorials_py:/home/johannes/ros2_humble/install/ament_uncrustify:/home/johannes/ros2_humble/install/tracetools_trace:/home/johannes/ros2_humble/install/tracetools_read:/home/johannes/ros2_humble/install/test_tracetools_launch:/home/johannes/ros2_humble/install/test_launch_ros:/home/johannes/ros2_humble/install/sensor_msgs_py:/home/johannes/ros2_humble/install/rpyutils:/home/johannes/ros2_humble/install/rosidl_runtime_py:/home/johannes/ros2_humble/install/rosidl_cli:/home/johannes/ros2_humble/install/launch_pytest:/home/johannes/ros2_humble/install/launch_testing:/home/johannes/ros2_humble/install/launch_yaml:/home/johannes/ros2_humble/install/launch_xml:/home/johannes/ros2_humble/install/launch:/home/johannes/ros2_humble/install/osrf_pycommon:/home/johannes/ros2_humble/install/launch_testing_examples:/home/johannes/ros2_humble/install/domain_coordinator:/home/johannes/ros2_humble/install/ament_xmllint:/home/johannes/ros2_humble/install/ament_pyflakes:/home/johannes/ros2_humble/install/ament_pycodestyle:/home/johannes/ros2_humble/install/ament_pep257:/home/johannes/ros2_humble/install/ament_pclint:/home/johannes/ros2_humble/install/ament_package:/home/johannes/ros2_humble/install/ament_mypy:/home/johannes/ros2_humble/install/ament_lint_cmake:/home/johannes/ros2_humble/install/ament_flake8:/home/johannes/ros2_humble/install/ament_copyright:/home/johannes/ros2_humble/install/ament_lint:/home/johannes/ros2_humble/install/ament_index_python:/home/johannes/ros2_humble/install/ament_cpplint:/home/johannes/ros2_humble/install/ament_cppcheck:/home/johannes/ros2_humble/install/ament_clang_tidy:/home/johannes/ros2_humble/install/ament_clang_format:/home/johannes/PUM-04/AIDA/ros2_humble_ws/install/lidar:/home/johannes/PUM-04/AIDA/ros2_humble_ws/install/audio:/home/johannes/PUM-04/AIDA/ros2_humble_ws/install/aida_api:/opt/ros/humble /usr/bin/cmake --install /home/johannes/PUM-04/build/audio_data
